epoch	loss	acc	lr
1	0.9127628803253174	0.25	0.1
1	30.24288809299469	0.375	0.1
1	26.201987346013386	0.4166666666666667	0.1
1	27.385474503040314	0.4375	0.1
1	28.984925317764283	0.45	0.1
1	27.207323908805847	0.4583333333333333	0.1
1	26.901347194399154	0.4642857142857143	0.1
1	27.399030834436417	0.4375	0.1
1	24.46553448836009	0.4722222222222222	0.1
1	23.03654943704605	0.45	0.1
1	21.10994939370589	0.4318181818181818	0.1
1	19.413520395755768	0.4375	0.1
1	18.534521708121666	0.4423076923076923	0.1
1	17.36561950615474	0.4107142857142857	0.1
1	16.26625634431839	0.43333333333333335	0.1
1	15.311610270291567	0.4375	0.1
1	14.485304842976962	0.4264705882352941	0.1
1	13.715624988079071	0.4444444444444444	0.1
1	13.036409858026003	0.4473684210526316	0.1
1	12.779876926541329	0.45	0.1
1	12.315766553084055	0.4642857142857143	0.1
1	11.894016008485448	0.4659090909090909	0.1
1	11.408924748068271	0.4673913043478261	0.1
1	10.988617939253649	0.4583333333333333	0.1
1	10.684570343494416	0.46	0.1
1	10.371973892817131	0.46153846153846156	0.1
1	10.064599966561353	0.4537037037037037	0.1
1	9.738418892025948	0.44642857142857145	0.1
1	9.45439801750512	0.4396551724137931	0.1
1	9.17433046301206	0.44166666666666665	0.1
1	8.892710968371361	0.45161290322580644	0.1
1	8.672364031895995	0.453125	0.1
1	8.471197140939308	0.44696969696969696	0.1
1	8.256619812811122	0.4411764705882353	0.1
1	8.04921283040728	0.44285714285714284	0.1
1	7.841400800479783	0.4513888888888889	0.1
1	7.646253861285545	0.4594594594594595	0.1
1	7.470617190787666	0.4605263157894737	0.1
1	7.380138057928819	0.4551282051282051	0.1
1	7.210376520454884	0.4625	0.1
1	7.103255069837338	0.4573170731707317	0.1
1	6.97087780776478	0.4583333333333333	0.1
1	6.844924406949864	0.45348837209302323	0.1
1	6.7042989378625695	0.4602272727272727	0.1
1	6.630361448393928	0.45555555555555555	0.1
1	6.498110512028569	0.45652173913043476	0.1
1	6.374438507759825	0.4574468085106383	0.1
1	6.278872237851222	0.453125	0.1
1	6.208653032779694	0.4489795918367347	0.1
1	6.10174785733223	0.45	0.1
1	6.003265872889874	0.45098039215686275	0.1
1	5.901276884170679	0.4567307692307692	0.1
1	5.805747261587179	0.45754716981132076	0.1
1	5.732684406969282	0.46296296296296297	0.1
1	5.667269678549333	0.4681818181818182	0.1
1	5.609206563660076	0.46875	0.1
1	5.527562576427794	0.4692982456140351	0.1
1	5.452888716911447	0.46551724137931033	0.1
1	5.372942797208236	0.4703389830508475	0.1
1	5.306898248195648	0.4666666666666667	0.1
1	5.250001238994911	0.46311475409836067	0.1
1	5.181701825511071	0.4637096774193548	0.1
1	5.117515505306304	0.4642857142857143	0.1
1	5.052633473649621	0.46875	0.1
1	4.99175120317019	0.46923076923076923	0.1
1	4.93491720792019	0.4659090909090909	0.1
1	4.878321676111933	0.4626865671641791	0.1
1	4.821221550597864	0.4632352941176471	0.1
1	4.7624397856601774	0.463768115942029	0.1
1	4.717842380489622	0.4642857142857143	0.1
1	4.6720296253620734	0.4647887323943662	0.1
1	4.619853316909737	0.4652777777777778	0.1
1	4.570706131523603	0.4657534246575342	0.1
1	4.518886970507132	0.47297297297297297	0.1
1	4.4692959801356	0.4766666666666667	0.1
1	4.423443129972408	0.47368421052631576	0.1
1	4.381847054153294	0.4675324675324675	0.1
1	4.348442628597602	0.46474358974358976	0.1
1	4.305144635182392	0.4620253164556962	0.1
1	4.265364720672369	0.4625	0.1
1	4.223197012771795	0.4660493827160494	0.1
1	4.18524117295335	0.46646341463414637	0.1
1	4.150558879576534	0.463855421686747	0.1
1	4.1210516066778276	0.4583333333333333	0.1
1	4.085136194790111	0.46176470588235297	0.1
1	4.054093837738037	0.45930232558139533	0.1
1	4.02474394885973	0.45689655172413796	0.1
1	3.994958770546046	0.45454545454545453	0.1
1	3.958424198493529	0.45786516853932585	0.1
1	3.924359330866072	0.46111111111111114	0.1
1	3.901849254147037	0.45604395604395603	0.1
1	3.87254854388859	0.45652173913043476	0.1
1	3.8405415704173427	0.4543010752688172	0.1
1	3.8076573394714517	0.4574468085106383	0.1
1	3.775492103476273	0.4605263157894737	0.1
1	3.742872964590788	0.4635416666666667	0.1
1	3.728411955931752	0.46134020618556704	0.1
1	3.705216200984254	0.45918367346938777	0.1
1	3.6797721096963594	0.45707070707070707	0.1
1	3.6582988929748534	0.455	0.1
1	3.6354875092459196	0.452970297029703	0.1
1	3.6104601995617736	0.45588235294117646	0.1
1	3.5835756850474088	0.4587378640776699	0.1
1	3.5557160755762687	0.4639423076923077	0.1
1	3.53820261047	0.4595238095238095	0.1
1	3.512698375953818	0.46226415094339623	0.1
1	3.491229650016143	0.46261682242990654	0.1
1	3.467111117861889	0.46296296296296297	0.1
1	3.442757187086508	0.463302752293578	0.1
1	3.424320128289136	0.46136363636363636	0.1
1	3.4036985608908505	0.4594594594594595	0.1
1	3.381266999989748	0.45982142857142855	0.1
1	3.3608882590732745	0.4579646017699115	0.1
1	3.3365617817954014	0.46271929824561403	0.1
1	3.3128415537917095	0.4652173913043478	0.1
1	3.297369783808445	0.46551724137931033	0.1
1	3.2731193344817204	0.4700854700854701	0.1
1	3.2509512820486295	0.4724576271186441	0.1
1	3.241877241294925	0.4684873949579832	0.1
1	3.2273272415002188	0.4666666666666667	0.1
1	3.2121498702971403	0.46487603305785125	0.1
1	3.1912698994894497	0.4672131147540984	0.1
1	3.1736403815145415	0.4654471544715447	0.1
1	3.155700879231576	0.4657258064516129	0.1
1	3.1408802103996276	0.464	0.1
1	3.1229051450888314	0.4642857142857143	0.1
1	3.103423870923951	0.46653543307086615	0.1
1	3.0900489105843008	0.46484375	0.1
1	3.071371861206469	0.46705426356589147	0.1
1	3.05295963379053	0.46923076923076923	0.1
1	3.0345717923331805	0.4713740458015267	0.1
1	3.016261472394972	0.4734848484848485	0.1
1	3.0011391527670668	0.47368421052631576	0.1
1	2.9867345757448853	0.47388059701492535	0.1
1	2.975405772968575	0.4722222222222222	0.1
1	2.9682568368666313	0.4724264705882353	0.1
1	2.9511741974057943	0.4744525547445255	0.1
1	2.9372373517008796	0.47282608695652173	0.1
1	2.9208854496907843	0.4766187050359712	0.1
1	2.91321935909135	0.475	0.1
1	2.9015139222990536	0.475177304964539	0.1
1	2.8871475307034773	0.4753521126760563	0.1
1	2.8729326750015045	0.4772727272727273	0.1
1	2.86386432333125	0.4756944444444444	0.1
1	2.8521626571129106	0.47413793103448276	0.1
1	2.840252784833516	0.4743150684931507	0.1
1	2.8293707208568546	0.47278911564625853	0.1
1	2.8167150197802364	0.47128378378378377	0.1
1	2.803330016616207	0.4714765100671141	0.1
1	2.789317959944407	0.4716666666666667	0.1
1	2.7776393550910696	0.4718543046357616	0.1
1	2.763102042439737	0.4753289473684211	0.1
1	2.7491254116974626	0.47875816993464054	0.1
1	2.7375064178720696	0.4805194805194805	0.1
1	2.723329829785132	0.482258064516129	0.1
1	2.7230269950933947	0.4807692307692308	0.1
1	2.7093912025166165	0.482484076433121	0.1
1	2.6995700880696503	0.4825949367088608	0.1
1	2.6874491572380066	0.4827044025157233	0.1
1	2.6817835580557583	0.48125	0.1
1	2.669592537124705	0.4829192546583851	0.1
1	2.6609955912019	0.48302469135802467	0.1
1	2.654353697972795	0.4815950920245399	0.1
1	2.645967137886257	0.4801829268292683	0.1
1	2.6358566974148605	0.4803030303030303	0.1
1	2.624252931899335	0.4819277108433735	0.1
1	2.616794759641864	0.4805389221556886	0.1
1	2.6091221003305343	0.4806547619047619	0.1
1	2.6010771714724026	0.47781065088757396	0.1
1	2.5926604313008927	0.4764705882352941	0.1
1	2.583654913985938	0.4766081871345029	0.1
1	2.573253020297649	0.47674418604651164	0.1
1	2.5618343118987332	0.47832369942196534	0.1
1	2.550393453959761	0.47988505747126436	0.1
1	2.5479359000069755	0.4785714285714286	0.1
1	2.538004680113359	0.4772727272727273	0.1
1	2.5268557923661787	0.4788135593220339	0.1
1	2.5167153025611064	0.4789325842696629	0.1
1	2.5061515876034783	0.48044692737430167	0.1
1	2.4958109786113103	0.48055555555555557	0.1
1	2.485725392623501	0.47928176795580113	0.1
1	2.475703400569958	0.47802197802197804	0.1
1	2.4694701752376034	0.4781420765027322	0.1
1	2.4628322565037273	0.4782608695652174	0.1
1	2.4585020819225827	0.47702702702702704	0.1
1	2.4487794737021127	0.4771505376344086	0.1
1	2.4419905913067375	0.4786096256684492	0.1
1	2.4350988208613495	0.4787234042553192	0.1
1	2.4273512886945534	0.4775132275132275	0.1
1	2.423062359031878	0.4763157894736842	0.1
1	2.4140051041598096	0.47774869109947643	0.1
1	2.4081961810588837	0.4778645833333333	0.1
1	2.401052089552805	0.47797927461139894	0.1
1	2.393108810038911	0.4793814432989691	0.1
1	2.38483894604903	0.4794871794871795	0.1
1	2.3795245928423747	0.47959183673469385	0.1
1	2.374283576979855	0.4784263959390863	0.1
1	2.368146114277117	0.47853535353535354	0.1
1	2.36134521326228	0.47738693467336685	0.1
1	2.3569760519266127	0.4775	0.1
1	2.349612913914581	0.47761194029850745	0.1
1	2.3413063904436506	0.4801980198019802	0.1
1	2.333330643000861	0.4802955665024631	0.1
1	2.330292751391729	0.4791666666666667	0.1
2	1.5859744548797607	0.25	0.1
2	1.3009830713272095	0.375	0.1
2	1.183980385462443	0.4166666666666667	0.1
2	1.1517688035964966	0.4375	0.1
2	1.1521288871765136	0.5	0.1
2	1.130613923072815	0.5	0.1
2	1.1256134850638253	0.4642857142857143	0.1
2	1.161594495177269	0.40625	0.1
2	1.1714756356345282	0.3888888888888889	0.1
2	1.1706133127212524	0.4	0.1
2	1.1383228410374036	0.4090909090909091	0.1
2	1.1048850069443386	0.4375	0.1
2	1.151838453916403	0.4230769230769231	0.1
2	1.1311857785497392	0.42857142857142855	0.1
2	1.1256393432617187	0.45	0.1
2	1.1267466470599174	0.453125	0.1
2	1.1010070969076717	0.47058823529411764	0.1
2	1.1346635354889765	0.4444444444444444	0.1
2	1.1450755031485307	0.4342105263157895	0.1
2	1.1212212294340134	0.4625	0.1
2	1.1111203999746413	0.4642857142857143	0.1
2	1.1170086156238208	0.45454545454545453	0.1
2	1.1132977216140083	0.45652173913043476	0.1
2	1.1253689328829448	0.4479166666666667	0.1
2	1.121927170753479	0.45	0.1
2	1.108026270682995	0.46153846153846156	0.1
2	1.1005971740793299	0.46296296296296297	0.1
2	1.0934502823012215	0.4642857142857143	0.1
2	1.111193689806708	0.45689655172413796	0.1
2	1.0970743159453074	0.4666666666666667	0.1
2	1.0835053824609326	0.47580645161290325	0.1
2	1.070034895092249	0.484375	0.1
2	1.0756611535043428	0.48484848484848486	0.1
2	1.0703076615053064	0.4852941176470588	0.1
2	1.0607487848826818	0.4928571428571429	0.1
2	1.0571327706178029	0.4930555555555556	0.1
2	1.0508652345554248	0.49324324324324326	0.1
2	1.0492031887957924	0.48026315789473684	0.1
2	1.050830290867732	0.47435897435897434	0.1
2	1.0740062654018403	0.46875	0.1
2	1.0684540809654608	0.4634146341463415	0.1
2	1.072070756128856	0.4583333333333333	0.1
2	1.0651616620462994	0.45930232558139533	0.1
2	1.0633488365195014	0.45454545454545453	0.1
2	1.0576797233687507	0.45555555555555555	0.1
2	1.051598951868389	0.45652173913043476	0.1
2	1.047908402503805	0.4521276595744681	0.1
2	1.0577121923367183	0.453125	0.1
2	1.0620645649579106	0.44387755102040816	0.1
2	1.0574502122402192	0.445	0.1
2	1.0606180955381954	0.4411764705882353	0.1
2	1.056115204325089	0.4423076923076923	0.1
2	1.0522225532891616	0.44339622641509435	0.1
2	1.0546232373626143	0.4398148148148148	0.1
2	1.049600328098644	0.44545454545454544	0.1
2	1.0512998465980803	0.44642857142857145	0.1
2	1.0521100111175001	0.4473684210526316	0.1
2	1.0476299740117172	0.44396551724137934	0.1
2	1.0513506753970001	0.4406779661016949	0.1
2	1.046513060728709	0.44583333333333336	0.1
2	1.0462765166016876	0.45081967213114754	0.1
2	1.0480495633617524	0.45161290322580644	0.1
2	1.0475294098021493	0.4523809523809524	0.1
2	1.052279356867075	0.44921875	0.1
2	1.0502681539608882	0.45384615384615384	0.1
2	1.0484649855079073	0.45075757575757575	0.1
2	1.04962442081366	0.45149253731343286	0.1
2	1.0476519816062029	0.4485294117647059	0.1
2	1.0494850718456765	0.44565217391304346	0.1
2	1.0500897356442043	0.45	0.1
2	1.0459723682470725	0.45422535211267606	0.1
2	1.046623830166128	0.4479166666666667	0.1
2	1.0427186987171435	0.4452054794520548	0.1
2	1.041787652550517	0.44256756756756754	0.1
2	1.0401993838946024	0.44	0.1
2	1.0367082929924916	0.4407894736842105	0.1
2	1.0337983098897068	0.4383116883116883	0.1
2	1.0303145517141392	0.4391025641025641	0.1
2	1.0283462767359577	0.43670886075949367	0.1
2	1.0305352695286274	0.434375	0.1
2	1.0362264720010168	0.4351851851851852	0.1
2	1.0426041985430368	0.43597560975609756	0.1
2	1.038683892014515	0.4367469879518072	0.1
2	1.0355141822780882	0.43452380952380953	0.1
2	1.0319164493504693	0.43823529411764706	0.1
2	1.027303112107654	0.4418604651162791	0.1
2	1.0272356312850426	0.4425287356321839	0.1
2	1.0339123904705048	0.4403409090909091	0.1
2	1.0345888807532493	0.43820224719101125	0.1
2	1.034200954437256	0.4388888888888889	0.1
2	1.0350416138931946	0.43956043956043955	0.1
2	1.0322224219208178	0.44021739130434784	0.1
2	1.0283028227026745	0.4435483870967742	0.1
2	1.0347174754802217	0.44148936170212766	0.1
2	1.0316618015891628	0.44473684210526315	0.1
2	1.0384448356926441	0.4427083333333333	0.1
2	1.0355479053615295	0.44587628865979384	0.1
2	1.034328432715669	0.44642857142857145	0.1
2	1.0390821767575813	0.4444444444444444	0.1
2	1.0374727606773377	0.445	0.1
2	1.0368951086950775	0.44801980198019803	0.1
2	1.0350366936010473	0.4485294117647059	0.1
2	1.038088262659832	0.4441747572815534	0.1
2	1.0391803143116145	0.44471153846153844	0.1
2	1.0385090243248714	0.4452380952380952	0.1
2	1.040412685218847	0.44339622641509435	0.1
2	1.0402042492527828	0.4439252336448598	0.1
2	1.040540427521423	0.4444444444444444	0.1
2	1.0410845175795598	0.44495412844036697	0.1
2	1.0387466029687362	0.44772727272727275	0.1
2	1.0365521317129736	0.45045045045045046	0.1
2	1.0370967398796762	0.45089285714285715	0.1
2	1.040094199433791	0.4491150442477876	0.1
2	1.0386848857528286	0.44956140350877194	0.1
2	1.0389126798380977	0.45	0.1
2	1.0372219923241386	0.4504310344827586	0.1
2	1.0332508611882854	0.4551282051282051	0.1
2	1.0365498444791568	0.4533898305084746	0.1
2	1.0368811878837456	0.453781512605042	0.1
2	1.0363765532771747	0.45416666666666666	0.1
2	1.0367219433311587	0.45454545454545453	0.1
2	1.0344071911006678	0.4569672131147541	0.1
2	1.0319117094443095	0.4613821138211382	0.1
2	1.0357048617255302	0.4596774193548387	0.1
2	1.0350675883293152	0.46	0.1
2	1.0328904390335083	0.4623015873015873	0.1
2	1.0309446369569133	0.4645669291338583	0.1
2	1.0353253898210824	0.4609375	0.1
2	1.0330696618834208	0.46511627906976744	0.1
2	1.0339142923171705	0.4653846153846154	0.1
2	1.0293780856460106	0.46946564885496184	0.1
2	1.026467097528053	0.4715909090909091	0.1
2	1.02348200002111	0.47368421052631576	0.1
2	1.0286051880067855	0.47201492537313433	0.1
2	1.025529192995142	0.4740740740740741	0.1
2	1.0276918008046991	0.4742647058823529	0.1
2	1.028174994635756	0.4744525547445255	0.1
2	1.0315799972285395	0.47282608695652173	0.1
2	1.0339024890241006	0.47302158273381295	0.1
2	1.0313840235982623	0.475	0.1
2	1.0338668890878664	0.4734042553191489	0.1
2	1.0318708726218049	0.4753521126760563	0.1
2	1.0319002645832676	0.4772727272727273	0.1
2	1.0299227436383565	0.4791666666666667	0.1
2	1.0306829830695843	0.4793103448275862	0.1
2	1.0281329408083877	0.4811643835616438	0.1
2	1.0257547128768194	0.48299319727891155	0.1
2	1.0292269313657605	0.4814189189189189	0.1
2	1.026792470640784	0.48322147651006714	0.1
2	1.026653654972712	0.48333333333333334	0.1
2	1.0293064847687223	0.48013245033112584	0.1
2	1.0277076202787851	0.48026315789473684	0.1
2	1.026973338688121	0.4803921568627451	0.1
2	1.0251464379298223	0.48214285714285715	0.1
2	1.0230836825986063	0.4838709677419355	0.1
2	1.0222231264297779	0.483974358974359	0.1
2	1.023029088973999	0.4840764331210191	0.1
2	1.0241275723976424	0.48417721518987344	0.1
2	1.0229282499109424	0.48427672955974843	0.1
2	1.019947623834014	0.4859375	0.1
2	1.0166621197084462	0.4891304347826087	0.1
2	1.0133656090424386	0.49228395061728397	0.1
2	1.0164276138405126	0.4892638036809816	0.1
2	1.0165926570572503	0.4893292682926829	0.1
2	1.0185027956962585	0.48787878787878786	0.1
2	1.0171448617096406	0.4879518072289157	0.1
2	1.0187216875795833	0.4865269461077844	0.1
2	1.0182344203903562	0.48660714285714285	0.1
2	1.0226098242596056	0.48520710059171596	0.1
2	1.0220184101777918	0.4852941176470588	0.1
2	1.025977026649386	0.48391812865497075	0.1
2	1.0268955930720929	0.48401162790697677	0.1
2	1.0259529844873903	0.4841040462427746	0.1
2	1.0276555045582783	0.4827586206896552	0.1
2	1.0282503049714224	0.48142857142857143	0.1
2	1.028921842913736	0.4815340909090909	0.1
2	1.0280247923344543	0.4830508474576271	0.1
2	1.0270565671197485	0.4859550561797753	0.1
2	1.0261661686710806	0.48743016759776536	0.1
2	1.027531455622779	0.4861111111111111	0.1
2	1.0269318575358521	0.4861878453038674	0.1
2	1.0283676110781157	0.4848901098901099	0.1
2	1.0280293389096287	0.4849726775956284	0.1
2	1.028617495427961	0.485054347826087	0.1
2	1.029036402057957	0.4851351351351351	0.1
2	1.0283190627251901	0.4852150537634409	0.1
2	1.0276001255142497	0.48663101604278075	0.1
2	1.027975931129557	0.4867021276595745	0.1
2	1.028496798068758	0.48677248677248675	0.1
2	1.0275517451135736	0.4881578947368421	0.1
2	1.029376732741351	0.4869109947643979	0.1
2	1.0288522926469643	0.4869791666666667	0.1
2	1.0281558005920963	0.48704663212435234	0.1
2	1.0278397681786842	0.48711340206185566	0.1
2	1.0279552581982734	0.48717948717948717	0.1
2	1.027231121549801	0.4872448979591837	0.1
2	1.0273783001197776	0.4873096446700508	0.1
2	1.027173927336028	0.48737373737373735	0.1
2	1.0281195760372297	0.4849246231155779	0.1
2	1.027746355831623	0.48625	0.1
2	1.0273085559778545	0.486318407960199	0.1
2	1.0303577922358371	0.48514851485148514	0.1
2	1.029255206949018	0.4852216748768473	0.1
2	1.028068443139394	0.4852941176470588	0.1
3	0.5657790899276733	1.0	0.1
3	0.6310355961322784	0.875	0.1
3	0.8613624374071757	0.75	0.1
3	0.9291336685419083	0.6875	0.1
3	0.9361603021621704	0.65	0.1
3	0.8906642695267996	0.6666666666666666	0.1
3	0.9644433515412467	0.6071428571428571	0.1
3	0.9841220751404762	0.59375	0.1
3	0.9528048502074348	0.6111111111111112	0.1
3	0.9395916402339936	0.6	0.1
3	0.9629630229689858	0.5909090909090909	0.1
3	0.9743384967247645	0.5625	0.1
3	1.0077517536970286	0.5384615384615384	0.1
3	0.9967353599412101	0.5357142857142857	0.1
3	1.0116029739379884	0.5166666666666667	0.1
3	1.0198141783475876	0.5	0.1
3	1.02194826743182	0.5	0.1
3	1.023088064458635	0.5	0.1
3	1.037554841292532	0.4868421052631579	0.1
3	1.0284247010946275	0.5	0.1
3	1.0355061831928434	0.4880952380952381	0.1
3	1.036812660369006	0.4772727272727273	0.1
3	1.0466807795607525	0.4673913043478261	0.1
3	1.0449176902572315	0.46875	0.1
3	1.0464472222328185	0.46	0.1
3	1.0534865879095519	0.4519230769230769	0.1
3	1.0550680491659377	0.4537037037037037	0.1
3	1.056048110127449	0.44642857142857145	0.1
3	1.062669603989042	0.4396551724137931	0.1
3	1.0576556106408437	0.44166666666666665	0.1
3	1.0503017460146258	0.45161290322580644	0.1
3	1.050714885815978	0.4453125	0.1
3	1.049530540451859	0.44696969696969696	0.1
3	1.040953196146909	0.4485294117647059	0.1
3	1.0407595481191363	0.45	0.1
3	1.0503412004974153	0.4444444444444444	0.1
3	1.0363650611928992	0.4594594594594595	0.1
3	1.0275675372073525	0.4605263157894737	0.1
3	1.0186447516465797	0.46153846153846156	0.1
3	1.0065584063529969	0.46875	0.1
3	1.0121176097451188	0.4695121951219512	0.1
3	1.0028675212746574	0.47619047619047616	0.1
3	1.0162957282953484	0.47093023255813954	0.1
3	1.006506395610896	0.48295454545454547	0.1
3	1.0170945207277933	0.4777777777777778	0.1
3	1.0271069783231486	0.4782608695652174	0.1
3	1.0356604913447767	0.4734042553191489	0.1
3	1.0344903108974297	0.4791666666666667	0.1
3	1.0361033884846433	0.4744897959183674	0.1
3	1.0301505148410797	0.48	0.1
3	1.0346494667670305	0.47549019607843135	0.1
3	1.0304064853833272	0.47596153846153844	0.1
3	1.0316684752140406	0.4716981132075472	0.1
3	1.0415381601563207	0.4675925925925926	0.1
3	1.0416411128911105	0.4681818181818182	0.1
3	1.045145031596933	0.4642857142857143	0.1
3	1.0437921254258407	0.4605263157894737	0.1
3	1.0409786690925729	0.46120689655172414	0.1
3	1.0392720052751445	0.461864406779661	0.1
3	1.03669677178065	0.4625	0.1
3	1.0326741093494853	0.4672131147540984	0.1
3	1.0283204999662214	0.4717741935483871	0.1
3	1.0266391937694852	0.4722222222222222	0.1
3	1.017597971484065	0.48046875	0.1
3	1.011702444920173	0.4846153846153846	0.1
3	1.0213964409900433	0.4810606060606061	0.1
3	1.0224878672343582	0.48134328358208955	0.1
3	1.033173590021975	0.47794117647058826	0.1
3	1.0346139505289602	0.4782608695652174	0.1
3	1.0411925290312085	0.475	0.1
3	1.035824739597213	0.4788732394366197	0.1
3	1.035053786304262	0.4791666666666667	0.1
3	1.0332713396581885	0.4794520547945205	0.1
3	1.0327758909882725	0.47635135135135137	0.1
3	1.0337212252616883	0.4766666666666667	0.1
3	1.030651494860649	0.48026315789473684	0.1
3	1.027067549816974	0.4837662337662338	0.1
3	1.025951971610387	0.48717948717948717	0.1
3	1.033442415014098	0.48417721518987344	0.1
3	1.033034048229456	0.4875	0.1
3	1.0311019832705275	0.49074074074074076	0.1
3	1.0276189795354518	0.49390243902439024	0.1
3	1.0253835801618645	0.4939759036144578	0.1
3	1.0242300473508381	0.49107142857142855	0.1
3	1.021529057446648	0.49117647058823527	0.1
3	1.018343208141105	0.4941860465116279	0.1
3	1.0155468144636044	0.4942528735632184	0.1
3	1.0176607309417292	0.4943181818181818	0.1
3	1.0143180636877425	0.49719101123595505	0.1
3	1.018841251399782	0.49722222222222223	0.1
3	1.0204121627650418	0.49175824175824173	0.1
3	1.0151980370283127	0.49728260869565216	0.1
3	1.0148525910992776	0.49731182795698925	0.1
3	1.0137671111746038	0.4973404255319149	0.1
3	1.0174512932175084	0.49736842105263157	0.1
3	1.021628575399518	0.4973958333333333	0.1
3	1.0287838639672269	0.4948453608247423	0.1
3	1.0338552113698454	0.4923469387755102	0.1
3	1.0359123144486937	0.4898989898989899	0.1
3	1.0352955639362336	0.49	0.1
3	1.0328333460458434	0.49504950495049505	0.1
3	1.0314816014439452	0.4950980392156863	0.1
3	1.0309975737506905	0.49514563106796117	0.1
3	1.030936129964315	0.49278846153846156	0.1
3	1.0296498871984936	0.4928571428571429	0.1
3	1.029568924656454	0.49528301886792453	0.1
3	1.0315991255724541	0.4929906542056075	0.1
3	1.0308423158195283	0.49537037037037035	0.1
3	1.029159175693442	0.49770642201834864	0.1
3	1.0288578884168105	0.49772727272727274	0.1
3	1.0290779825803396	0.4954954954954955	0.1
3	1.0309329900358404	0.49107142857142855	0.1
3	1.033377060320525	0.4889380530973451	0.1
3	1.0321796081568066	0.48903508771929827	0.1
3	1.0305629807969798	0.4891304347826087	0.1
3	1.028727828428663	0.4892241379310345	0.1
3	1.0294489860534668	0.4893162393162393	0.1
3	1.0328750792196242	0.4872881355932203	0.1
3	1.030125412119537	0.4894957983193277	0.1
3	1.0311057791113853	0.4895833333333333	0.1
3	1.0343617126961384	0.48760330578512395	0.1
3	1.0306087585746264	0.4918032786885246	0.1
3	1.0304470013796798	0.491869918699187	0.1
3	1.0342304831550968	0.4899193548387097	0.1
3	1.0366225471496582	0.488	0.1
3	1.0362235752363054	0.4880952380952381	0.1
3	1.0344119775952316	0.49015748031496065	0.1
3	1.0326413149014115	0.4921875	0.1
3	1.031986377497976	0.49224806201550386	0.1
3	1.0306505336211278	0.49423076923076925	0.1
3	1.0295340600814529	0.49427480916030536	0.1
3	1.0281935329690124	0.4962121212121212	0.1
3	1.028709051752449	0.49624060150375937	0.1
3	1.0273628879838914	0.4962686567164179	0.1
3	1.0310279523884809	0.49444444444444446	0.1
3	1.031730273628936	0.4944852941176471	0.1
3	1.0293935232788978	0.49635036496350365	0.1
3	1.0280203957488572	0.4963768115942029	0.1
3	1.028542468873717	0.49640287769784175	0.1
3	1.0263241899865014	0.4982142857142857	0.1
3	1.0282222256592826	0.49645390070921985	0.1
3	1.0324228510890208	0.49471830985915494	0.1
3	1.0314086363032147	0.493006993006993	0.1
3	1.0298203167816002	0.4930555555555556	0.1
3	1.028544452683679	0.49137931034482757	0.1
3	1.0268695146253664	0.4931506849315068	0.1
3	1.025231657790489	0.49489795918367346	0.1
3	1.023455420458639	0.4966216216216216	0.1
3	1.0205709202177573	0.5	0.1
3	1.0182287140687307	0.5016666666666667	0.1
3	1.0144947988308028	0.5049668874172185	0.1
3	1.0180896018680774	0.5032894736842105	0.1
3	1.0152618437031515	0.5049019607843137	0.1
3	1.013975410105346	0.5064935064935064	0.1
3	1.0131691625041346	0.5064516129032258	0.1
3	1.0186578600834577	0.5048076923076923	0.1
3	1.0203448268258648	0.5047770700636943	0.1
3	1.0178487334824815	0.5063291139240507	0.1
3	1.0153789220366087	0.5078616352201258	0.1
3	1.014359889179468	0.5078125	0.1
3	1.01789278939644	0.5062111801242236	0.1
3	1.0199572031880602	0.5046296296296297	0.1
3	1.0179557931935128	0.5061349693251533	0.1
3	1.0183428496849247	0.5060975609756098	0.1
3	1.0206716089537649	0.5045454545454545	0.1
3	1.0211661407746464	0.5045180722891566	0.1
3	1.0196908858721843	0.5059880239520959	0.1
3	1.0182721370032854	0.5074404761904762	0.1
3	1.0169354952298677	0.5088757396449705	0.1
3	1.0182215255849503	0.5088235294117647	0.1
3	1.0189513023833783	0.5087719298245614	0.1
3	1.0185901519171028	0.5087209302325582	0.1
3	1.018734747619298	0.5086705202312138	0.1
3	1.0178986489772797	0.5086206896551724	0.1
3	1.0199247070721218	0.5071428571428571	0.1
3	1.0218167254193262	0.5056818181818182	0.1
3	1.0217153504069916	0.5042372881355932	0.1
3	1.0209867649533775	0.5042134831460674	0.1
3	1.0199985837137233	0.505586592178771	0.1
3	1.0215551031960382	0.5041666666666667	0.1
3	1.0211212628454134	0.5027624309392266	0.1
3	1.0201131642519772	0.5041208791208791	0.1
3	1.020432932129323	0.5040983606557377	0.1
3	1.019285064028657	0.5067934782608695	0.1
3	1.0195391094362414	0.5067567567567568	0.1
3	1.0192518746981056	0.5067204301075269	0.1
3	1.0183861612636138	0.5066844919786097	0.1
3	1.0176087107430114	0.5079787234042553	0.1
3	1.0188801512516366	0.5066137566137566	0.1
3	1.0194845886606918	0.506578947368421	0.1
3	1.0188503162399012	0.5052356020942408	0.1
3	1.0185226937755942	0.50390625	0.1
3	1.0172818321638157	0.5051813471502591	0.1
3	1.0161222194887929	0.5064432989690721	0.1
3	1.0163388301164675	0.5076923076923077	0.1
3	1.0164232150632508	0.5076530612244898	0.1
3	1.0151664200167971	0.5076142131979695	0.1
3	1.0144893566165307	0.5075757575757576	0.1
3	1.0131344402854765	0.507537688442211	0.1
3	1.014589811861515	0.5075	0.1
3	1.0162308942619247	0.5049751243781094	0.1
3	1.0154955381214028	0.5037128712871287	0.1
3	1.0143481393165776	0.5036945812807881	0.1
3	1.016991978182512	0.5024509803921569	0.1
4	1.2626183032989502	0.25	0.1
4	0.9422744512557983	0.625	0.1
4	0.8668320178985596	0.6666666666666666	0.1
4	1.055030643939972	0.5625	0.1
4	1.1194911241531371	0.5	0.1
4	1.111034095287323	0.4583333333333333	0.1
4	1.035812326839992	0.5357142857142857	0.1
4	1.000072255730629	0.5625	0.1
4	0.9525157610575358	0.6111111111111112	0.1
4	0.9685618042945862	0.575	0.1
4	1.0158045183528552	0.5454545454545454	0.1
4	1.0542054375012715	0.5208333333333334	0.1
4	1.0630273818969727	0.5192307692307693	0.1
4	1.0516444402081626	0.5178571428571429	0.1
4	1.0328019698460897	0.5333333333333333	0.1
4	1.0173134990036488	0.546875	0.1
4	1.0223588277311886	0.5441176470588235	0.1
4	1.0139808754126232	0.5416666666666666	0.1
4	1.02010756103616	0.5394736842105263	0.1
4	1.000413504242897	0.5625	0.1
4	0.9921582852091108	0.5714285714285714	0.1
4	1.0134905116124586	0.5568181818181818	0.1
4	1.001582682132721	0.5652173913043478	0.1
4	0.999641423424085	0.5625	0.1
4	0.9888495206832886	0.57	0.1
4	0.9861370921134949	0.5673076923076923	0.1
4	0.9975255551161589	0.5555555555555556	0.1
4	1.0078269370964594	0.5446428571428571	0.1
4	1.0029367249587486	0.5431034482758621	0.1
4	0.9922866066296895	0.55	0.1
4	0.9981274797070411	0.5403225806451613	0.1
4	1.0038643516600132	0.53125	0.1
4	1.0180471702055498	0.5227272727272727	0.1
4	1.0213889900375814	0.5147058823529411	0.1
4	1.0244093043463571	0.5071428571428571	0.1
4	1.0191847781340282	0.5069444444444444	0.1
4	1.014679786321279	0.5067567567567568	0.1
4	1.008681347495631	0.5197368421052632	0.1
4	1.0013439884552588	0.5256410256410257	0.1
4	1.0076201811432839	0.51875	0.1
4	1.0011090330961274	0.524390243902439	0.1
4	0.9894879332610539	0.5357142857142857	0.1
4	0.9925686273463937	0.5348837209302325	0.1
4	1.0018605278296904	0.5284090909090909	0.1
4	1.0065412481625875	0.5222222222222223	0.1
4	1.008662629386653	0.5217391304347826	0.1
4	1.0066045205643837	0.5212765957446809	0.1
4	1.0094966379304726	0.5208333333333334	0.1
4	1.0119158552617442	0.5204081632653061	0.1
4	1.0051812541484832	0.525	0.1
4	1.0001963762676014	0.5294117647058824	0.1
4	1.0012869043992116	0.5288461538461539	0.1
4	0.9943171424685784	0.5377358490566038	0.1
4	1.003140303823683	0.5324074074074074	0.1
4	0.9989480928941207	0.5363636363636364	0.1
4	0.9950869157910347	0.5401785714285714	0.1
4	0.9999006181432489	0.5350877192982456	0.1
4	0.9958160057150084	0.5387931034482759	0.1
4	1.0007171863216464	0.5338983050847458	0.1
4	0.9965233822663625	0.5375	0.1
4	1.005029680298977	0.5327868852459017	0.1
4	1.0037666645742231	0.532258064516129	0.1
4	1.002146377449944	0.5317460317460317	0.1
4	0.9954580012708902	0.5390625	0.1
4	0.9940034948862516	0.5384615384615384	0.1
4	0.9931117810986259	0.5378787878787878	0.1
4	0.9920437745193937	0.5373134328358209	0.1
4	0.9936953449950499	0.5367647058823529	0.1
4	0.9938628898150679	0.532608695652174	0.1
4	0.9954901695251465	0.5321428571428571	0.1
4	0.9986662277033631	0.528169014084507	0.1
4	1.0005629161993663	0.5277777777777778	0.1
4	1.0076542439526075	0.5205479452054794	0.1
4	1.0103168616423737	0.5168918918918919	0.1
4	1.0121888812383015	0.5166666666666667	0.1
4	1.0099632685121738	0.5164473684210527	0.1
4	1.0083378499204463	0.512987012987013	0.1
4	1.0064720114072163	0.5128205128205128	0.1
4	1.0044665464872047	0.5126582278481012	0.1
4	1.002787061780691	0.5125	0.1
4	1.0084909590674036	0.5092592592592593	0.1
4	1.0062483047566764	0.5121951219512195	0.1
4	1.0040494799613953	0.5120481927710844	0.1
4	1.001184466339293	0.5148809523809523	0.1
4	0.9980185719097362	0.5176470588235295	0.1
4	0.99890480069227	0.5174418604651163	0.1
4	0.9978138126175979	0.5172413793103449	0.1
4	0.9985856887969103	0.5170454545454546	0.1
4	0.9949566795584861	0.5196629213483146	0.1
4	0.9925860404968262	0.5222222222222223	0.1
4	0.9871534076365795	0.5274725274725275	0.1
4	0.981372146502785	0.532608695652174	0.1
4	0.984393480003521	0.532258064516129	0.1
4	0.9805612418245762	0.5345744680851063	0.1
4	0.9767872233139842	0.5368421052631579	0.1
4	0.9804754791160425	0.5338541666666666	0.1
4	0.9834485779103544	0.5335051546391752	0.1
4	0.9797790117409765	0.5357142857142857	0.1
4	0.9814205536938677	0.5353535353535354	0.1
4	0.9779032146930695	0.5375	0.1
4	0.9751421815097923	0.5396039603960396	0.1
4	0.977644566227408	0.5392156862745098	0.1
4	0.9744359347426775	0.5412621359223301	0.1
4	0.9785114927933767	0.5384615384615384	0.1
4	0.9800055901209513	0.5380952380952381	0.1
4	0.9818391316341903	0.5377358490566038	0.1
4	0.9871309728265922	0.5350467289719626	0.1
4	0.9835048985702021	0.5393518518518519	0.1
4	0.9826334660206366	0.5389908256880734	0.1
4	0.979205491326072	0.5431818181818182	0.1
4	0.9782715584780719	0.5427927927927928	0.1
4	0.9760925450495311	0.5446428571428571	0.1
4	0.9785986885560297	0.5420353982300885	0.1
4	0.983038087685903	0.5394736842105263	0.1
4	0.9823028263838395	0.5391304347826087	0.1
4	0.9818286078757253	0.5387931034482759	0.1
4	0.9830144862843375	0.5384615384615384	0.1
4	0.984767702171358	0.5360169491525424	0.1
4	0.9829566458694073	0.5378151260504201	0.1
4	0.981168520450592	0.5395833333333333	0.1
4	0.9791020918483576	0.5413223140495868	0.1
4	0.9783014904280178	0.5409836065573771	0.1
4	0.9753951226792684	0.5447154471544715	0.1
4	0.973300731470508	0.5463709677419355	0.1
4	0.9709461388587952	0.548	0.1
4	0.9701761196530054	0.5476190476190477	0.1
4	0.9692137368082061	0.547244094488189	0.1
4	0.9724722164683044	0.544921875	0.1
4	0.9704417068828908	0.5465116279069767	0.1
4	0.9709176893417651	0.5442307692307692	0.1
4	0.973179932314021	0.5419847328244275	0.1
4	0.9704358649976326	0.5454545454545454	0.1
4	0.9748838198812384	0.543233082706767	0.1
4	0.9733038517966199	0.542910447761194	0.1
4	0.9721483080475418	0.5425925925925926	0.1
4	0.9782505833050784	0.5404411764705882	0.1
4	0.9760037730210018	0.5437956204379562	0.1
4	0.9736713628838027	0.5471014492753623	0.1
4	0.971802599996114	0.5485611510791367	0.1
4	0.9770257728440421	0.5464285714285714	0.1
4	0.9752920527830191	0.5478723404255319	0.1
4	0.9755041120757519	0.545774647887324	0.1
4	0.9741014317199067	0.5454545454545454	0.1
4	0.9726260527968407	0.5451388888888888	0.1
4	0.9725627151028863	0.5448275862068965	0.1
4	0.9723216589183024	0.5445205479452054	0.1
4	0.9716709560277511	0.54421768707483	0.1
4	0.9703152711327011	0.5456081081081081	0.1
4	0.9709691217281674	0.5436241610738255	0.1
4	0.9736510117848715	0.5416666666666666	0.1
4	0.9713116781601053	0.5447019867549668	0.1
4	0.9695458271001515	0.5460526315789473	0.1
4	0.9711006575939702	0.545751633986928	0.1
4	0.9722947818892342	0.5454545454545454	0.1
4	0.9701735884912552	0.5467741935483871	0.1
4	0.9698212154400654	0.5464743589743589	0.1
4	0.9693997760487211	0.5461783439490446	0.1
4	0.9678905723215658	0.5474683544303798	0.1
4	0.9670202330973163	0.5471698113207547	0.1
4	0.9639066165313125	0.55	0.1
4	0.9686359802018041	0.5481366459627329	0.1
4	0.9668785780668259	0.5493827160493827	0.1
4	0.9691285353862434	0.5475460122699386	0.1
4	0.9732369807798688	0.5457317073170732	0.1
4	0.9751223302248753	0.543939393939394	0.1
4	0.976076829684786	0.5436746987951807	0.1
4	0.9739824178333054	0.5464071856287425	0.1
4	0.9771307509924684	0.5446428571428571	0.1
4	0.9777713571427137	0.5443786982248521	0.1
4	0.9770462626920027	0.5441176470588235	0.1
4	0.9757024867144245	0.5453216374269005	0.1
4	0.9761302528339763	0.5436046511627907	0.1
4	0.9787250503983801	0.541907514450867	0.1
4	0.9812492380539576	0.5402298850574713	0.1
4	0.9813425024918148	0.5385714285714286	0.1
4	0.9820937698876316	0.5383522727272727	0.1
4	0.9816211025930394	0.538135593220339	0.1
4	0.9823645194259922	0.5365168539325843	0.1
4	0.984002782146358	0.5349162011173184	0.1
4	0.9839696872565481	0.5333333333333333	0.1
4	0.9846315951966449	0.5317679558011049	0.1
4	0.9843577223492193	0.532967032967033	0.1
4	0.9838836097000726	0.5341530054644809	0.1
4	0.9828278845095116	0.5366847826086957	0.1
4	0.9821425581300581	0.5378378378378378	0.1
4	0.9829639992726746	0.5362903225806451	0.1
4	0.9825233413892633	0.536096256684492	0.1
4	0.9840724171793207	0.5345744680851063	0.1
4	0.9825254718147257	0.5357142857142857	0.1
4	0.9831370524669948	0.5355263157894737	0.1
4	0.9837556005460429	0.5340314136125655	0.1
4	0.984133616865923	0.5325520833333334	0.1
4	0.9827902726249992	0.533678756476684	0.1
4	0.9836362872234324	0.5335051546391752	0.1
4	0.9843785287478031	0.5333333333333333	0.1
4	0.9849914982914925	0.5331632653061225	0.1
4	0.9841240131612962	0.5329949238578681	0.1
4	0.9849286141118618	0.5315656565656566	0.1
4	0.9838373806308861	0.5326633165829145	0.1
4	0.9828386850655079	0.5325	0.1
4	0.9834737073426223	0.5323383084577115	0.1
4	0.9828686396969427	0.5334158415841584	0.1
4	0.9834132113773835	0.5332512315270936	0.1
4	0.9823199003642681	0.5330882352941176	0.1
5	0.9794936776161194	0.5	0.1
5	0.9172740876674652	0.625	0.1
5	0.864209791024526	0.5833333333333334	0.1
5	0.828980416059494	0.5625	0.1
5	0.8599807620048523	0.5	0.1
5	0.8387240270773569	0.5416666666666666	0.1
5	0.8472007938793727	0.5	0.1
5	0.9034123346209526	0.46875	0.1
5	0.8855900102191501	0.4722222222222222	0.1
5	0.8800048232078552	0.425	0.1
5	0.8685850067572161	0.4318181818181818	0.1
5	0.8630808343489965	0.3958333333333333	0.1
5	0.8540027187420771	0.4230769230769231	0.1
5	0.8503823535782951	0.4107142857142857	0.1
5	0.8802444696426391	0.4	0.1
5	0.8744226172566414	0.390625	0.1
5	0.8680359686122221	0.39705882352941174	0.1
5	0.8914075758722093	0.3888888888888889	0.1
5	0.882776329391881	0.39473684210526316	0.1
5	0.8797999143600463	0.3875	0.1
5	0.874506638163612	0.38095238095238093	0.1
5	0.8705977932973341	0.38636363636363635	0.1
5	0.8656931804574054	0.391304347826087	0.1
5	0.8841085980335871	0.3854166666666667	0.1
5	0.8782634019851685	0.4	0.1
5	0.8721804114488455	0.41346153846153844	0.1
5	0.9061205961086132	0.4074074074074074	0.1
5	0.9008495530911854	0.4107142857142857	0.1
5	0.9300279350116335	0.4051724137931034	0.1
5	0.9253337919712067	0.4083333333333333	0.1
5	0.9196496625100413	0.4112903225806452	0.1
5	0.9169153105467558	0.40625	0.1
5	0.9258743723233541	0.4090909090909091	0.1
5	0.9229034991825328	0.40441176470588236	0.1
5	0.9289658852985927	0.4142857142857143	0.1
5	0.9241366932789484	0.4236111111111111	0.1
5	0.9211850343523799	0.42567567567567566	0.1
5	0.9177232447423433	0.4276315789473684	0.1
5	0.922469994960687	0.4358974358974359	0.1
5	0.9212566539645195	0.43125	0.1
5	0.914025604724884	0.4451219512195122	0.1
5	0.9210290781089238	0.44642857142857145	0.1
5	0.917011467523353	0.4476744186046512	0.1
5	0.9097855158827521	0.4602272727272727	0.1
5	0.9198158330387539	0.45555555555555555	0.1
5	0.914965139782947	0.46195652173913043	0.1
5	0.9249160112218654	0.4574468085106383	0.1
5	0.9197391420602798	0.4635416666666667	0.1
5	0.9248826844351632	0.4642857142857143	0.1
5	0.9196972990036011	0.47	0.1
5	0.9145841224520814	0.47549019607843135	0.1
5	0.9290534510062292	0.47115384615384615	0.1
5	0.9240007085620232	0.47641509433962265	0.1
5	0.937645313916383	0.4722222222222222	0.1
5	0.9367703221061013	0.4727272727272727	0.1
5	0.9324590414762497	0.47767857142857145	0.1
5	0.9316873205335516	0.4780701754385965	0.1
5	0.9278259472600345	0.4827586206896552	0.1
5	0.9308908056404631	0.4830508474576271	0.1
5	0.9324464569489161	0.4791666666666667	0.1
5	0.9352204789880847	0.47950819672131145	0.1
5	0.938006773110359	0.4798387096774194	0.1
5	0.9364108244578043	0.4801587301587302	0.1
5	0.9388516210019588	0.48046875	0.1
5	0.935348718899947	0.48846153846153845	0.1
5	0.9334197766853102	0.48863636363636365	0.1
5	0.9326930312968013	0.48880597014925375	0.1
5	0.9317678283242619	0.4889705882352941	0.1
5	0.9313242746436078	0.4855072463768116	0.1
5	0.9348423089299883	0.48214285714285715	0.1
5	0.9327950771425811	0.4823943661971831	0.1
5	0.9317850859628783	0.4791666666666667	0.1
5	0.9299404253698376	0.4794520547945205	0.1
5	0.9325304055536116	0.4831081081081081	0.1
5	0.9302430431048075	0.4866666666666667	0.1
5	0.9272068205632662	0.4901315789473684	0.1
5	0.9315519859264423	0.487012987012987	0.1
5	0.9348085629634368	0.48717948717948717	0.1
5	0.9372247080259686	0.4873417721518987	0.1
5	0.9422089427709579	0.484375	0.1
5	0.9504030722158926	0.48148148148148145	0.1
5	0.9473388333146165	0.4847560975609756	0.1
5	0.9492162659943822	0.48493975903614456	0.1
5	0.9513865219695228	0.4851190476190476	0.1
5	0.950059291194467	0.4852941176470588	0.1
5	0.9512051600356435	0.48546511627906974	0.1
5	0.949935155353327	0.48563218390804597	0.1
5	0.9521574581211264	0.48295454545454547	0.1
5	0.9529687139425385	0.4859550561797753	0.1
5	0.9502900256050958	0.49166666666666664	0.1
5	0.9486729836725927	0.4945054945054945	0.1
5	0.9527618185333584	0.4891304347826087	0.1
5	0.9510339049882787	0.49193548387096775	0.1
5	0.9547137909747184	0.4920212765957447	0.1
5	0.954042943527824	0.4921052631578947	0.1
5	0.9550029132515192	0.4921875	0.1
5	0.9609496869991735	0.48711340206185566	0.1
5	0.9632240393940283	0.4846938775510204	0.1
5	0.9600927185530614	0.4898989898989899	0.1
5	0.9608061081171035	0.49	0.1
5	0.9590694632860693	0.49257425742574257	0.1
5	0.9596455202383154	0.49264705882352944	0.1
5	0.958250497151347	0.49514563106796117	0.1
5	0.9565409295834028	0.49759615384615385	0.1
5	0.9558318382217771	0.4976190476190476	0.1
5	0.9550608250330079	0.49764150943396224	0.1
5	0.9528943183266114	0.5	0.1
5	0.9520339871998187	0.5	0.1
5	0.9534498392988783	0.5	0.1
5	0.9554950817064806	0.5	0.1
5	0.9524284198477462	0.5022522522522522	0.1
5	0.9542294490550246	0.5022321428571429	0.1
5	0.9538753723676225	0.5	0.1
5	0.9535619762905857	0.5	0.1
5	0.9510236615720002	0.5043478260869565	0.1
5	0.9489036027727455	0.5064655172413793	0.1
5	0.9500333977560712	0.5085470085470085	0.1
5	0.952198153835232	0.5063559322033898	0.1
5	0.9501409876246413	0.5084033613445378	0.1
5	0.9489257877071698	0.5083333333333333	0.1
5	0.9492196647588872	0.506198347107438	0.1
5	0.9473779563043938	0.5061475409836066	0.1
5	0.9534408939563161	0.5020325203252033	0.1
5	0.9546385551652601	0.49798387096774194	0.1
5	0.9554402103424072	0.494	0.1
5	0.9537243511941698	0.49404761904761907	0.1
5	0.9529635305479756	0.4940944881889764	0.1
5	0.9552192594856024	0.494140625	0.1
5	0.9571747345517773	0.49224806201550386	0.1
5	0.9593957359974201	0.49038461538461536	0.1
5	0.961379507115779	0.48854961832061067	0.1
5	0.96331233328039	0.48484848484848486	0.1
5	0.9671955664355055	0.4849624060150376	0.1
5	0.9686434144404397	0.48507462686567165	0.1
5	0.9698419491449992	0.48333333333333334	0.1
5	0.9706154781229356	0.4834558823529412	0.1
5	0.969610094153968	0.4854014598540146	0.1
5	0.9719815867534582	0.483695652173913	0.1
5	0.974067462434014	0.48201438848920863	0.1
5	0.9752851349966867	0.48035714285714287	0.1
5	0.9759245798097435	0.4787234042553192	0.1
5	0.9768834718516175	0.4753521126760563	0.1
5	0.9786673434130795	0.4737762237762238	0.1
5	0.9790108890997039	0.4704861111111111	0.1
5	0.980179813812519	0.4689655172413793	0.1
5	0.9811574277812487	0.4674657534246575	0.1
5	0.9820605808374833	0.467687074829932	0.1
5	0.9831885461871689	0.46621621621621623	0.1
5	0.9842467164033212	0.46476510067114096	0.1
5	0.9843265473842621	0.465	0.1
5	0.9844404739259884	0.4652317880794702	0.1
5	0.9842327829254301	0.46710526315789475	0.1
5	0.9849307026738435	0.4673202614379085	0.1
5	0.9854084195254685	0.4675324675324675	0.1
5	0.9847401426684472	0.4693548387096774	0.1
5	0.984357265325693	0.46955128205128205	0.1
5	0.984783968348412	0.4697452229299363	0.1
5	0.9848895563354975	0.46835443037974683	0.1
5	0.9848421920770369	0.4669811320754717	0.1
5	0.9841170083731413	0.4671875	0.1
5	0.9849249498444315	0.4673913043478261	0.1
5	0.9838032148502491	0.4691358024691358	0.1
5	0.9827574367172147	0.46932515337423314	0.1
5	0.9816469510154027	0.4695121951219512	0.1
5	0.9804480476812882	0.4712121212121212	0.1
5	0.9816924136087118	0.46987951807228917	0.1
5	0.9829392950691863	0.468562874251497	0.1
5	0.9820404794244539	0.46726190476190477	0.1
5	0.9807025963032739	0.46893491124260356	0.1
5	0.9791778827414793	0.47205882352941175	0.1
5	0.977712255123763	0.47368421052631576	0.1
5	0.9760436180026032	0.47674418604651164	0.1
5	0.9777003953911666	0.476878612716763	0.1
5	0.976075391317236	0.47844827586206895	0.1
5	0.9756381733076913	0.47714285714285715	0.1
5	0.9741115522655573	0.4786931818181818	0.1
5	0.9738566808107882	0.4759887005649718	0.1
5	0.9784136066276036	0.4747191011235955	0.1
5	0.9771285929493398	0.4748603351955307	0.1
5	0.9812016586462656	0.4736111111111111	0.1
5	0.9799100443803145	0.47513812154696133	0.1
5	0.9813335924358159	0.4739010989010989	0.1
5	0.980144380546007	0.47540983606557374	0.1
5	0.9788015627342722	0.47690217391304346	0.1
5	0.9768733536874926	0.4783783783783784	0.1
5	0.9754165869246247	0.4798387096774194	0.1
5	0.9750409438648325	0.4799465240641711	0.1
5	0.9731550647857341	0.48138297872340424	0.1
5	0.9724748768503704	0.48148148148148145	0.1
5	0.9727874357449381	0.48026315789473684	0.1
5	0.971250942552277	0.4816753926701571	0.1
5	0.9687934760004282	0.484375	0.1
5	0.9727031999301416	0.483160621761658	0.1
5	0.9766224002100757	0.48195876288659795	0.1
5	0.9757353975222661	0.48205128205128206	0.1
5	0.9756757997128428	0.48086734693877553	0.1
5	0.9767683741404926	0.48096446700507617	0.1
5	0.9750375548998514	0.48358585858585856	0.1
5	0.9740654948967785	0.4849246231155779	0.1
5	0.9728365498781204	0.48625	0.1
5	0.9715818024393338	0.48756218905472637	0.1
5	0.9702096799812695	0.48886138613861385	0.1
5	0.9686765145198465	0.49014778325123154	0.1
5	0.9681370039196575	0.49019607843137253	0.1
6	1.4049097299575806	0.25	0.1
6	1.1343138217926025	0.375	0.1
6	1.1008569399515789	0.3333333333333333	0.1
6	0.9880932569503784	0.4375	0.1
6	1.1303385496139526	0.4	0.1
6	1.2145082155863445	0.375	0.1
6	1.1346858654703413	0.4642857142857143	0.1
6	1.090859830379486	0.46875	0.1
6	1.0996269517474704	0.4722222222222222	0.1
6	1.0743236184120177	0.475	0.1
6	1.0457185561006719	0.5	0.1
6	1.0503589659929276	0.5	0.1
6	1.0228309539648204	0.5192307692307693	0.1
6	0.9938386593546186	0.5535714285714286	0.1
6	0.9752048850059509	0.5666666666666667	0.1
6	0.9780758656561375	0.546875	0.1
6	0.958488338133868	0.5588235294117647	0.1
6	0.9625004066361321	0.5416666666666666	0.1
6	0.9461987520519056	0.5526315789473685	0.1
6	0.9478591293096542	0.5375	0.1
6	0.9672364535785857	0.5238095238095238	0.1
6	0.9570698331702839	0.5227272727272727	0.1
6	0.9438577760820803	0.532608695652174	0.1
6	0.9509325648347536	0.5416666666666666	0.1
6	0.9418829655647278	0.55	0.1
6	0.9331936217271365	0.5576923076923077	0.1
6	0.9273354455276772	0.5555555555555556	0.1
6	0.9396418822663171	0.5446428571428571	0.1
6	0.931983442142092	0.5517241379310345	0.1
6	0.9444958806037903	0.5416666666666666	0.1
6	0.9546647148747598	0.532258064516129	0.1
6	0.948073698207736	0.53125	0.1
6	0.9407704815720067	0.5378787878787878	0.1
6	0.9485441446304321	0.5294117647058824	0.1
6	0.9670668738228935	0.5214285714285715	0.1
6	0.9602901207076179	0.5277777777777778	0.1
6	0.9504936595220823	0.5337837837837838	0.1
6	0.9585863806699452	0.5263157894736842	0.1
6	0.9585959911346436	0.5192307692307693	0.1
6	0.9571945413947105	0.51875	0.1
6	0.9626239320126976	0.5182926829268293	0.1
6	0.9741813128902799	0.5178571428571429	0.1
6	0.978753246540247	0.5174418604651163	0.1
6	0.9830079606988213	0.5170454545454546	0.1
6	0.9794168472290039	0.5166666666666667	0.1
6	0.9743207511694535	0.5217391304347826	0.1
6	0.9733045900121648	0.5212765957446809	0.1
6	0.9745997674763203	0.5208333333333334	0.1
6	0.9714884624189261	0.5204081632653061	0.1
6	0.9676875150203705	0.52	0.1
6	0.9744366512579077	0.5196078431372549	0.1
6	0.9790629733067292	0.5096153846153846	0.1
6	0.9873296528492334	0.5047169811320755	0.1
6	0.9879214244860189	0.5046296296296297	0.1
6	0.9921023184602911	0.5	0.1
6	0.9920389471309525	0.4955357142857143	0.1
6	0.9907229019884478	0.4956140350877193	0.1
6	0.9903286674927021	0.5	0.1
6	0.9916932805109833	0.5	0.1
6	0.9974662601947785	0.49583333333333335	0.1
6	1.0013133873705005	0.4959016393442623	0.1
6	0.9978568928857003	0.5	0.1
6	0.998427516884274	0.5	0.1
6	0.9980200957506895	0.5	0.1
6	0.9985554401691144	0.5	0.1
6	1.002880163264997	0.4962121212121212	0.1
6	1.0025286905801118	0.4962686567164179	0.1
6	1.0007353127002716	0.5	0.1
6	0.9989794475444849	0.5036231884057971	0.1
6	0.9944773648466383	0.5107142857142857	0.1
6	0.9985457045931212	0.5070422535211268	0.1
6	1.0022501076261203	0.5034722222222222	0.1
6	1.007077936440298	0.5	0.1
6	1.0105806387759544	0.4966216216216216	0.1
6	1.0120532536506652	0.49333333333333335	0.1
6	1.0142215639352798	0.4901315789473684	0.1
6	1.0145468270623839	0.4902597402597403	0.1
6	1.0178841405954115	0.48717948717948717	0.1
6	1.0190406939651393	0.4810126582278481	0.1
6	1.0190169148147106	0.478125	0.1
6	1.0187389504762343	0.4783950617283951	0.1
6	1.0175436153644468	0.47560975609756095	0.1
6	1.0168064768055836	0.4759036144578313	0.1
6	1.0149146580979937	0.48214285714285715	0.1
6	1.0154047075439903	0.4852941176470588	0.1
6	1.01426730668822	0.48546511627906974	0.1
6	1.0125727776823372	0.48563218390804597	0.1
6	1.0148141045462002	0.48295454545454547	0.1
6	1.0194337876994959	0.4803370786516854	0.1
6	1.024189703994327	0.4777777777777778	0.1
6	1.0216103726690942	0.4807692307692308	0.1
6	1.0255377707274065	0.4782608695652174	0.1
6	1.024026733572765	0.478494623655914	0.1
6	1.020738071583687	0.48404255319148937	0.1
6	1.0213590007079274	0.4842105263157895	0.1
6	1.0188228252033393	0.4869791666666667	0.1
6	1.0161730167792016	0.4896907216494845	0.1
6	1.0136064972196306	0.4923469387755102	0.1
6	1.0180220507612132	0.4898989898989899	0.1
6	1.0172972285747528	0.49	0.1
6	1.0144001127469657	0.49257425742574257	0.1
6	1.0114642340762943	0.4950980392156863	0.1
6	1.015855930962609	0.49271844660194175	0.1
6	1.0150328524983847	0.49278846153846156	0.1
6	1.0192322668575104	0.49047619047619045	0.1
6	1.0181927056807392	0.49056603773584906	0.1
6	1.0170823218666505	0.49065420560747663	0.1
6	1.014659709400601	0.4930555555555556	0.1
6	1.0133255408444535	0.49311926605504586	0.1
6	1.0120956404642625	0.49318181818181817	0.1
6	1.0135211316314903	0.49099099099099097	0.1
6	1.0124445637421948	0.4888392857142857	0.1
6	1.0107183377299689	0.4911504424778761	0.1
6	1.0143741311734182	0.49122807017543857	0.1
6	1.0158722602802774	0.49130434782608695	0.1
6	1.0165852303134983	0.49353448275862066	0.1
6	1.0178645029027238	0.49145299145299143	0.1
6	1.0164282660363084	0.4915254237288136	0.1
6	1.0152806344152498	0.4894957983193277	0.1
6	1.0132020915548006	0.49375	0.1
6	1.011437297359971	0.49586776859504134	0.1
6	1.0122467469973642	0.4959016393442623	0.1
6	1.0110935055143464	0.4959349593495935	0.1
6	1.0089090879886382	0.49798387096774194	0.1
6	1.0078815946578978	0.498	0.1
6	1.005504478537847	0.5	0.1
6	1.010027437698184	0.49803149606299213	0.1
6	1.0088994693942368	0.498046875	0.1
6	1.011018695295319	0.49612403100775193	0.1
6	1.007409479526373	0.5	0.1
6	1.0073982754736457	0.49809160305343514	0.1
6	1.0071456825191325	0.4962121212121212	0.1
6	1.0048037978043234	0.4981203007518797	0.1
6	1.0039458977642344	0.4962686567164179	0.1
6	1.0027001645829943	0.4962962962962963	0.1
6	1.0012377605718725	0.4963235294117647	0.1
6	1.0027665361000673	0.49452554744525545	0.1
6	1.0016453611677971	0.4927536231884058	0.1
6	1.0035030919013264	0.4910071942446043	0.1
6	1.0051782139710017	0.49107142857142855	0.1
6	1.0035197117649917	0.48936170212765956	0.1
6	1.0017507915765467	0.49119718309859156	0.1
6	1.0005979738035402	0.49125874125874125	0.1
6	0.9989144206047058	0.4930555555555556	0.1
6	1.0032302083640263	0.49137931034482757	0.1
6	1.0016641976082161	0.4914383561643836	0.1
6	0.9988530103852149	0.49489795918367346	0.1
6	1.0029884826492619	0.49324324324324326	0.1
6	1.0072862245892518	0.49161073825503354	0.1
6	1.0038778694470722	0.495	0.1
6	1.0046998215037466	0.49503311258278143	0.1
6	1.0082239994877262	0.4934210526315789	0.1
6	1.0103605385699304	0.4918300653594771	0.1
6	1.0082107612064906	0.4935064935064935	0.1
6	1.0099596277359992	0.49193548387096775	0.1
6	1.0114384622145922	0.49038461538461536	0.1
6	1.0114441502625775	0.49044585987261147	0.1
6	1.0112927235380005	0.49050632911392406	0.1
6	1.0111558238665264	0.49056603773584906	0.1
6	1.0096256241202355	0.4921875	0.1
6	1.009566981599938	0.4922360248447205	0.1
6	1.0087854979950706	0.49382716049382713	0.1
6	1.0089031465214455	0.4938650306748466	0.1
6	1.0071974658384555	0.4969512195121951	0.1
6	1.0063578284148014	0.4984848484848485	0.1
6	1.0056121625814094	0.5	0.1
6	1.003567397594452	0.5029940119760479	0.1
6	1.0013868429121517	0.5059523809523809	0.1
6	1.0045832469618532	0.5029585798816568	0.1
6	1.0021950844456167	0.5058823529411764	0.1
6	1.0008539899050841	0.5073099415204678	0.1
6	1.0016722308341848	0.5072674418604651	0.1
6	1.0008047037041945	0.5072254335260116	0.1
6	0.9981156584175154	0.5100574712643678	0.1
6	1.0018943285942077	0.5071428571428571	0.1
6	1.0033285472203384	0.5071022727272727	0.1
6	1.0035295678397356	0.5056497175141242	0.1
6	1.0019464023997275	0.5070224719101124	0.1
6	1.0000722408294678	0.5083798882681564	0.1
6	0.9995863864819209	0.5083333333333333	0.1
6	0.9993044898654875	0.5096685082872928	0.1
6	0.9989565718959976	0.510989010989011	0.1
6	1.000463117992943	0.5095628415300546	0.1
6	1.0015491529003433	0.5081521739130435	0.1
6	0.9999445493156845	0.5094594594594595	0.1
6	1.001489866484878	0.5080645161290323	0.1
6	1.0026213622348195	0.5053475935828877	0.1
6	1.0037493702579052	0.5039893617021277	0.1
6	1.0015110874932909	0.5066137566137566	0.1
6	1.0021795881421942	0.506578947368421	0.1
6	1.0009138799462642	0.5078534031413613	0.1
6	1.0007883819441001	0.5065104166666666	0.1
6	1.001860127547862	0.5051813471502591	0.1
6	1.001866136015076	0.5038659793814433	0.1
6	1.0008874006760426	0.5038461538461538	0.1
6	1.0020908828900785	0.5025510204081632	0.1
6	1.000901305736019	0.5038071065989848	0.1
6	1.0009656024701667	0.5050505050505051	0.1
6	1.001199821730954	0.5050251256281407	0.1
6	1.001368756890297	0.50375	0.1
6	1.000988609162136	0.503731343283582	0.1
6	1.0012007562240752	0.5037128712871287	0.1
6	1.0008019672826005	0.5036945812807881	0.1
6	1.0015888068021512	0.5024509803921569	0.1
7	1.1484081745147705	0.5	0.1
7	0.9732601046562195	0.5	0.1
7	0.9476749499638876	0.5	0.1
7	0.9042996466159821	0.5	0.1
7	0.9618217468261718	0.45	0.1
7	0.9908844232559204	0.4583333333333333	0.1
7	0.9613841942378453	0.5	0.1
7	0.9308637976646423	0.53125	0.1
7	0.9153531657324897	0.5277777777777778	0.1
7	0.909449714422226	0.525	0.1
7	0.9471534869887612	0.5	0.1
7	0.9296090205510458	0.5208333333333334	0.1
7	0.9117050858644339	0.5384615384615384	0.1
7	0.9297881083829063	0.5357142857142857	0.1
7	0.9149249792098999	0.55	0.1
7	0.9013313055038452	0.5625	0.1
7	0.9080999248168048	0.5441176470588235	0.1
7	0.8956348763571845	0.5555555555555556	0.1
7	0.8925450663817557	0.5526315789473685	0.1
7	0.9084294974803925	0.55	0.1
7	0.9453717924299694	0.5357142857142857	0.1
7	0.9339474277062849	0.5454545454545454	0.1
7	0.9236283613287884	0.5543478260869565	0.1
7	0.9336000283559164	0.5520833333333334	0.1
7	0.9237322521209717	0.56	0.1
7	0.9372851298405573	0.5480769230769231	0.1
7	0.9334784083896213	0.5462962962962963	0.1
7	0.9249395983559745	0.5535714285714286	0.1
7	0.9223362577372584	0.5517241379310345	0.1
7	0.9225063959757487	0.5416666666666666	0.1
7	0.9299158819260136	0.5403225806451613	0.1
7	0.9243397153913975	0.546875	0.1
7	0.9438635327599265	0.5378787878787878	0.1
7	0.9383269846439362	0.5441176470588235	0.1
7	0.9443957550185067	0.5428571428571428	0.1
7	0.9390004161331389	0.5486111111111112	0.1
7	0.9442020090850624	0.5472972972972973	0.1
7	0.9381906311762961	0.5526315789473685	0.1
7	0.9326971005170773	0.5576923076923077	0.1
7	0.9270915955305099	0.5625	0.1
7	0.9317050009239011	0.5609756097560976	0.1
7	0.9258478170349485	0.5654761904761905	0.1
7	0.9308453631955523	0.563953488372093	0.1
7	0.9249280013821342	0.5681818181818182	0.1
7	0.9301265875498453	0.5611111111111111	0.1
7	0.9344366089157436	0.5543478260869565	0.1
7	0.9427452467857523	0.5478723404255319	0.1
7	0.9497719630599022	0.5416666666666666	0.1
7	0.9474080058993125	0.5408163265306123	0.1
7	0.9461022365093231	0.535	0.1
7	0.9434300462404887	0.5343137254901961	0.1
7	0.9407240221133599	0.5336538461538461	0.1
7	0.9457770113675099	0.5283018867924528	0.1
7	0.9446545210149553	0.5231481481481481	0.1
7	0.9444622093980962	0.5136363636363637	0.1
7	0.9424419179558754	0.5089285714285714	0.1
7	0.9538052029776991	0.5043859649122807	0.1
7	0.9503966199940649	0.5086206896551724	0.1
7	0.9608606140492326	0.5042372881355932	0.1
7	0.9585507283608119	0.5041666666666667	0.1
7	0.9682083256909104	0.5	0.1
7	0.9642075386739546	0.5040322580645161	0.1
7	0.9664917909909808	0.503968253968254	0.1
7	0.9710115091875196	0.5	0.1
7	0.9673875405238225	0.5038461538461538	0.1
7	0.9661339882648352	0.5037878787878788	0.1
7	0.96750337864036	0.503731343283582	0.1
7	0.9738699916531058	0.5	0.1
7	0.9707376257232998	0.5036231884057971	0.1
7	0.9680695244244166	0.5071428571428571	0.1
7	0.9691438792457043	0.5035211267605634	0.1
7	0.9663368082708783	0.5069444444444444	0.1
7	0.9636734822025038	0.5102739726027398	0.1
7	0.967228353023529	0.5067567567567568	0.1
7	0.9689216470718384	0.5066666666666667	0.1
7	0.9706030707610281	0.506578947368421	0.1
7	0.9764025505487021	0.5032467532467533	0.1
7	0.9819763562618158	0.5	0.1
7	0.9795287138299097	0.5031645569620253	0.1
7	0.9817524358630181	0.5	0.1
7	0.9828157969463018	0.5	0.1
7	0.9840388952231989	0.5	0.1
7	0.9845686073762825	0.5	0.1
7	0.985340070156824	0.5	0.1
7	0.9870770173914293	0.4970588235294118	0.1
7	0.985369170127913	0.5	0.1
7	0.9841071538541509	0.5028735632183908	0.1
7	0.98567192053253	0.5	0.1
7	0.9890456527806399	0.49719101123595505	0.1
7	0.9883378214306302	0.49722222222222223	0.1
7	0.9899536738028893	0.4945054945054945	0.1
7	0.9915144871110502	0.49184782608695654	0.1
7	0.990290666139254	0.4946236559139785	0.1
7	0.9911995669628711	0.4920212765957447	0.1
7	0.9925213600459851	0.48947368421052634	0.1
7	0.9914492356280485	0.4921875	0.1
7	0.9940762630442983	0.4896907216494845	0.1
7	0.9932026400858042	0.4897959183673469	0.1
7	0.993960723732457	0.48737373737373735	0.1
7	0.9930740916728973	0.4875	0.1
7	0.9944095906644764	0.48514851485148514	0.1
7	0.995544667337455	0.4852941176470588	0.1
7	0.9947177484197524	0.4854368932038835	0.1
7	0.9935841875580641	0.4855769230769231	0.1
7	0.9928601287660145	0.4857142857142857	0.1
7	0.9943927425258564	0.4834905660377358	0.1
7	0.993498535356789	0.48364485981308414	0.1
7	0.9924201672827756	0.4837962962962963	0.1
7	0.9913455493953249	0.48394495412844035	0.1
7	0.9896839645775881	0.4863636363636364	0.1
7	0.9910812125549661	0.4864864864864865	0.1
7	0.9892049963985171	0.4888392857142857	0.1
7	0.9909756531757591	0.48672566371681414	0.1
7	0.9923439611468399	0.4868421052631579	0.1
7	0.9941021224726801	0.48478260869565215	0.1
7	0.9919692123758381	0.4870689655172414	0.1
7	0.9939002450714763	0.48504273504273504	0.1
7	0.9918266923750861	0.4872881355932203	0.1
7	0.9890468426111365	0.49159663865546216	0.1
7	0.9868778343002002	0.49375	0.1
7	0.9891873898584981	0.49173553719008267	0.1
7	0.9892006355230926	0.48975409836065575	0.1
7	0.9857777865921579	0.49390243902439024	0.1
7	0.9834154262658088	0.4959677419354839	0.1
7	0.9797403512001037	0.5	0.1
7	0.9851354270700424	0.498015873015873	0.1
7	0.9859756667782941	0.49606299212598426	0.1
7	0.9888740382157266	0.494140625	0.1
7	0.9879281174304874	0.4941860465116279	0.1
7	0.9926089291389172	0.49230769230769234	0.1
7	0.9934368765991153	0.49236641221374045	0.1
7	0.9941968615307952	0.49242424242424243	0.1
7	0.9950870755023526	0.4924812030075188	0.1
7	0.996492846243417	0.4906716417910448	0.1
7	0.9958516240119935	0.4888888888888889	0.1
7	0.994636851198533	0.49080882352941174	0.1
7	0.9955214479543867	0.4908759124087591	0.1
7	0.9944574586723162	0.4927536231884058	0.1
7	0.9940931835620523	0.49280575539568344	0.1
7	0.9951264411211014	0.49107142857142855	0.1
7	0.9979601798328102	0.48936170212765956	0.1
7	0.996839917881388	0.49119718309859156	0.1
7	0.995672779483395	0.493006993006993	0.1
7	0.9981796228223376	0.4913194444444444	0.1
7	1.000637361921113	0.4896551724137931	0.1
7	1.0011849934107637	0.4897260273972603	0.1
7	1.0005767763066453	0.4897959183673469	0.1
7	1.0005432383434192	0.48817567567567566	0.1
7	0.9999592064211033	0.48825503355704697	0.1
7	0.9989415351549784	0.49	0.1
7	0.9994492333456381	0.4900662251655629	0.1
7	0.9991523627387849	0.48848684210526316	0.1
7	0.9980050827942643	0.49019607843137253	0.1
7	0.9968404975030329	0.49188311688311687	0.1
7	0.9959688105890828	0.49193548387096775	0.1
7	0.9950854033231735	0.49198717948717946	0.1
7	0.9935983901570558	0.49363057324840764	0.1
7	0.9943943027454086	0.4936708860759494	0.1
7	0.9933464965730343	0.4937106918238994	0.1
7	0.9923128113150597	0.49375	0.1
7	0.9917914889614035	0.4922360248447205	0.1
7	0.9901849686363597	0.49382716049382713	0.1
7	0.9880964437876743	0.49693251533742333	0.1
7	0.9897962477875919	0.4954268292682927	0.1
7	0.9909955469044772	0.4954545454545455	0.1
7	0.9891585438366396	0.49698795180722893	0.1
7	0.9880817946559655	0.49700598802395207	0.1
7	0.989950516748996	0.4955357142857143	0.1
7	0.9894687321764477	0.4940828402366864	0.1
7	0.9887941840816946	0.49264705882352944	0.1
7	0.9899334534567003	0.4926900584795322	0.1
7	0.9884870762741843	0.4956395348837209	0.1
7	0.989851923691744	0.49421965317919075	0.1
7	0.9885478992571776	0.4956896551724138	0.1
7	0.9898613943372454	0.4942857142857143	0.1
7	0.9888608049262654	0.4928977272727273	0.1
7	0.9877846675404047	0.4915254237288136	0.1
7	0.9867358304811328	0.4901685393258427	0.1
7	0.9855248132231516	0.49022346368715086	0.1
7	0.986842793557379	0.49027777777777776	0.1
7	0.9882084720701144	0.4889502762430939	0.1
7	0.9871723180288797	0.489010989010989	0.1
7	0.9883882491314997	0.48770491803278687	0.1
7	0.9873648460792459	0.48777173913043476	0.1
7	0.9862262845039368	0.4891891891891892	0.1
7	0.9873302941040326	0.489247311827957	0.1
7	0.988419955108255	0.4879679144385027	0.1
7	0.9893857142392625	0.488031914893617	0.1
7	0.990285335709809	0.4880952380952381	0.1
7	0.9893010299456747	0.4881578947368421	0.1
7	0.9902517636408981	0.4869109947643979	0.1
7	0.989141859424611	0.48828125	0.1
7	0.9885023140536688	0.48704663212435234	0.1
7	0.9878077915648824	0.48582474226804123	0.1
7	0.9871052222374158	0.4846153846153846	0.1
7	0.986142518569012	0.48596938775510207	0.1
7	0.9871231644286722	0.4847715736040609	0.1
7	0.9898210685662548	0.48358585858585856	0.1
7	0.9903816152457616	0.4836683417085427	0.1
7	0.9890188640356063	0.485	0.1
7	0.9896726833647164	0.48507462686567165	0.1
7	0.9919892455091571	0.4839108910891089	0.1
7	0.9905321037240804	0.4852216748768473	0.1
7	0.9901965789350808	0.4852941176470588	0.1
8	0.7051440477371216	0.75	0.1
8	1.0031368136405945	0.5	0.1
8	1.0380924145380657	0.5	0.1
8	0.921994224190712	0.625	0.1
8	0.8859909415245056	0.65	0.1
8	0.8546774387359619	0.6666666666666666	0.1
8	0.8675292900630406	0.6428571428571429	0.1
8	0.849115401506424	0.65625	0.1
8	0.8586871027946472	0.6388888888888888	0.1
8	0.8651394546031952	0.625	0.1
8	0.8688534877517007	0.6136363636363636	0.1
8	0.8701676477988561	0.6041666666666666	0.1
8	0.8676962485680213	0.5961538461538461	0.1
8	0.8976565599441528	0.5714285714285714	0.1
8	0.9131390651067098	0.5666666666666667	0.1
8	0.9551247134804726	0.546875	0.1
8	0.9656890981337604	0.5441176470588235	0.1
8	0.9575517707400851	0.5416666666666666	0.1
8	0.9471508421395954	0.5526315789473685	0.1
8	0.9410062968730927	0.55	0.1
8	0.935649763970148	0.5476190476190477	0.1
8	0.9293212240392511	0.5454545454545454	0.1
8	0.9221430058064668	0.5543478260869565	0.1
8	0.9161196574568748	0.5625	0.1
8	0.9265455412864685	0.56	0.1
8	0.9505030352335709	0.5480769230769231	0.1
8	0.9418653227664806	0.5555555555555556	0.1
8	0.9380797892808914	0.5535714285714286	0.1
8	0.9346364078850582	0.5517241379310345	0.1
8	0.9453490018844605	0.5416666666666666	0.1
8	0.941043826841539	0.5403225806451613	0.1
8	0.9345755465328693	0.546875	0.1
8	0.9309925744027803	0.5454545454545454	0.1
8	0.9250365443089429	0.5514705882352942	0.1
8	0.9189719046865191	0.5571428571428572	0.1
8	0.9129561401075788	0.5625	0.1
8	0.9070225744634062	0.5675675675675675	0.1
8	0.9009963775935926	0.5723684210526315	0.1
8	0.8948525450168512	0.5769230769230769	0.1
8	0.8887056261301041	0.58125	0.1
8	0.887564752160049	0.5792682926829268	0.1
8	0.8949716091156006	0.5773809523809523	0.1
8	0.8942272829454999	0.5755813953488372	0.1
8	0.9021545350551605	0.5738636363636364	0.1
8	0.9054146713680691	0.5666666666666667	0.1
8	0.9037037880524345	0.5652173913043478	0.1
8	0.9138556693462615	0.5585106382978723	0.1
8	0.920337493220965	0.5572916666666666	0.1
8	0.9174867734617117	0.5561224489795918	0.1
8	0.914553381204605	0.555	0.1
8	0.9207755923271179	0.553921568627451	0.1
8	0.9175761846395639	0.5576923076923077	0.1
8	0.9233368837608481	0.5566037735849056	0.1
8	0.9210420239854742	0.5509259259259259	0.1
8	0.9187193567102606	0.5454545454545454	0.1
8	0.9310089115585599	0.5446428571428571	0.1
8	0.9287665350395337	0.5394736842105263	0.1
8	0.9266361327006899	0.5344827586206896	0.1
8	0.9242364562163918	0.5338983050847458	0.1
8	0.9350433121124904	0.5291666666666667	0.1
8	0.9330498253712889	0.5204918032786885	0.1
8	0.943508465443888	0.5161290322580645	0.1
8	0.9473013442660135	0.5119047619047619	0.1
8	0.9505389500409365	0.51171875	0.1
8	0.9579799010203435	0.5076923076923077	0.1
8	0.9567116327358015	0.5037878787878788	0.1
8	0.9551861748766544	0.503731343283582	0.1
8	0.9537752726498772	0.5073529411764706	0.1
8	0.9597680585971777	0.5036231884057971	0.1
8	0.9586957667555128	0.5	0.1
8	0.957789807252481	0.5	0.1
8	0.9567468994193606	0.5	0.1
8	0.9556956405509008	0.5	0.1
8	0.9551512486225849	0.4966216216216216	0.1
8	0.9534537521998088	0.5	0.1
8	0.953248171429885	0.4934210526315789	0.1
8	0.9523748391634458	0.487012987012987	0.1
8	0.954816738764445	0.48717948717948717	0.1
8	0.9524626505525806	0.49050632911392406	0.1
8	0.9508752763271332	0.490625	0.1
8	0.9462966676111575	0.49691358024691357	0.1
8	0.9430163022948475	0.5	0.1
8	0.9445632308362478	0.49698795180722893	0.1
8	0.9474106771605355	0.49702380952380953	0.1
8	0.9438431045588325	0.5	0.1
8	0.9432204164737878	0.5	0.1
8	0.9523202283629055	0.49712643678160917	0.1
8	0.9464655389839952	0.5028409090909091	0.1
8	0.9490934938527225	0.5028089887640449	0.1
8	0.9457315736346774	0.5055555555555555	0.1
8	0.9450698704509944	0.5054945054945055	0.1
8	0.9442388674487239	0.5054347826086957	0.1
8	0.9464759390841249	0.5053763440860215	0.1
8	0.9454981450070726	0.5053191489361702	0.1
8	0.9426129529350682	0.5078947368421053	0.1
8	0.9465138278901577	0.5052083333333334	0.1
8	0.9452348468229943	0.5051546391752577	0.1
8	0.9416642572198596	0.5102040816326531	0.1
8	0.938134840642563	0.5151515151515151	0.1
8	0.9452498644590378	0.5125	0.1
8	0.9473620316769817	0.5123762376237624	0.1
8	0.9507779706926907	0.5098039215686274	0.1
8	0.9567944719953444	0.5072815533980582	0.1
8	0.9556327582551882	0.5072115384615384	0.1
8	0.9556701359294709	0.5047619047619047	0.1
8	0.9545011211116359	0.5047169811320755	0.1
8	0.9526909155266308	0.5070093457943925	0.1
8	0.9519283258252673	0.5046296296296297	0.1
8	0.9564516276394556	0.5022935779816514	0.1
8	0.9553399080579931	0.5045454545454545	0.1
8	0.9541314045588175	0.5045045045045045	0.1
8	0.952563923384462	0.5066964285714286	0.1
8	0.954122559159203	0.5066371681415929	0.1
8	0.952510898050509	0.5087719298245614	0.1
8	0.9547498811846195	0.5065217391304347	0.1
8	0.9548280645033409	0.5043103448275862	0.1
8	0.9529972025471874	0.5064102564102564	0.1
8	0.9511546851214716	0.5084745762711864	0.1
8	0.9500247139890655	0.5084033613445378	0.1
8	0.9524678339560827	0.50625	0.1
8	0.9537854972949698	0.506198347107438	0.1
8	0.9529645418534514	0.5061475409836066	0.1
8	0.9577949061626341	0.5040650406504065	0.1
8	0.9565070333980745	0.5040322580645161	0.1
8	0.958359236240387	0.502	0.1
8	0.9570838761708093	0.501984126984127	0.1
8	0.9555492818824888	0.5039370078740157	0.1
8	0.9570820773951709	0.50390625	0.1
8	0.9609861812850301	0.501937984496124	0.1
8	0.95974224118086	0.5038461538461538	0.1
8	0.9584339720602254	0.5057251908396947	0.1
8	0.958393650524544	0.5037878787878788	0.1
8	0.9569483305278578	0.5056390977443609	0.1
8	0.9569237668122819	0.503731343283582	0.1
8	0.9590200194606074	0.5018518518518519	0.1
8	0.9575970821520862	0.5036764705882353	0.1
8	0.9586358418429854	0.5036496350364964	0.1
8	0.9575279631476471	0.5036231884057971	0.1
8	0.9585825204849243	0.5035971223021583	0.1
8	0.9575166463851928	0.5035714285714286	0.1
8	0.9566913327426775	0.5035460992907801	0.1
8	0.9582577574420983	0.5017605633802817	0.1
8	0.9597107138667074	0.5017482517482518	0.1
8	0.9610791396763589	0.5	0.1
8	0.9624316955434865	0.5	0.1
8	0.9637426431864908	0.4982876712328767	0.1
8	0.9628250067736827	0.5	0.1
8	0.9623271702109156	0.4966216216216216	0.1
8	0.9614147443899372	0.4966442953020134	0.1
8	0.960384484132131	0.49833333333333335	0.1
8	0.9612384987193228	0.49834437086092714	0.1
8	0.9626048575890692	0.4967105263157895	0.1
8	0.9618940844255335	0.49673202614379086	0.1
8	0.9649291355888565	0.49512987012987014	0.1
8	0.9659342250516337	0.49516129032258066	0.1
8	0.9651637891164193	0.4951923076923077	0.1
8	0.9644250835582708	0.49522292993630573	0.1
8	0.9636989247195328	0.495253164556962	0.1
8	0.9625950999229959	0.4968553459119497	0.1
8	0.9617910645902157	0.496875	0.1
8	0.9606568206171071	0.4984472049689441	0.1
8	0.9589003089033528	0.5015432098765432	0.1
8	0.9596626904844506	0.5015337423312883	0.1
8	0.9627948912178598	0.5	0.1
8	0.963816186876008	0.5	0.1
8	0.9621638763381775	0.5015060240963856	0.1
8	0.9642428902094949	0.5	0.1
8	0.9627712298007238	0.5014880952380952	0.1
8	0.9622309236131477	0.5014792899408284	0.1
8	0.9606494100654827	0.5029411764705882	0.1
8	0.9591054867582711	0.5043859649122807	0.1
8	0.9586961414924887	0.5043604651162791	0.1
8	0.9591404268507323	0.5028901734104047	0.1
8	0.959896762480681	0.5028735632183908	0.1
8	0.9585067680903844	0.5042857142857143	0.1
8	0.9618305259130218	0.5028409090909091	0.1
8	0.9652268637371602	0.501412429378531	0.1
8	0.9644499695702885	0.5014044943820225	0.1
8	0.9632937382053397	0.5027932960893855	0.1
8	0.9622427052921719	0.5041666666666667	0.1
8	0.9616431544498844	0.5041436464088398	0.1
8	0.9613890484139159	0.5027472527472527	0.1
8	0.9607116918746239	0.5027322404371585	0.1
8	0.9601683956773385	0.5027173913043478	0.1
8	0.9612955715205218	0.5027027027027027	0.1
8	0.9605223315377389	0.5026881720430108	0.1
8	0.9618953144486575	0.5013368983957219	0.1
8	0.9609813189252894	0.5026595744680851	0.1
8	0.9600224236331919	0.503968253968254	0.1
8	0.9611329925687689	0.5026315789473684	0.1
8	0.960120734744047	0.5039267015706806	0.1
8	0.9612779089560112	0.50390625	0.1
8	0.9598178202624148	0.5064766839378239	0.1
8	0.9590298770014772	0.5064432989690721	0.1
8	0.96225091952544	0.5051282051282051	0.1
8	0.9623341751950127	0.5038265306122449	0.1
8	0.9636936063693865	0.5025380710659898	0.1
8	0.9624546685002067	0.5037878787878788	0.1
8	0.9617559047200572	0.5037688442211056	0.1
8	0.96059579372406	0.505	0.1
8	0.9594267838036836	0.5062189054726368	0.1
8	0.9601567269551872	0.5061881188118812	0.1
8	0.9594521939460867	0.5061576354679803	0.1
8	0.9582746917126226	0.5073529411764706	0.1
9	1.1531627178192139	0.5	0.1
9	1.3626291751861572	0.375	0.1
9	1.4232016404469807	0.3333333333333333	0.1
9	1.2762688249349594	0.375	0.1
9	1.144541084766388	0.5	0.1
9	1.1415355106194813	0.5	0.1
9	1.156213002545493	0.4642857142857143	0.1
9	1.1487442627549171	0.46875	0.1
9	1.1036206417613559	0.5	0.1
9	1.0837679207324982	0.5	0.1
9	1.0651021816513755	0.5	0.1
9	1.0406697144110997	0.5208333333333334	0.1
9	1.0466468930244446	0.5192307692307693	0.1
9	1.0356475242546626	0.5178571428571429	0.1
9	1.0515003323554992	0.5	0.1
9	1.0465593859553337	0.484375	0.1
9	1.0359967210713554	0.4852941176470588	0.1
9	1.0220168199804094	0.5	0.1
9	1.0116993533937555	0.5	0.1
9	0.9994040042161941	0.525	0.1
9	0.9886586722873506	0.5357142857142857	0.1
9	0.9803279665383425	0.5340909090909091	0.1
9	0.9909360642018525	0.5217391304347826	0.1
9	0.9831783026456833	0.5208333333333334	0.1
9	0.9693921995162964	0.54	0.1
9	0.9590754600671622	0.5480769230769231	0.1
9	0.953259406266389	0.5462962962962963	0.1
9	0.9432282256228584	0.5535714285714286	0.1
9	0.9710261883406803	0.5431034482758621	0.1
9	0.9606797973314921	0.55	0.1
9	0.9858447159490278	0.5403225806451613	0.1
9	0.9974541738629341	0.53125	0.1
9	0.9972909399957368	0.5227272727272727	0.1
9	0.9882879257202148	0.5294117647058824	0.1
9	0.9801954048020499	0.5357142857142857	0.1
9	0.9846171057886548	0.5347222222222222	0.1
9	0.9799582265518807	0.5337837837837838	0.1
9	0.9838856097898985	0.5328947368421053	0.1
9	0.9984246477102622	0.5256410256410257	0.1
9	1.0019976988434791	0.525	0.1
9	0.9960477860962472	0.5304878048780488	0.1
9	0.9902779360612234	0.5357142857142857	0.1
9	0.9931877699009207	0.5348837209302325	0.1
9	0.9902085174213756	0.5340909090909091	0.1
9	0.9928880400127835	0.5333333333333333	0.1
9	0.9951936421187028	0.532608695652174	0.1
9	0.9926199431115008	0.5319148936170213	0.1
9	0.9930760388573011	0.5260416666666666	0.1
9	0.9927270217817656	0.5204081632653061	0.1
9	0.9899065279960633	0.52	0.1
9	0.987054235794965	0.5196078431372549	0.1
9	0.9900299081435571	0.5192307692307693	0.1
9	0.9925922897626769	0.5188679245283019	0.1
9	1.0008105216202912	0.5138888888888888	0.1
9	0.9976859201084484	0.509090909090909	0.1
9	0.9945814056055886	0.5178571428571429	0.1
9	0.9921376997964424	0.5131578947368421	0.1
9	0.9899050655036137	0.5086206896551724	0.1
9	0.9870568786637258	0.5084745762711864	0.1
9	0.9843069990475972	0.5083333333333333	0.1
9	0.9814430230953655	0.5081967213114754	0.1
9	0.9843677638038513	0.5080645161290323	0.1
9	0.9928043768519447	0.503968253968254	0.1
9	0.9892646642401814	0.5078125	0.1
9	0.9868225391094502	0.5076923076923077	0.1
9	0.9845068680517601	0.5075757575757576	0.1
9	0.9822235062940797	0.5074626865671642	0.1
9	0.9842859269941554	0.5073529411764706	0.1
9	0.9806373300759689	0.5108695652173914	0.1
9	0.9797882097108024	0.5071428571428571	0.1
9	0.9760354136077452	0.5105633802816901	0.1
9	0.9843085408210754	0.5069444444444444	0.1
9	0.981913633542518	0.5068493150684932	0.1
9	0.9852914665196393	0.5033783783783784	0.1
9	0.9883697541554769	0.5	0.1
9	0.9854644874208852	0.5032894736842105	0.1
9	0.9877167142830886	0.5032467532467533	0.1
9	0.98537905781697	0.5032051282051282	0.1
9	0.9836363822599	0.5	0.1
9	0.9820019841194153	0.49375	0.1
9	0.9797685286145151	0.49074074074074076	0.1
9	0.9776746172730516	0.4878048780487805	0.1
9	0.975853130759963	0.4819277108433735	0.1
9	0.9780710133768263	0.4791666666666667	0.1
9	0.9758227874250973	0.47941176470588237	0.1
9	0.9735813397307729	0.4796511627906977	0.1
9	0.9809079341504766	0.47701149425287354	0.1
9	0.979012855751948	0.4772727272727273	0.1
9	0.9760939036862234	0.4803370786516854	0.1
9	0.9734429445531633	0.48333333333333334	0.1
9	0.970781569297497	0.48626373626373626	0.1
9	0.9691945178353268	0.48641304347826086	0.1
9	0.9676634964122567	0.48655913978494625	0.1
9	0.9697830962373856	0.4867021276595745	0.1
9	0.9668173200205753	0.48947368421052634	0.1
9	0.9666954626639684	0.4869791666666667	0.1
9	0.9740803167992031	0.4845360824742268	0.1
9	0.9712624562029936	0.4872448979591837	0.1
9	0.9694765631598655	0.48737373737373735	0.1
9	0.9763763815164566	0.485	0.1
9	0.9738133372646747	0.4876237623762376	0.1
9	0.9766884428613326	0.4852941176470588	0.1
9	0.9785106199458965	0.4854368932038835	0.1
9	0.979980424619638	0.4855769230769231	0.1
9	0.977889236949739	0.4880952380952381	0.1
9	0.9772054553031921	0.4858490566037736	0.1
9	0.9790735478713134	0.48364485981308414	0.1
9	0.977686733007431	0.4837962962962963	0.1
9	0.9791725447418493	0.48394495412844035	0.1
9	0.9772822358391502	0.48863636363636365	0.1
9	0.9759806689915357	0.48873873873873874	0.1
9	0.9746224965367999	0.4888392857142857	0.1
9	0.9792036757004999	0.48672566371681414	0.1
9	0.9784683992988185	0.48464912280701755	0.1
9	0.9801442633504452	0.4826086956521739	0.1
9	0.9787835704869238	0.4827586206896552	0.1
9	0.9774025821278238	0.48504273504273504	0.1
9	0.9762055419259152	0.4851694915254237	0.1
9	0.9750069339736169	0.4831932773109244	0.1
9	0.9764350364605586	0.48125	0.1
9	0.9778450402346525	0.4793388429752066	0.1
9	0.982163447825635	0.4774590163934426	0.1
9	0.9834571727892247	0.47764227642276424	0.1
9	0.9845760993419155	0.4798387096774194	0.1
9	0.9835129208564758	0.48	0.1
9	0.9825428615486811	0.4801587301587302	0.1
9	0.9834330039700185	0.48031496062992124	0.1
9	0.9844338879920542	0.48046875	0.1
9	0.9830790642620058	0.48255813953488375	0.1
9	0.982135434792592	0.4826923076923077	0.1
9	0.9835826126673749	0.48091603053435117	0.1
9	0.9813086232452681	0.48484848484848486	0.1
9	0.9821691634063434	0.4849624060150376	0.1
9	0.9814982307491018	0.48507462686567165	0.1
9	0.9807427521105165	0.48518518518518516	0.1
9	0.982487761799027	0.4834558823529412	0.1
9	0.9815980300416042	0.4835766423357664	0.1
9	0.9815396372822748	0.48188405797101447	0.1
9	0.979833013719792	0.48381294964028776	0.1
9	0.9783211635691779	0.4857142857142857	0.1
9	0.9798259849243975	0.48404255319148937	0.1
9	0.9783256238615009	0.4859154929577465	0.1
9	0.9771270914511248	0.486013986013986	0.1
9	0.975205683045917	0.4895833333333333	0.1
9	0.9763130566169476	0.4896551724137931	0.1
9	0.9774702281168063	0.4897260273972603	0.1
9	0.9755380364502368	0.4914965986394558	0.1
9	0.9797275775187725	0.48986486486486486	0.1
9	0.9767896296993998	0.49328859060402686	0.1
9	0.9747061264514923	0.495	0.1
9	0.9741312577234988	0.49503311258278143	0.1
9	0.9748826681783325	0.4934210526315789	0.1
9	0.9758871548316058	0.4934640522875817	0.1
9	0.9739698256765094	0.49512987012987014	0.1
9	0.9761925520435456	0.4935483870967742	0.1
9	0.9743456542491913	0.4951923076923077	0.1
9	0.9725618480117457	0.4968152866242038	0.1
9	0.9745879486391816	0.495253164556962	0.1
9	0.9737781252501145	0.49528301886792453	0.1
9	0.9721597418189049	0.496875	0.1
9	0.9713577483751759	0.4968944099378882	0.1
9	0.9697968341686107	0.4984567901234568	0.1
9	0.967500777698002	0.5015337423312883	0.1
9	0.9693709840861763	0.5	0.1
9	0.9685292861678384	0.5	0.1
9	0.9660578161837107	0.5030120481927711	0.1
9	0.97016012525844	0.5014970059880239	0.1
9	0.9721981322481519	0.5	0.1
9	0.9732158727194431	0.5	0.1
9	0.974982366141151	0.4985294117647059	0.1
9	0.975958522300274	0.49853801169590645	0.1
9	0.9751047083111697	0.498546511627907	0.1
9	0.9743441501793834	0.4985549132947977	0.1
9	0.9730035049476843	0.5	0.1
9	0.9722826324190412	0.5	0.1
9	0.971118361773816	0.5014204545454546	0.1
9	0.9699228631574556	0.5028248587570622	0.1
9	0.9686271963494547	0.5042134831460674	0.1
9	0.9717865922597534	0.5027932960893855	0.1
9	0.9733669459819794	0.5013888888888889	0.1
9	0.9741971947211587	0.5013812154696132	0.1
9	0.9734712505078578	0.5013736263736264	0.1
9	0.9727833091886968	0.5013661202185792	0.1
9	0.9720117397930311	0.501358695652174	0.1
9	0.9708358622886039	0.5027027027027027	0.1
9	0.9705225081853969	0.5013440860215054	0.1
9	0.9693109364433085	0.5026737967914439	0.1
9	0.9681339320984292	0.5039893617021277	0.1
9	0.9690505550021217	0.503968253968254	0.1
9	0.9722192827023958	0.5026315789473684	0.1
9	0.973513003419207	0.5013089005235603	0.1
9	0.9723189923291405	0.5026041666666666	0.1
9	0.9711470866450373	0.5038860103626943	0.1
9	0.9724174237128386	0.5025773195876289	0.1
9	0.9716642233041617	0.5025641025641026	0.1
9	0.9704921224287578	0.5038265306122449	0.1
9	0.969274427382474	0.5050761421319797	0.1
9	0.9700375394989745	0.5050505050505051	0.1
9	0.9713466703592233	0.5037688442211056	0.1
9	0.9720649984478951	0.50375	0.1
9	0.9708560607326564	0.5049751243781094	0.1
9	0.9702958137092024	0.504950495049505	0.1
9	0.9709845749028211	0.5049261083743842	0.1
9	0.9735463165185031	0.5036764705882353	0.1
10	1.2331631183624268	0.25	0.1
10	0.9397575259208679	0.625	0.1
10	0.8400970101356506	0.75	0.1
10	0.936898723244667	0.625	0.1
10	0.9647297263145447	0.6	0.1
10	0.9821990629037222	0.5833333333333334	0.1
10	0.9446828791073391	0.6071428571428571	0.1
10	0.9603608176112175	0.59375	0.1
10	0.9532591236962212	0.5833333333333334	0.1
10	0.952809739112854	0.575	0.1
10	0.9787402586503462	0.5454545454545454	0.1
10	0.9464963028828303	0.5833333333333334	0.1
10	0.9552794098854065	0.5769230769230769	0.1
10	0.9395583144256047	0.5892857142857143	0.1
10	0.9137782454490662	0.6166666666666667	0.1
10	0.9219437278807163	0.609375	0.1
10	0.912898417781381	0.6176470588235294	0.1
10	0.9315308431784312	0.6111111111111112	0.1
10	0.930471094031083	0.6052631578947368	0.1
10	0.9066032826900482	0.625	0.1
10	0.8844889061791557	0.6428571428571429	0.1
10	0.8936358365145597	0.6363636363636364	0.1
10	0.9224791526794434	0.6195652173913043	0.1
10	0.9411257207393646	0.6041666666666666	0.1
10	0.9572862815856934	0.59	0.1
10	0.9736099609961877	0.5769230769230769	0.1
10	0.9725677922919944	0.5740740740740741	0.1
10	0.9893749483994075	0.5625	0.1
10	0.9873302352839503	0.5603448275862069	0.1
10	0.9788944602012635	0.575	0.1
10	0.9734148806141268	0.5806451612903226	0.1
10	0.9699599146842957	0.578125	0.1
10	0.9700152296008486	0.5681818181818182	0.1
10	0.9654525237924912	0.5735294117647058	0.1
10	0.9695966107504709	0.5642857142857143	0.1
10	0.9729125731521182	0.5625	0.1
10	0.9779889615806373	0.5540540540540541	0.1
10	0.975556094395487	0.5460526315789473	0.1
10	0.9719880941586617	0.5448717948717948	0.1
10	0.968151718378067	0.55	0.1
10	0.9728871351335107	0.5365853658536586	0.1
10	0.9690311295645577	0.5357142857142857	0.1
10	0.9737873021946397	0.5290697674418605	0.1
10	0.9710241136225787	0.5170454545454546	0.1
10	0.9686320079697504	0.5111111111111111	0.1
10	0.9731741638287253	0.5054347826086957	0.1
10	0.9693307660995646	0.5106382978723404	0.1
10	0.9745269355674585	0.5052083333333334	0.1
10	0.970962046360483	0.5102040816326531	0.1
10	0.9681637728214264	0.505	0.1
10	0.9647973577181498	0.5049019607843137	0.1
10	0.9614212512969971	0.5096153846153846	0.1
10	0.9587444404386124	0.5047169811320755	0.1
10	0.9564772126851259	0.5	0.1
10	0.9615096168084578	0.5	0.1
10	0.9570243837577956	0.5089285714285714	0.1
10	0.9614683211895457	0.5043859649122807	0.1
10	0.9584252998746675	0.5043103448275862	0.1
10	0.9617043309292551	0.5042372881355932	0.1
10	0.9560574501752853	0.5125	0.1
10	0.9511457154008208	0.5163934426229508	0.1
10	0.9485892941874843	0.5161290322580645	0.1
10	0.9490687620072138	0.5119047619047619	0.1
10	0.9531601592898369	0.51171875	0.1
10	0.9469574506466205	0.5192307692307693	0.1
10	0.9430183208349979	0.5227272727272727	0.1
10	0.9485211585884663	0.5186567164179104	0.1
10	0.9599499141468721	0.5147058823529411	0.1
10	0.9560812780822533	0.5181159420289855	0.1
10	0.9534208042281015	0.5178571428571429	0.1
10	0.952453850020825	0.5176056338028169	0.1
10	0.9523191071218915	0.5138888888888888	0.1
10	0.9501669831471901	0.5136986301369864	0.1
10	0.9483730599686906	0.5135135135135135	0.1
10	0.945480329990387	0.5166666666666667	0.1
10	0.943376896412749	0.5164473684210527	0.1
10	0.9469477673629662	0.5162337662337663	0.1
10	0.9505226894831046	0.5128205128205128	0.1
10	0.9476205163364169	0.5158227848101266	0.1
10	0.9512272112071514	0.5125	0.1
10	0.9486097031169467	0.5154320987654321	0.1
10	0.9470397619212546	0.5152439024390244	0.1
10	0.9451728692973953	0.5150602409638554	0.1
10	0.9426374187072118	0.5178571428571429	0.1
10	0.9447831960285411	0.5205882352941177	0.1
10	0.9427830278873444	0.5203488372093024	0.1
10	0.9417478455894295	0.5201149425287356	0.1
10	0.9405320652506568	0.5170454545454546	0.1
10	0.9386237216799447	0.5168539325842697	0.1
10	0.9356331838501825	0.5194444444444445	0.1
10	0.9443216205953242	0.5164835164835165	0.1
10	0.9526637546394182	0.5135869565217391	0.1
10	0.9519804780201245	0.510752688172043	0.1
10	0.950010543173932	0.5106382978723404	0.1
10	0.9532667022002371	0.5078947368421053	0.1
10	0.9562355615198612	0.5052083333333334	0.1
10	0.9585725794133452	0.5025773195876289	0.1
10	0.9578278989207988	0.5	0.1
10	0.9568742959186284	0.49747474747474746	0.1
10	0.9591743183135987	0.495	0.1
10	0.9584244194597301	0.4900990099009901	0.1
10	0.9573049738126642	0.49019607843137253	0.1
10	0.9557849429186108	0.49271844660194175	0.1
10	0.954157571379955	0.4951923076923077	0.1
10	0.9539828777313233	0.4928571428571429	0.1
10	0.9520247123151455	0.49528301886792453	0.1
10	0.9576145861750451	0.4929906542056075	0.1
10	0.9573422344746413	0.49074074074074076	0.1
10	0.9552416795984321	0.49311926605504586	0.1
10	0.9531128823757171	0.4954545454545455	0.1
10	0.9518346190452576	0.4954954954954955	0.1
10	0.9505603270871299	0.4955357142857143	0.1
10	0.9484939290358957	0.497787610619469	0.1
10	0.9543536880560088	0.4956140350877193	0.1
10	0.9562281390895014	0.4956521739130435	0.1
10	0.9532250222460977	0.5	0.1
10	0.9521955827362517	0.5	0.1
10	0.9500403187032473	0.5021186440677966	0.1
10	0.951721288075968	0.5021008403361344	0.1
10	0.9522391145428022	0.5	0.1
10	0.9512589524600131	0.5	0.1
10	0.9479479022690507	0.5040983606557377	0.1
10	0.9457769069245191	0.5060975609756098	0.1
10	0.943591068348577	0.5080645161290323	0.1
10	0.9413758964538574	0.51	0.1
10	0.9391323909873054	0.5119047619047619	0.1
10	0.9384482629655853	0.5118110236220472	0.1
10	0.9378169300034642	0.51171875	0.1
10	0.93708275454913	0.5116279069767442	0.1
10	0.9362533399691948	0.5115384615384615	0.1
10	0.9367303516118581	0.5095419847328244	0.1
10	0.9346587865641622	0.5113636363636364	0.1
10	0.9377071669227198	0.5093984962406015	0.1
10	0.9399058116016104	0.5093283582089553	0.1
10	0.9420584122339885	0.5092592592592593	0.1
10	0.9443346805432263	0.5091911764705882	0.1
10	0.9467381734917634	0.5072992700729927	0.1
10	0.9453920734965283	0.5090579710144928	0.1
10	0.9474066294354501	0.5071942446043165	0.1
10	0.9461052204881396	0.5089285714285714	0.1
10	0.9448153287806409	0.5106382978723404	0.1
10	0.9434913270910021	0.5123239436619719	0.1
10	0.9420089579962351	0.513986013986014	0.1
10	0.9442205793327756	0.5121527777777778	0.1
10	0.9488826562618388	0.5103448275862069	0.1
10	0.948019756846232	0.5102739726027398	0.1
10	0.9491875869076268	0.5102040816326531	0.1
10	0.9491288327687496	0.5084459459459459	0.1
10	0.9483388262307084	0.5083892617449665	0.1
10	0.9469234931468964	0.51	0.1
10	0.9465454911554096	0.5082781456953642	0.1
10	0.9479866804260957	0.506578947368421	0.1
10	0.9470319296020309	0.5065359477124183	0.1
10	0.9509667444538761	0.5032467532467533	0.1
10	0.9524519105111399	0.5016129032258064	0.1
10	0.9537089986678882	0.5016025641025641	0.1
10	0.9551066904310967	0.5	0.1
10	0.95463055523136	0.49841772151898733	0.1
10	0.955874482790629	0.4968553459119497	0.1
10	0.9552616946399212	0.49375	0.1
10	0.9545334895945484	0.4953416149068323	0.1
10	0.9572471343440774	0.49382716049382713	0.1
10	0.9563458850778686	0.495398773006135	0.1
10	0.9558051199447818	0.4954268292682927	0.1
10	0.9552896387649304	0.4954545454545455	0.1
10	0.9559952526925558	0.4954819277108434	0.1
10	0.9575456662806209	0.4940119760479042	0.1
10	0.9583622610994748	0.49404761904761907	0.1
10	0.9608929569904621	0.492603550295858	0.1
10	0.9592715592945323	0.49558823529411766	0.1
10	0.9582082855771159	0.49707602339181284	0.1
10	0.9594803528730259	0.4956395348837209	0.1
10	0.9601678055834908	0.4956647398843931	0.1
10	0.9599079431473524	0.4956896551724138	0.1
10	0.9596377471515111	0.4957142857142857	0.1
10	0.9603139802136205	0.49573863636363635	0.1
10	0.9592839034937196	0.4971751412429379	0.1
10	0.958174973391415	0.49859550561797755	0.1
10	0.957039105825584	0.5	0.1
10	0.9567162526978387	0.5	0.1
10	0.9563066264542427	0.5	0.1
10	0.9571619921333188	0.5	0.1
10	0.9549815697096736	0.5027322404371585	0.1
10	0.9568347551900408	0.501358695652174	0.1
10	0.9563589772662601	0.5013513513513513	0.1
10	0.9573043168232005	0.5013440860215054	0.1
10	0.9567508997126697	0.5013368983957219	0.1
10	0.9561450456051116	0.5013297872340425	0.1
10	0.9548420511856281	0.5026455026455027	0.1
10	0.9581227023350565	0.5013157894736842	0.1
10	0.9579863445296961	0.5	0.1
10	0.9589463233326873	0.5	0.1
10	0.9581947317395185	0.5	0.1
10	0.9574364611168498	0.5	0.1
10	0.9568286953828273	0.4987179487179487	0.1
10	0.9578768206494195	0.4987244897959184	0.1
10	0.9571595884821742	0.49746192893401014	0.1
10	0.9563650317264326	0.49873737373737376	0.1
10	0.955692708492279	0.49748743718592964	0.1
10	0.9548884609341621	0.4975	0.1
10	0.9541428593260732	0.4962686567164179	0.1
10	0.9533036141702445	0.4962871287128713	0.1
10	0.9524707236313468	0.4963054187192118	0.1
10	0.9513913533266853	0.49754901960784315	0.1
11	1.1894419193267822	0.5	0.1
11	1.2409664988517761	0.375	0.1
11	1.056060751279195	0.5	0.1
11	1.216174989938736	0.4375	0.1
11	1.0831988334655762	0.55	0.1
11	1.0137190719445546	0.5833333333333334	0.1
11	1.0622286370822362	0.5357142857142857	0.1
11	1.0750495716929436	0.53125	0.1
