epoch	batch	iter	loss	acc	lr
1	1	1	0.9127628803253174	0.25	0.1
1	2	2	59.57301330566406	0.5	0.1
1	3	3	18.12018585205078	0.5	0.1
1	4	4	30.935935974121094	0.5	0.1
1	5	5	35.382728576660156	0.5	0.1
1	6	6	18.319316864013672	0.5	0.1
1	7	7	25.065486907958984	0.5	0.1
1	8	8	30.882816314697266	0.25	0.1
1	9	9	0.9975637197494507	0.75	0.1
1	10	10	10.175683975219727	0.25	0.1
1	11	11	1.8439489603042603	0.25	0.1
1	12	12	0.7528014183044434	0.5	0.1
1	13	13	7.986537456512451	0.5	0.1
1	14	14	2.169890880584717	0.0	0.1
1	15	15	0.8751720786094666	0.75	0.1
1	16	16	0.9919191598892212	0.5	0.1
1	17	17	1.2644180059432983	0.25	0.1
1	18	18	0.6310674548149109	0.75	0.1
1	19	19	0.8105375170707703	0.5	0.1
1	20	20	7.9057512283325195	0.5	0.1
1	21	21	3.0335590839385986	0.75	0.1
1	22	22	3.037254571914673	0.5	0.1
1	23	23	0.7369170188903809	0.5	0.1
1	24	24	1.321561336517334	0.25	0.1
1	25	25	3.387428045272827	0.5	0.1
1	26	26	2.5570626258850098	0.5	0.1
1	27	27	2.072877883911133	0.25	0.1
1	28	28	0.9315298795700073	0.25	0.1
1	29	29	1.501813530921936	0.25	0.1
1	30	30	1.0523713827133179	0.5	0.1
1	31	31	0.4441261291503906	0.75	0.1
1	32	32	1.841609001159668	0.5	0.1
1	33	33	2.0338566303253174	0.25	0.1
1	34	34	1.1755679845809937	0.25	0.1
1	35	35	0.9973754286766052	0.5	0.1
1	36	36	0.5679797530174255	0.75	0.1
1	37	37	0.6209640502929688	0.75	0.1
1	38	38	0.9720603823661804	0.5	0.1
1	39	39	3.9419310092926025	0.25	0.1
1	40	40	0.589676558971405	0.75	0.1
1	41	41	2.818397045135498	0.25	0.1
1	42	42	1.543410062789917	0.5	0.1
1	43	43	1.5548815727233887	0.25	0.1
1	44	44	0.6574037671089172	0.75	0.1
1	45	45	3.3771119117736816	0.25	0.1
1	46	46	0.5468183755874634	0.5	0.1
1	47	47	0.6855263113975525	0.5	0.1
1	48	48	1.7872575521469116	0.25	0.1
1	49	49	2.8381311893463135	0.25	0.1
1	50	50	0.8633942604064941	0.5	0.1
1	51	51	1.0791666507720947	0.5	0.1
1	52	52	0.6998384594917297	0.75	0.1
1	53	53	0.8382068872451782	0.5	0.1
1	54	54	1.8603531122207642	0.75	0.1
1	55	55	2.1348743438720703	0.75	0.1
1	56	56	2.4157352447509766	0.5	0.1
1	57	57	0.9554992914199829	0.5	0.1
1	58	58	1.1964787244796753	0.25	0.1
1	59	59	0.7360794544219971	0.75	0.1
1	60	60	1.410269856452942	0.25	0.1
1	61	61	1.8361806869506836	0.25	0.1
1	62	62	1.0154376029968262	0.5	0.1
1	63	63	1.1379636526107788	0.5	0.1
1	64	64	0.9650654792785645	0.75	0.1
1	65	65	1.0952858924865723	0.5	0.1
1	66	66	1.240707516670227	0.25	0.1
1	67	67	1.1430165767669678	0.25	0.1
1	68	68	0.9955131411552429	0.5	0.1
1	69	69	0.7652797698974609	0.5	0.1
1	70	70	1.6406214237213135	0.5	0.1
1	71	71	1.4651367664337158	0.5	0.1
1	72	72	0.9153354167938232	0.5	0.1
1	73	73	1.0321087837219238	0.5	0.1
1	74	74	0.736088216304779	1.0	0.1
1	75	75	0.7995626926422119	0.75	0.1
1	76	76	0.9844793677330017	0.25	0.1
1	77	77	1.2205452919006348	0.0	0.1
1	78	78	1.7763018608093262	0.25	0.1
1	79	79	0.9279011487960815	0.25	0.1
1	80	80	1.1227514743804932	0.5	0.1
1	81	81	0.8497803807258606	0.75	0.1
1	82	82	1.1108181476593018	0.5	0.1
1	83	83	1.3066108226776123	0.25	0.1
1	84	84	1.671947956085205	0.0	0.1
1	85	85	1.0682415962219238	0.75	0.1
1	86	86	1.4154934883117676	0.25	0.1
1	87	87	1.5006535053253174	0.25	0.1
1	88	88	1.4036482572555542	0.25	0.1
1	89	89	0.7433818578720093	0.75	0.1
1	90	90	0.8925861120223999	0.75	0.1
1	91	91	1.875942349433899	0.0	0.1
1	92	92	1.206183910369873	0.5	0.1
1	93	93	0.8959000110626221	0.25	0.1
1	94	94	0.7494238615036011	0.75	0.1
1	95	95	0.7519599199295044	0.75	0.1
1	96	96	0.6440547704696655	0.75	0.1
1	97	97	2.3401551246643066	0.25	0.1
1	98	98	1.4552279710769653	0.25	0.1
1	99	99	1.186251163482666	0.25	0.1
1	100	100	1.5324504375457764	0.25	0.1
1	101	101	1.354349136352539	0.25	0.1
1	102	102	1.0827019214630127	0.75	0.1
1	103	103	0.8413552045822144	0.75	0.1
1	104	104	0.6861763000488281	1.0	0.1
1	105	105	1.7168022394180298	0.0	0.1
1	106	106	0.8347537517547607	0.75	0.1
1	107	107	1.2155447006225586	0.5	0.1
1	108	108	0.88642817735672	0.5	0.1
1	109	109	0.8125326633453369	0.5	0.1
1	110	110	1.4146807193756104	0.25	0.1
1	111	111	1.1353261470794678	0.25	0.1
1	112	112	0.8913637399673462	0.5	0.1
1	113	113	1.0784692764282227	0.25	0.1
1	114	114	0.587669849395752	1.0	0.1
1	115	115	0.6087355613708496	0.75	0.1
1	116	116	1.5181162357330322	0.5	0.1
1	117	117	0.4600672125816345	1.0	0.1
1	118	118	0.6572891473770142	0.75	0.1
1	119	119	2.171140432357788	0.0	0.1
1	120	120	1.4958772659301758	0.25	0.1
1	121	121	1.3908653259277344	0.25	0.1
1	122	122	0.6647934317588806	0.75	0.1
1	123	123	1.0228391885757446	0.25	0.1
1	124	124	0.9491420984268188	0.5	0.1
1	125	125	1.303117275238037	0.25	0.1
1	126	126	0.8760219812393188	0.5	0.1
1	127	127	0.6487833261489868	0.75	0.1
1	128	128	1.3914289474487305	0.25	0.1
1	129	129	0.6807095408439636	0.75	0.1
1	130	130	0.6777822971343994	0.75	0.1
1	131	131	0.6441524028778076	0.75	0.1
1	132	132	0.6176095604896545	0.75	0.1
1	133	133	1.004992961883545	0.5	0.1
1	134	134	1.0709258317947388	0.5	0.1
1	135	135	1.4573462009429932	0.25	0.1
1	136	136	2.003150463104248	0.5	0.1
1	137	137	0.6279352307319641	0.75	0.1
1	138	138	1.0278894901275635	0.25	0.1
1	139	139	0.6643229722976685	1.0	0.1
1	140	140	1.8476327657699585	0.25	0.1
1	141	141	1.2627527713775635	0.5	0.1
1	142	142	0.8614863157272339	0.5	0.1
1	143	143	0.8544231653213501	0.75	0.1
1	144	144	1.5670900344848633	0.25	0.1
1	145	145	1.167122721672058	0.25	0.1
1	146	146	1.113321304321289	0.5	0.1
1	147	147	1.2405893802642822	0.25	0.1
1	148	148	0.956326961517334	0.25	0.1
1	149	149	0.8223495483398438	0.5	0.1
1	150	150	0.7015215158462524	0.5	0.1
1	151	151	1.025848627090454	0.5	0.1
1	152	152	0.5679678320884705	1.0	0.1
1	153	153	0.6246775388717651	1.0	0.1
1	154	154	0.9598003625869751	0.75	0.1
1	155	155	0.5401352643966675	0.75	0.1
1	156	156	2.6760876178741455	0.25	0.1
1	157	157	0.5822075605392456	0.75	0.1
1	158	158	1.157655119895935	0.5	0.1
1	159	159	0.7723420858383179	0.5	0.1
1	160	160	1.780953288078308	0.25	0.1
1	161	161	0.7190291881561279	0.75	0.1
1	162	162	1.27688729763031	0.5	0.1
1	163	163	1.578366994857788	0.25	0.1
1	164	164	1.2789578437805176	0.25	0.1
1	165	165	0.977744460105896	0.5	0.1
1	166	166	0.709631621837616	0.75	0.1
1	167	167	1.3787381649017334	0.25	0.1
1	168	168	1.32778799533844	0.5	0.1
1	169	169	1.2495291233062744	0.0	0.1
1	170	170	1.1702313423156738	0.25	0.1
1	171	171	1.0527169704437256	0.5	0.1
1	172	172	0.7945291996002197	0.5	0.1
1	173	173	0.5978164672851562	0.75	0.1
1	174	174	0.5711250305175781	0.75	0.1
1	175	175	2.12032151222229	0.25	0.1
1	176	176	0.8000411987304688	0.25	0.1
1	177	177	0.5646515488624573	0.75	0.1
1	178	178	0.7218486070632935	0.5	0.1
1	179	179	0.6258103251457214	0.75	0.1
1	180	180	0.6448419690132141	0.5	0.1
1	181	181	0.6703199148178101	0.25	0.1
1	182	182	0.6617228388786316	0.25	0.1
1	183	183	1.3350231647491455	0.5	0.1
1	184	184	1.2480931282043457	0.5	0.1
1	185	185	1.6617499589920044	0.25	0.1
1	186	186	0.6500969529151917	0.5	0.1
1	187	187	1.1792584657669067	0.75	0.1
1	188	188	1.1463377475738525	0.5	0.1
1	189	189	0.9708152413368225	0.25	0.1
1	190	190	1.6124546527862549	0.25	0.1
1	191	191	0.6931266784667969	0.75	0.1
1	192	192	1.2986918687820435	0.5	0.1
1	193	193	1.0293865203857422	0.5	0.1
1	194	194	0.8600558638572693	0.75	0.1
1	195	195	0.7804853320121765	0.5	0.1
1	196	196	1.3432257175445557	0.5	0.1
1	197	197	1.3470444679260254	0.25	0.1
1	198	198	1.1590659618377686	0.5	0.1
1	199	199	1.014766812324524	0.25	0.1
1	200	200	1.4875129461288452	0.5	0.1
1	201	201	0.8769853115081787	0.5	0.1
1	202	202	0.6716951727867126	1.0	0.1
1	203	203	0.7222296595573425	0.5	0.1
1	204	204	1.713600754737854	0.25	0.1
2	1	205	1.5859744548797607	0.25	0.1
2	2	206	1.0159916877746582	0.5	0.1
2	3	207	0.9499750137329102	0.5	0.1
2	4	208	1.0551340579986572	0.5	0.1
2	5	209	1.153569221496582	0.75	0.1
2	6	210	1.0230391025543213	0.5	0.1
2	7	211	1.0956108570098877	0.25	0.1
2	8	212	1.4134615659713745	0.0	0.1
2	9	213	1.2505247592926025	0.25	0.1
2	10	214	1.16285240650177	0.5	0.1
2	11	215	0.8154181241989136	0.5	0.1
2	12	216	0.7370688319206238	0.75	0.1
2	13	217	1.7152798175811768	0.25	0.1
2	14	218	0.8627009987831116	0.5	0.1
2	15	219	1.0479892492294312	0.75	0.1
2	16	220	1.143356204032898	0.5	0.1
2	17	221	0.6891742944717407	0.75	0.1
2	18	222	1.7068229913711548	0.0	0.1
2	19	223	1.3324909210205078	0.25	0.1
2	20	224	0.6679900288581848	1.0	0.1
2	21	225	0.9091038107872009	0.5	0.1
2	22	226	1.2406611442565918	0.25	0.1
2	23	227	1.0316580533981323	0.5	0.1
2	24	228	1.4030067920684814	0.25	0.1
2	25	229	1.0393248796463013	0.5	0.1
2	26	230	0.7605037689208984	0.75	0.1
2	27	231	0.9074406623840332	0.5	0.1
2	28	232	0.9004842042922974	0.5	0.1
2	29	233	1.6080090999603271	0.25	0.1
2	30	234	0.6876124739646912	0.75	0.1
2	31	235	0.6764373779296875	0.75	0.1
2	32	236	0.6524497866630554	0.75	0.1
2	33	237	1.2557014226913452	0.5	0.1
2	34	238	0.8936424255371094	0.5	0.1
2	35	239	0.7357469797134399	0.75	0.1
2	36	240	0.9305722713470459	0.5	0.1
2	37	241	0.8252339363098145	0.5	0.1
2	38	242	0.9877074956893921	0.0	0.1
2	39	243	1.1126601696014404	0.25	0.1
2	40	244	1.9778692722320557	0.25	0.1
2	41	245	0.8463667035102844	0.25	0.1
2	42	246	1.220354437828064	0.25	0.1
2	43	247	0.7749797105789185	0.5	0.1
2	44	248	0.9853973388671875	0.25	0.1
2	45	249	0.8082387447357178	0.5	0.1
2	46	250	0.7779642343521118	0.5	0.1
2	47	251	0.8781431317329407	0.25	0.1
2	48	252	1.5184903144836426	0.5	0.1
2	49	253	1.2709784507751465	0.0	0.1
2	50	254	0.8313469290733337	0.5	0.1
2	51	255	1.2190122604370117	0.25	0.1
2	52	256	0.826467752456665	0.5	0.1
2	53	257	0.849804699420929	0.5	0.1
2	54	258	1.1818594932556152	0.25	0.1
2	55	259	0.7783632278442383	0.75	0.1
2	56	260	1.1447733640670776	0.5	0.1
2	57	261	1.097479224205017	0.5	0.1
2	58	262	0.7922678589820862	0.25	0.1
2	59	263	1.2671513557434082	0.25	0.1
2	60	264	0.76109379529953	0.75	0.1
2	61	265	1.0320838689804077	0.75	0.1
2	62	266	1.156205415725708	0.5	0.1
2	63	267	1.0152798891067505	0.5	0.1
2	64	268	1.3515260219573975	0.25	0.1
2	65	269	0.9215511679649353	0.75	0.1
2	66	270	0.931259036064148	0.25	0.1
2	67	271	1.1261471509933472	0.5	0.1
2	68	272	0.9154985547065735	0.25	0.1
2	69	273	1.1741352081298828	0.25	0.1
2	70	274	1.0918115377426147	0.75	0.1
2	71	275	0.7577566504478455	0.75	0.1
2	72	276	1.0928776264190674	0.0	0.1
2	73	277	0.7615492343902588	0.25	0.1
2	74	278	0.9738212823867798	0.25	0.1
2	75	279	0.9226675033569336	0.25	0.1
2	76	280	0.7748764753341675	0.5	0.1
2	77	281	0.812639594078064	0.25	0.1
2	78	282	0.7620651721954346	0.5	0.1
2	79	283	0.8748208284378052	0.25	0.1
2	80	284	1.2034657001495361	0.25	0.1
2	81	285	1.4915226697921753	0.5	0.1
2	82	286	1.5592000484466553	0.5	0.1
2	83	287	0.7172187566757202	0.5	0.1
2	84	288	0.7724282741546631	0.25	0.1
2	85	289	0.729706883430481	0.75	0.1
2	86	290	0.6351694464683533	0.75	0.1
2	87	291	1.0214322805404663	0.5	0.1
2	88	292	1.614790439605713	0.25	0.1
2	89	293	1.0941200256347656	0.25	0.1
2	90	294	0.9996755123138428	0.5	0.1
2	91	295	1.1107009649276733	0.5	0.1
2	92	296	0.7756759524345398	0.5	0.1
2	93	297	0.6676996946334839	0.75	0.1
2	94	298	1.6312801837921143	0.25	0.1
2	95	299	0.7444284558296204	0.75	0.1
2	96	300	1.6828330755233765	0.25	0.1
2	97	301	0.7574425935745239	0.75	0.1
2	98	302	0.9160395860671997	0.5	0.1
2	99	303	1.5049490928649902	0.25	0.1
2	100	304	0.8781405687332153	0.5	0.1
2	101	305	0.9791299104690552	0.75	0.1
2	102	306	0.8473367691040039	0.5	0.1
2	103	307	1.3493483066558838	0.0	0.1
2	104	308	1.1516616344451904	0.5	0.1
2	105	309	0.9686948657035828	0.5	0.1
2	106	310	1.2402970790863037	0.25	0.1
2	107	311	1.0181100368499756	0.5	0.1
2	108	312	1.0765115022659302	0.5	0.1
2	109	313	1.0998462438583374	0.5	0.1
2	110	314	0.7839139103889465	0.75	0.1
2	111	315	0.7951602935791016	0.75	0.1
2	112	316	1.097548246383667	0.5	0.1
2	113	317	1.375809669494629	0.25	0.1
2	114	318	0.8794324398040771	0.5	0.1
2	115	319	1.0648812055587769	0.5	0.1
2	116	320	0.8427929282188416	0.5	0.1
2	117	321	0.5725996494293213	1.0	0.1
2	118	322	1.4225308895111084	0.25	0.1
2	119	323	1.0759797096252441	0.5	0.1
2	120	324	0.9763250350952148	0.5	0.1
2	121	325	1.0781687498092651	0.5	0.1
2	122	326	0.7543221712112427	0.75	0.1
2	123	327	0.7274629473686218	1.0	0.1
2	124	328	1.5022625923156738	0.25	0.1
2	125	329	0.9560456871986389	0.5	0.1
2	126	330	0.7607467770576477	0.75	0.1
2	127	331	0.7857735753059387	0.75	0.1
2	128	332	1.5916810035705566	0.0	0.1
2	129	333	0.7443364858627319	1.0	0.1
2	130	334	1.142871618270874	0.5	0.1
2	131	335	0.43967121839523315	1.0	0.1
2	132	336	0.6451276540756226	0.75	0.1
2	133	337	0.6294491291046143	0.75	0.1
2	134	338	1.7099891901016235	0.25	0.1
2	135	339	0.6133458614349365	0.75	0.1
2	136	340	1.3196438550949097	0.5	0.1
2	137	341	1.0938893556594849	0.5	0.1
2	138	342	1.4980653524398804	0.25	0.1
2	139	343	1.3544063568115234	0.5	0.1
2	140	344	0.6813173294067383	0.75	0.1
2	141	345	1.3814680576324463	0.25	0.1
2	142	346	0.750432550907135	0.75	0.1
2	143	347	1.036073923110962	0.75	0.1
2	144	348	0.7471372485160828	0.75	0.1
2	145	349	1.1401574611663818	0.5	0.1
2	146	350	0.6583768129348755	0.75	0.1
2	147	351	0.6785334348678589	0.75	0.1
2	148	352	1.5396430492401123	0.25	0.1
2	149	353	0.6664922833442688	0.75	0.1
2	150	354	1.0059701204299927	0.5	0.1
2	151	355	1.427230954170227	0.0	0.1
2	152	356	0.7862790822982788	0.5	0.1
2	153	357	0.915362536907196	0.5	0.1
2	154	358	0.7456306219100952	0.75	0.1
2	155	359	0.7054193615913391	0.75	0.1
2	156	360	0.8888369202613831	0.5	0.1
2	157	361	1.1487592458724976	0.5	0.1
2	158	362	1.196589469909668	0.5	0.1
2	159	363	0.8334352970123291	0.5	0.1
2	160	364	0.5460280776023865	0.75	0.1
2	161	365	0.49098145961761475	1.0	0.1
2	162	366	0.48262739181518555	1.0	0.1
2	163	367	1.51247239112854	0.0	0.1
2	164	368	1.043494701385498	0.5	0.1
2	165	369	1.3317655324935913	0.25	0.1
2	166	370	0.7930857539176941	0.5	0.1
2	167	371	1.2804747819900513	0.25	0.1
2	168	372	0.9368607997894287	0.5	0.1
2	169	373	1.757677674293518	0.25	0.1
2	170	374	0.9220694303512573	0.5	0.1
2	171	375	1.6989418268203735	0.25	0.1
2	172	376	1.1839704513549805	0.5	0.1
2	173	377	0.8638243079185486	0.5	0.1
2	174	378	1.3221914768218994	0.25	0.1
2	175	379	1.1317455768585205	0.25	0.1
2	176	380	1.1464409828186035	0.5	0.1
2	177	381	0.8701438903808594	0.75	0.1
2	178	382	0.8556807041168213	1.0	0.1
2	179	383	0.867675244808197	0.75	0.1
2	180	384	1.2719178199768066	0.25	0.1
2	181	385	0.9190042018890381	0.5	0.1
2	182	386	1.2882390022277832	0.25	0.1
2	183	387	0.9664638042449951	0.5	0.1
2	184	388	1.1362501382827759	0.5	0.1
2	185	389	1.1061152219772339	0.5	0.1
2	186	390	0.8956112861633301	0.5	0.1
2	187	391	0.8938778042793274	0.75	0.1
2	188	392	1.0982515811920166	0.5	0.1
2	189	393	1.1264197826385498	0.5	0.1
2	190	394	0.8489367365837097	0.75	0.1
2	191	395	1.376124382019043	0.25	0.1
2	192	396	0.9286842346191406	0.5	0.1
2	193	397	0.8944293260574341	0.5	0.1
2	194	398	0.9668455123901367	0.5	0.1
2	195	399	1.0503603219985962	0.5	0.1
2	196	400	0.8860244750976562	0.5	0.1
2	197	401	1.056225299835205	0.5	0.1
2	198	402	0.9869124889373779	0.5	0.1
2	199	403	1.215358018875122	0.0	0.1
2	200	404	0.9534755349159241	0.75	0.1
2	201	405	0.9397485852241516	0.5	0.1
2	202	406	1.643254280090332	0.25	0.1
2	203	407	0.8065329790115356	0.5	0.1
2	204	408	0.7871553897857666	0.5	0.1
3	1	409	0.5657790899276733	1.0	0.1
3	2	410	0.6962921023368835	0.75	0.1
3	3	411	1.3220161199569702	0.5	0.1
3	4	412	1.132447361946106	0.5	0.1
3	5	413	0.964266836643219	0.5	0.1
3	6	414	0.6631841063499451	0.75	0.1
3	7	415	1.4071178436279297	0.25	0.1
3	8	416	1.121873140335083	0.5	0.1
3	9	417	0.702267050743103	0.75	0.1
3	10	418	0.8206727504730225	0.5	0.1
3	11	419	1.1966768503189087	0.5	0.1
3	12	420	1.09946870803833	0.25	0.1
3	13	421	1.4087108373641968	0.25	0.1
3	14	422	0.8535222411155701	0.5	0.1
3	15	423	1.2197495698928833	0.25	0.1
3	16	424	1.1429822444915771	0.25	0.1
3	17	425	1.056093692779541	0.5	0.1
3	18	426	1.0424646139144897	0.5	0.1
3	19	427	1.2979568243026733	0.25	0.1
3	20	428	0.8549520373344421	0.75	0.1
3	21	429	1.1771358251571655	0.25	0.1
3	22	430	1.0642486810684204	0.25	0.1
3	23	431	1.2637794017791748	0.25	0.1
3	24	432	1.0043666362762451	0.5	0.1
3	25	433	1.0831559896469116	0.25	0.1
3	26	434	1.2294707298278809	0.25	0.1
3	27	435	1.0961860418319702	0.5	0.1
3	28	436	1.0825097560882568	0.25	0.1
3	29	437	1.2480714321136475	0.25	0.1
3	30	438	0.9122498035430908	0.5	0.1
3	31	439	0.8296858072280884	0.75	0.1
3	32	440	1.063522219657898	0.25	0.1
3	33	441	1.0116314888000488	0.5	0.1
3	34	442	0.7579008340835571	0.5	0.1
3	35	443	1.0341755151748657	0.5	0.1
3	36	444	1.3856990337371826	0.25	0.1
3	37	445	0.5332240462303162	1.0	0.1
3	38	446	0.7020591497421265	0.5	0.1
3	39	447	0.6795789003372192	0.5	0.1
3	40	448	0.5351909399032593	0.75	0.1
3	41	449	1.2344857454299927	0.5	0.1
3	42	450	0.6236138939857483	0.75	0.1
3	43	451	1.5802804231643677	0.25	0.1
3	44	452	0.5855650901794434	1.0	0.1
3	45	453	1.4829720258712769	0.25	0.1
3	46	454	1.4776675701141357	0.5	0.1
3	47	455	1.4291220903396606	0.25	0.1
3	48	456	0.9794918298721313	0.75	0.1
3	49	457	1.1135311126708984	0.25	0.1
3	50	458	0.7384597063064575	0.75	0.1
3	51	459	1.2595970630645752	0.25	0.1
3	52	460	0.8140144348144531	0.5	0.1
3	53	461	1.0972919464111328	0.25	0.1
3	54	462	1.564631462097168	0.25	0.1
3	55	463	1.0472005605697632	0.5	0.1
3	56	464	1.2378605604171753	0.25	0.1
3	57	465	0.9680293798446655	0.25	0.1
3	58	466	0.8806116580963135	0.5	0.1
3	59	467	0.9402855038642883	0.5	0.1
3	60	468	0.8847579956054688	0.5	0.1
3	61	469	0.7913143634796143	0.75	0.1
3	62	470	0.7627503275871277	0.75	0.1
3	63	471	0.9223982095718384	0.5	0.1
3	64	472	0.448000967502594	1.0	0.1
3	65	473	0.6343887448310852	0.75	0.1
3	66	474	1.6515061855316162	0.25	0.1
3	67	475	1.0945219993591309	0.5	0.1
3	68	476	1.7491170167922974	0.25	0.1
3	69	477	1.1325584650039673	0.5	0.1
3	70	478	1.4951144456863403	0.25	0.1
3	71	479	0.6600794792175293	0.75	0.1
3	72	480	0.9803161025047302	0.5	0.1
3	73	481	0.9049351811408997	0.5	0.1
3	74	482	0.9966081380844116	0.25	0.1
3	75	483	1.1036759614944458	0.5	0.1
3	76	484	0.8004217147827148	0.75	0.1
3	77	485	0.7546877264976501	0.75	0.1
3	78	486	0.9400524497032166	0.75	0.1
3	79	487	1.61769700050354	0.25	0.1
3	80	488	1.0007730722427368	0.75	0.1
3	81	489	0.8765367865562439	0.75	0.1
3	82	490	0.7454956769943237	0.75	0.1
3	83	491	0.84208083152771	0.5	0.1
3	84	492	0.9284868240356445	0.25	0.1
3	85	493	0.7946459054946899	0.5	0.1
3	86	494	0.7475460171699524	0.75	0.1
3	87	495	0.7750569581985474	0.5	0.1
3	88	496	1.2015714645385742	0.5	0.1
3	89	497	0.7201633453369141	0.75	0.1
3	90	498	1.4214049577713013	0.5	0.1
3	91	499	1.1617941856384277	0.0	0.1
3	92	500	0.5407125949859619	1.0	0.1
3	93	501	0.9830715656280518	0.5	0.1
3	94	502	0.9128174781799316	0.5	0.1
3	95	503	1.3637644052505493	0.5	0.1
3	96	504	1.4184703826904297	0.5	0.1
3	97	505	1.7156915664672852	0.25	0.1
3	98	506	1.5257759094238281	0.25	0.1
3	99	507	1.2375084161758423	0.25	0.1
3	100	508	0.9742372632026672	0.5	0.1
3	101	509	0.7866115570068359	1.0	0.1
3	102	510	0.8949553966522217	0.5	0.1
3	103	511	0.9816267490386963	0.5	0.1
3	104	512	1.0246074199676514	0.25	0.1
3	105	513	0.8958806395530701	0.5	0.1
3	106	514	1.0210678577423096	0.75	0.1
3	107	515	1.246800422668457	0.25	0.1
3	108	516	0.9498636722564697	0.75	0.1
3	109	517	0.8473800420761108	0.75	0.1
3	110	518	0.996017575263977	0.5	0.1
3	111	519	1.0532883405685425	0.25	0.1
3	112	520	1.2368388175964355	0.0	0.1
3	113	521	1.3071129322052002	0.25	0.1
3	114	522	0.8968675136566162	0.5	0.1
3	115	523	0.8462674617767334	0.5	0.1
3	116	524	0.8176853060722351	0.5	0.1
3	117	525	1.1131032705307007	0.5	0.1
3	118	526	1.4337279796600342	0.25	0.1
3	119	527	0.7056646943092346	0.75	0.1
3	120	528	1.1477694511413574	0.5	0.1
3	121	529	1.4250737428665161	0.25	0.1
3	122	530	0.5765013098716736	1.0	0.1
3	123	531	1.0107126235961914	0.5	0.1
3	124	532	1.499598741531372	0.25	0.1
3	125	533	1.3332384824752808	0.25	0.1
3	126	534	0.9863520860671997	0.5	0.1
3	127	535	0.8061506748199463	0.75	0.1
3	128	536	0.8077671527862549	0.75	0.1
3	129	537	0.9481543898582458	0.5	0.1
3	130	538	0.8583266735076904	0.75	0.1
3	131	539	0.884392499923706	0.5	0.1
3	132	540	0.8525844812393188	0.75	0.1
3	133	541	1.0967575311660767	0.5	0.1
3	134	542	0.8483231067657471	0.5	0.1
3	135	543	1.5221465826034546	0.25	0.1
3	136	544	1.126543641090393	0.5	0.1
3	137	545	0.7115954756736755	0.75	0.1
3	138	546	0.8399019241333008	0.5	0.1
3	139	547	1.1005885601043701	0.5	0.1
3	140	548	0.7179834246635437	0.75	0.1
3	141	549	1.2939472198486328	0.25	0.1
3	142	550	1.624711036682129	0.25	0.1
3	143	551	0.88739013671875	0.25	0.1
3	144	552	0.8026906251907349	0.5	0.1
3	145	553	0.8448200225830078	0.25	0.1
3	146	554	0.784003496170044	0.75	0.1
3	147	555	0.7861045598983765	0.75	0.1
3	148	556	0.7623485326766968	0.75	0.1
3	149	557	0.5936648845672607	1.0	0.1
3	150	558	0.6692399978637695	0.75	0.1
3	151	559	0.4544075131416321	1.0	0.1
3	152	560	1.560904860496521	0.25	0.1
3	153	561	0.5854426026344299	0.75	0.1
3	154	562	0.8171510696411133	0.75	0.1
3	155	563	0.889007031917572	0.5	0.1
3	156	564	1.86940598487854	0.25	0.1
3	157	565	1.2835116386413574	0.5	0.1
3	158	566	0.6259620785713196	0.75	0.1
3	159	567	0.6251487135887146	0.75	0.1
3	160	568	0.852333664894104	0.5	0.1
3	161	569	1.5831568241119385	0.25	0.1
3	162	570	1.352327823638916	0.25	0.1
3	163	571	0.6937273740768433	0.75	0.1
3	164	572	1.0814330577850342	0.5	0.1
3	165	573	1.402588129043579	0.25	0.1
3	166	574	1.1027638912200928	0.5	0.1
3	167	575	0.774798572063446	0.75	0.1
3	168	576	0.7813410758972168	0.75	0.1
3	169	577	0.7923796772956848	0.75	0.1
3	170	578	1.235560655593872	0.5	0.1
3	171	579	1.14301335811615	0.5	0.1
3	172	580	0.9568334221839905	0.5	0.1
3	173	581	1.0436052083969116	0.5	0.1
3	174	582	0.873253583908081	0.5	0.1
3	175	583	1.372458815574646	0.25	0.1
3	176	584	1.3529199361801147	0.25	0.1
3	177	585	1.003873348236084	0.25	0.1
3	178	586	0.8920271396636963	0.5	0.1
3	179	587	0.8441023230552673	0.75	0.1
3	180	588	1.3001720905303955	0.25	0.1
3	181	589	0.9430299997329712	0.25	0.1
3	182	590	0.8376473188400269	0.75	0.1
3	183	591	1.0786306858062744	0.5	0.1
3	184	592	0.8092252016067505	1.0	0.1
3	185	593	1.0662834644317627	0.5	0.1
3	186	594	0.9661134481430054	0.5	0.1
3	187	595	0.8573634624481201	0.5	0.1
3	188	596	0.8722254633903503	0.75	0.1
3	189	597	1.257910966873169	0.25	0.1
3	190	598	1.133723258972168	0.5	0.1
3	191	599	0.8983385562896729	0.25	0.1
3	192	600	0.9559468030929565	0.25	0.1
3	193	601	0.7790364027023315	0.75	0.1
3	194	602	0.7923169732093811	0.75	0.1
3	195	603	1.058361291885376	0.75	0.1
3	196	604	1.0328782796859741	0.5	0.1
3	197	605	0.7688345909118652	0.5	0.1
3	198	606	0.8811078667640686	0.5	0.1
3	199	607	0.7448610067367554	0.5	0.1
3	200	608	1.304208755493164	0.5	0.1
3	201	609	1.344447374343872	0.0	0.1
3	202	610	0.8676889538764954	0.25	0.1
3	203	611	0.7825735807418823	0.5	0.1
3	204	612	1.5536912679672241	0.25	0.1
4	1	613	1.2626183032989502	0.25	0.1
4	2	614	0.6219305992126465	1.0	0.1
4	3	615	0.715947151184082	0.75	0.1
4	4	616	1.619626522064209	0.25	0.1
4	5	617	1.3773330450057983	0.25	0.1
4	6	618	1.068748950958252	0.25	0.1
4	7	619	0.5844817161560059	1.0	0.1
4	8	620	0.7498917579650879	0.75	0.1
4	9	621	0.5720638036727905	1.0	0.1
4	10	622	1.1129761934280396	0.25	0.1
4	11	623	1.4882316589355469	0.25	0.1
4	12	624	1.47661554813385	0.25	0.1
4	13	625	1.1688907146453857	0.5	0.1
4	14	626	0.9036661982536316	0.5	0.1
4	15	627	0.7690073847770691	0.75	0.1
4	16	628	0.7849864363670349	0.75	0.1
4	17	629	1.1030840873718262	0.5	0.1
4	18	630	0.8715556859970093	0.5	0.1
4	19	631	1.1303879022598267	0.5	0.1
4	20	632	0.6262264251708984	1.0	0.1
4	21	633	0.8270539045333862	0.75	0.1
4	22	634	1.4614672660827637	0.25	0.1
4	23	635	0.7396104335784912	0.75	0.1
4	24	636	0.9549924731254578	0.5	0.1
4	25	637	0.7298438549041748	0.75	0.1
4	26	638	0.9183263778686523	0.5	0.1
4	27	639	1.2936255931854248	0.25	0.1
4	28	640	1.2859642505645752	0.25	0.1
4	29	641	0.8660107851028442	0.5	0.1
4	30	642	0.6834331750869751	0.75	0.1
4	31	643	1.173353672027588	0.25	0.1
4	32	644	1.1817073822021484	0.25	0.1
4	33	645	1.4718973636627197	0.25	0.1
4	34	646	1.131669044494629	0.25	0.1
4	35	647	1.1270999908447266	0.25	0.1
4	36	648	0.8363263607025146	0.5	0.1
4	37	649	0.8525000810623169	0.5	0.1
4	38	650	0.7867391109466553	1.0	0.1
4	39	651	0.7225243449211121	0.75	0.1
4	40	652	1.2523916959762573	0.25	0.1
4	41	653	0.7406631112098694	0.75	0.1
4	42	654	0.5130228400230408	1.0	0.1
4	43	655	1.121957778930664	0.5	0.1
4	44	656	1.4014122486114502	0.25	0.1
4	45	657	1.2124929428100586	0.25	0.1
4	46	658	1.1041247844696045	0.5	0.1
4	47	659	0.9119315147399902	0.5	0.1
4	48	660	1.1454261541366577	0.5	0.1
4	49	661	1.1280382871627808	0.5	0.1
4	50	662	0.6751857995986938	0.75	0.1
4	51	663	0.7509524822235107	0.75	0.1
4	52	664	1.0569038391113281	0.5	0.1
4	53	665	0.6318895220756531	1.0	0.1
4	54	666	1.470767855644226	0.25	0.1
4	55	667	0.7725687026977539	0.75	0.1
4	56	668	0.7827221751213074	0.75	0.1
4	57	669	1.2694679498672485	0.25	0.1
4	58	670	0.7629930973052979	0.75	0.1
4	59	671	1.2849856615066528	0.25	0.1
4	60	672	0.7490889430046082	0.75	0.1
4	61	673	1.5154075622558594	0.25	0.1
4	62	674	0.9267227053642273	0.5	0.1
4	63	675	0.9016885757446289	0.5	0.1
4	64	676	0.574090301990509	1.0	0.1
4	65	677	0.9009150862693787	0.5	0.1
4	66	678	0.9351503849029541	0.5	0.1
4	67	679	0.9215553402900696	0.5	0.1
4	68	680	1.1043505668640137	0.5	0.1
4	69	681	1.005255937576294	0.25	0.1
4	70	682	1.1077724695205688	0.5	0.1
4	71	683	1.2209903001785278	0.25	0.1
4	72	684	1.1352277994155884	0.5	0.1
4	73	685	1.5182298421859741	0.0	0.1
4	74	686	1.2046879529953003	0.25	0.1
4	75	687	1.150718331336975	0.5	0.1
4	76	688	0.8430423140525818	0.5	0.1
4	77	689	0.8848060369491577	0.25	0.1
4	78	690	0.8628024458885193	0.5	0.1
4	79	691	0.8480402827262878	0.5	0.1
4	80	692	0.8701077699661255	0.5	0.1
4	81	693	1.4648027420043945	0.25	0.1
4	82	694	0.8245933055877686	0.75	0.1
4	83	695	0.823745846748352	0.5	0.1
4	84	696	0.7633883357048035	0.75	0.1
4	85	697	0.7320834398269653	0.75	0.1
4	86	698	1.0742342472076416	0.5	0.1
4	87	699	0.9039888381958008	0.5	0.1
4	88	700	1.0657389163970947	0.5	0.1
4	89	701	0.6756038665771484	0.75	0.1
4	90	702	0.7815991640090942	0.75	0.1
4	91	703	0.498216450214386	1.0	0.1
4	92	704	0.45527738332748413	1.0	0.1
4	93	705	1.262356162071228	0.5	0.1
4	94	706	0.6241630911827087	0.75	0.1
4	95	707	0.6220294833183289	0.75	0.1
4	96	708	1.3308597803115845	0.25	0.1
4	97	709	1.2688660621643066	0.5	0.1
4	98	710	0.6238310933113098	0.75	0.1
4	99	711	1.1422916650772095	0.5	0.1
4	100	712	0.6296866536140442	0.75	0.1
4	101	713	0.6990388631820679	0.75	0.1
4	102	714	1.230385422706604	0.5	0.1
4	103	715	0.6471555233001709	0.75	0.1
4	104	716	1.3982939720153809	0.25	0.1
4	105	717	1.1353917121887207	0.5	0.1
4	106	718	1.174360990524292	0.5	0.1
4	107	719	1.5480661392211914	0.25	0.1
4	108	720	0.5955149531364441	1.0	0.1
4	109	721	0.888518750667572	0.5	0.1
4	110	722	0.6055562496185303	1.0	0.1
4	111	723	0.8755389451980591	0.5	0.1
4	112	724	0.7342220544815063	0.75	0.1
4	113	725	1.2592867612838745	0.25	0.1
4	114	726	1.4846901893615723	0.25	0.1
4	115	727	0.8984830379486084	0.5	0.1
4	116	728	0.9272934794425964	0.5	0.1
4	117	729	1.1205763816833496	0.5	0.1
4	118	730	1.1898939609527588	0.25	0.1
4	119	731	0.7692520022392273	0.75	0.1
4	120	732	0.7683815956115723	0.75	0.1
4	121	733	0.7311306595802307	0.75	0.1
4	122	734	0.8814287185668945	0.5	0.1
4	123	735	0.6208182573318481	1.0	0.1
4	124	736	0.7156906127929688	0.75	0.1
4	125	737	0.6789766550064087	0.75	0.1
4	126	738	0.8739237189292908	0.5	0.1
4	127	739	0.8479534983634949	0.5	0.1
4	128	740	1.3862991333007812	0.25	0.1
4	129	741	0.7105364799499512	0.75	0.1
4	130	742	1.03231942653656	0.25	0.1
4	131	743	1.2672715187072754	0.25	0.1
4	132	744	0.6109630465507507	1.0	0.1
4	133	745	1.562013864517212	0.25	0.1
4	134	746	0.7631680965423584	0.5	0.1
4	135	747	0.8173054456710815	0.5	0.1
4	136	748	1.8020577430725098	0.25	0.1
4	137	749	0.6704375743865967	1.0	0.1
4	138	750	0.6541311740875244	1.0	0.1
4	139	751	0.7139133214950562	0.75	0.1
4	140	752	1.7030467987060547	0.25	0.1
4	141	753	0.7325712442398071	0.75	0.1
4	142	754	1.0054044723510742	0.25	0.1
4	143	755	0.7749208211898804	0.5	0.1
4	144	756	0.7616468667984009	0.5	0.1
4	145	757	0.9634420871734619	0.5	0.1
4	146	758	0.9373685121536255	0.5	0.1
4	147	759	0.8766683340072632	0.5	0.1
4	148	760	0.7710295915603638	0.75	0.1
4	149	761	1.0677390098571777	0.25	0.1
4	150	762	1.3732526302337646	0.25	0.1
4	151	763	0.6204116344451904	1.0	0.1
4	152	764	0.7029023170471191	0.75	0.1
4	153	765	1.207434892654419	0.5	0.1
4	154	766	1.1549957990646362	0.5	0.1
4	155	767	0.6435098052024841	0.75	0.1
4	156	768	0.9152033925056458	0.5	0.1
4	157	769	0.9036552309989929	0.5	0.1
4	158	770	0.7309455871582031	0.75	0.1
4	159	771	0.8295066356658936	0.5	0.1
4	160	772	0.4688415825366974	1.0	0.1
4	161	773	1.7253341674804688	0.25	0.1
4	162	774	0.6839368343353271	0.75	0.1
4	163	775	1.333621621131897	0.25	0.1
4	164	776	1.642913579940796	0.25	0.1
4	165	777	1.2843196392059326	0.25	0.1
4	166	778	1.1335692405700684	0.5	0.1
4	167	779	0.6263100504875183	1.0	0.1
4	168	780	1.5029023885726929	0.25	0.1
4	169	781	1.0853931903839111	0.5	0.1
4	170	782	0.8545053005218506	0.5	0.1
4	171	783	0.747260570526123	0.75	0.1
4	172	784	1.0492782592773438	0.25	0.1
4	173	785	1.42503023147583	0.25	0.1
4	174	786	1.417933702468872	0.25	0.1
4	175	787	0.9975705146789551	0.25	0.1
4	176	788	1.1135655641555786	0.5	0.1
4	177	789	0.898431658744812	0.5	0.1
4	178	790	1.1139492988586426	0.25	0.1
4	179	791	1.27561354637146	0.25	0.1
4	180	792	0.9780457019805908	0.25	0.1
4	181	793	1.1037750244140625	0.25	0.1
4	182	794	0.9347867369651794	0.75	0.1
4	183	795	0.8975951075553894	0.75	0.1
4	184	796	0.7896301746368408	1.0	0.1
4	185	797	0.8560425043106079	0.75	0.1
4	186	798	1.1349306106567383	0.25	0.1
4	187	799	0.9005609750747681	0.5	0.1
4	188	800	1.273749589920044	0.25	0.1
4	189	801	0.691699743270874	0.75	0.1
4	190	802	1.0987257957458496	0.5	0.1
4	191	803	1.1012797355651855	0.25	0.1
4	192	804	1.0563347339630127	0.25	0.1
4	193	805	0.7248681783676147	0.75	0.1
4	194	806	1.1469171047210693	0.5	0.1
4	195	807	1.128373384475708	0.5	0.1
4	196	808	1.104520559310913	0.5	0.1
4	197	809	0.8140969276428223	0.5	0.1
4	198	810	1.143435001373291	0.25	0.1
4	199	811	0.7677731513977051	0.75	0.1
4	200	812	0.7840982675552368	0.5	0.1
4	201	813	1.110478162765503	0.5	0.1
4	202	814	0.8612500429153442	0.75	0.1
4	203	815	1.093416690826416	0.5	0.1
4	204	816	0.7603777647018433	0.5	0.1
5	1	817	0.9794936776161194	0.5	0.1
5	2	818	0.855054497718811	0.75	0.1
5	3	819	0.7580811977386475	0.5	0.1
5	4	820	0.7232922911643982	0.5	0.1
5	5	821	0.9839821457862854	0.25	0.1
5	6	822	0.7324403524398804	0.75	0.1
5	7	823	0.8980613946914673	0.25	0.1
5	8	824	1.2968931198120117	0.25	0.1
5	9	825	0.7430114150047302	0.5	0.1
5	10	826	0.8297381401062012	0.0	0.1
5	11	827	0.754386842250824	0.5	0.1
5	12	828	0.8025349378585815	0.0	0.1
5	13	829	0.7450653314590454	0.75	0.1
5	14	830	0.8033176064491272	0.25	0.1
5	15	831	1.298314094543457	0.25	0.1
5	16	832	0.7870948314666748	0.25	0.1
5	17	833	0.7658495903015137	0.5	0.1
5	18	834	1.2887248992919922	0.25	0.1
5	19	835	0.7274138927459717	0.5	0.1
5	20	836	0.823248028755188	0.25	0.1
5	21	837	0.7686411142349243	0.25	0.1
5	22	838	0.7885120511054993	0.5	0.1
5	23	839	0.7577916979789734	0.5	0.1
5	24	840	1.3076632022857666	0.25	0.1
5	25	841	0.7379786968231201	0.75	0.1
5	26	842	0.7201056480407715	0.75	0.1
5	27	843	1.7885653972625732	0.25	0.1
5	28	844	0.758531391620636	0.5	0.1
5	29	845	1.7470226287841797	0.25	0.1
5	30	846	0.7892036437988281	0.5	0.1
5	31	847	0.7491257786750793	0.5	0.1
5	32	848	0.832150399684906	0.25	0.1
5	33	849	1.2125643491744995	0.5	0.1
5	34	850	0.8248646855354309	0.25	0.1
5	35	851	1.135087013244629	0.75	0.1
5	36	852	0.7551149725914001	0.75	0.1
5	37	853	0.8149253129959106	0.5	0.1
5	38	854	0.78963702917099	0.5	0.1
5	39	855	1.1028465032577515	0.75	0.1
5	40	856	0.8739363551139832	0.25	0.1
5	41	857	0.6247836351394653	1.0	0.1
5	42	858	1.2081714868545532	0.5	0.1
5	43	859	0.7482718229293823	0.5	0.1
5	44	860	0.5990695953369141	1.0	0.1
5	45	861	1.361149787902832	0.25	0.1
5	46	862	0.696683943271637	0.75	0.1
5	47	863	1.3826560974121094	0.25	0.1
5	48	864	0.6764262914657593	0.75	0.1
5	49	865	1.1717727184295654	0.5	0.1
5	50	866	0.6656134128570557	0.75	0.1
5	51	867	0.6589252948760986	0.75	0.1
5	52	868	1.6669892072677612	0.25	0.1
5	53	869	0.6612581014633179	0.75	0.1
5	54	870	1.6608093976974487	0.25	0.1
5	55	871	0.8895207643508911	0.5	0.1
5	56	872	0.6953386068344116	0.75	0.1
5	57	873	0.8884709477424622	0.5	0.1
5	58	874	0.7077276706695557	0.75	0.1
5	59	875	1.1086525917053223	0.5	0.1
5	60	876	1.024229884147644	0.25	0.1
5	61	877	1.1016618013381958	0.5	0.1
5	62	878	1.1079707145690918	0.5	0.1
5	63	879	0.8374620079994202	0.5	0.1
5	64	880	1.0926218032836914	0.5	0.1
5	65	881	0.7111629843711853	1.0	0.1
5	66	882	0.8080385327339172	0.5	0.1
5	67	883	0.8847278356552124	0.5	0.1
5	68	884	0.8697792291641235	0.5	0.1
5	69	885	0.9011626243591309	0.25	0.1
5	70	886	1.1775866746902466	0.25	0.1
5	71	887	0.7894888520240784	0.5	0.1
5	72	888	0.8600757122039795	0.25	0.1
5	73	889	0.7971248626708984	0.5	0.1
5	74	890	1.1215989589691162	0.75	0.1
5	75	891	0.7609782218933105	0.75	0.1
5	76	892	0.6994901299476624	0.75	0.1
5	77	893	1.261784553527832	0.25	0.1
5	78	894	1.1855649948120117	0.5	0.1
5	79	895	1.1256840229034424	0.5	0.1
5	80	896	1.335963487625122	0.25	0.1
5	81	897	1.605933427810669	0.25	0.1
5	82	898	0.6991354823112488	0.75	0.1
5	83	899	1.1031657457351685	0.5	0.1
5	84	900	1.131517767906189	0.5	0.1
5	85	901	0.8385719060897827	0.5	0.1
5	86	902	1.0486040115356445	0.5	0.1
5	87	903	0.8407147526741028	0.5	0.1
5	88	904	1.1454977989196777	0.25	0.1
5	89	905	1.0243592262268066	0.75	0.1
5	90	906	0.7118867635726929	1.0	0.1
5	91	907	0.8031392097473145	0.75	0.1
5	92	908	1.324845790863037	0.0	0.1
5	93	909	0.7920658588409424	0.75	0.1
5	94	910	1.296943187713623	0.5	0.1
5	95	911	0.8909832835197449	0.5	0.1
5	96	912	1.0462000370025635	0.5	0.1
5	97	913	1.5318399667739868	0.0	0.1
5	98	914	1.1838362216949463	0.25	0.1
5	99	915	0.6532232761383057	1.0	0.1
5	100	916	1.0314316749572754	0.5	0.1
5	101	917	0.7854049801826477	0.75	0.1
5	102	918	1.0178272724151611	0.5	0.1
5	103	919	0.8159581422805786	0.75	0.1
5	104	920	0.780455470085144	0.75	0.1
5	105	921	0.8820863366127014	0.5	0.1
5	106	922	0.8741044402122498	0.5	0.1
5	107	923	0.7232446074485779	0.75	0.1
5	108	924	0.8599785566329956	0.5	0.1
5	109	925	1.1063618659973145	0.5	0.1
5	110	926	1.1784265041351318	0.5	0.1
5	111	927	0.6150956153869629	0.75	0.1
5	112	928	1.1541436910629272	0.5	0.1
5	113	929	0.9142187833786011	0.25	0.1
5	114	930	0.9181482195854187	0.5	0.1
5	115	931	0.6616557836532593	1.0	0.1
5	116	932	0.7050968408584595	0.75	0.1
5	117	933	1.0810896158218384	0.75	0.1
5	118	934	1.205474615097046	0.25	0.1
5	119	935	0.7073953747749329	0.75	0.1
5	120	936	0.8043169975280762	0.5	0.1
5	121	937	0.9844849109649658	0.25	0.1
5	122	938	0.7245312333106995	0.5	0.1
5	123	939	1.6931192874908447	0.0	0.1
5	124	940	1.1019508838653564	0.0	0.1
5	125	941	1.0548454523086548	0.0	0.1
5	126	942	0.7392419576644897	0.5	0.1
5	127	943	0.8571001291275024	0.5	0.1
5	128	944	1.241696834564209	0.5	0.1
5	129	945	1.2074755430221558	0.25	0.1
5	130	946	1.2459049224853516	0.25	0.1
5	131	947	1.2192697525024414	0.25	0.1
5	132	948	1.2165125608444214	0.0	0.1
5	133	949	1.4797823429107666	0.5	0.1
5	134	950	1.1612071990966797	0.5	0.1
5	135	951	1.1304455995559692	0.25	0.1
5	136	952	1.0750418901443481	0.5	0.1
5	137	953	0.8328778743743896	0.75	0.1
5	138	954	1.296876072883606	0.25	0.1
5	139	955	1.261918306350708	0.25	0.1
5	140	956	1.144541621208191	0.25	0.1
5	141	957	1.0654468536376953	0.25	0.1
5	142	958	1.1120872497558594	0.0	0.1
5	143	959	1.231977105140686	0.25	0.1
5	144	960	1.0281379222869873	0.0	0.1
5	145	961	1.1485049724578857	0.25	0.1
5	146	962	1.1229114532470703	0.25	0.1
5	147	963	1.1139209270477295	0.5	0.1
5	148	964	1.1489994525909424	0.25	0.1
5	149	965	1.1408559083938599	0.25	0.1
5	150	966	0.9962213635444641	0.5	0.1
5	151	967	1.0015294551849365	0.5	0.1
5	152	968	0.9528714418411255	0.75	0.1
5	153	969	1.0910145044326782	0.5	0.1
5	154	970	1.0584990978240967	0.5	0.1
5	155	971	0.8818255066871643	0.75	0.1
5	156	972	0.9250112771987915	0.5	0.1
5	157	973	1.0513496398925781	0.5	0.1
5	158	974	1.0014668703079224	0.25	0.1
5	159	975	0.9773586392402649	0.25	0.1
5	160	976	0.8688127994537354	0.5	0.1
5	161	977	1.1141955852508545	0.5	0.1
5	162	978	0.8032038807868958	0.75	0.1
5	163	979	0.8133413791656494	0.5	0.1
5	164	980	0.8006377816200256	0.5	0.1
5	165	981	0.7838279008865356	0.75	0.1
5	166	982	1.187012791633606	0.25	0.1
5	167	983	1.1899216175079346	0.25	0.1
5	168	984	0.8319382667541504	0.25	0.1
5	169	985	0.7559382319450378	0.75	0.1
5	170	986	0.7215012907981873	1.0	0.1
5	171	987	0.7285555601119995	0.75	0.1
5	172	988	0.6907066702842712	1.0	0.1
5	173	989	1.26266610622406	0.5	0.1
5	174	990	0.6949496865272522	0.75	0.1
5	175	991	0.8995622396469116	0.25	0.1
5	176	992	0.7069528698921204	0.75	0.1
5	177	993	0.9289993047714233	0.0	0.1
5	178	994	1.7849894762039185	0.25	0.1
5	179	995	0.7483961582183838	0.5	0.1
5	180	996	1.710280418395996	0.25	0.1
5	181	997	0.7474194765090942	0.75	0.1
5	182	998	1.2389957904815674	0.25	0.1
5	183	999	0.7637078166007996	0.75	0.1
5	184	1000	0.7330659031867981	0.75	0.1
5	185	1001	0.6220828890800476	0.75	0.1
5	186	1002	0.7059147357940674	0.75	0.1
5	187	1003	0.9051713347434998	0.5	0.1
5	188	1004	0.6204956769943237	0.75	0.1
5	189	1005	0.8445995450019836	0.5	0.1
5	190	1006	1.0318610668182373	0.25	0.1
5	191	1007	0.6793172359466553	0.75	0.1
5	192	1008	0.49941736459732056	1.0	0.1
5	193	1009	1.7233701944351196	0.25	0.1
5	194	1010	1.7330280542373657	0.25	0.1
5	195	1011	0.8036568760871887	0.5	0.1
5	196	1012	0.9640542268753052	0.25	0.1
5	197	1013	1.1909129619598389	0.5	0.1
5	198	1014	0.6340661644935608	1.0	0.1
5	199	1015	0.7815976142883301	0.75	0.1
5	200	1016	0.7282764911651611	0.75	0.1
5	201	1017	0.7206323146820068	0.75	0.1
5	202	1018	0.6944130659103394	0.75	0.1
5	203	1019	0.6589770913124084	0.75	0.1
5	204	1020	0.8586163520812988	0.5	0.1
6	1	1021	1.4049097299575806	0.25	0.1
6	2	1022	0.8637179136276245	0.5	0.1
6	3	1023	1.0339431762695312	0.25	0.1
6	4	1024	0.6498022079467773	0.75	0.1
6	5	1025	1.6993197202682495	0.25	0.1
6	6	1026	1.6353565454483032	0.25	0.1
6	7	1027	0.6557517647743225	1.0	0.1
6	8	1028	0.7840775847434998	0.5	0.1
6	9	1029	1.1697639226913452	0.5	0.1
6	10	1030	0.8465936183929443	0.5	0.1
6	11	1031	0.7596679329872131	0.75	0.1
6	12	1032	1.1014034748077393	0.5	0.1
6	13	1033	0.692494809627533	0.75	0.1
6	14	1034	0.6169388294219971	1.0	0.1
6	15	1035	0.7143320441246033	0.75	0.1
6	16	1036	1.0211405754089355	0.25	0.1
6	17	1037	0.6450878977775574	0.75	0.1
6	18	1038	1.0307055711746216	0.25	0.1
6	19	1039	0.6527689695358276	0.75	0.1
6	20	1040	0.9794062972068787	0.25	0.1
6	21	1041	1.3547829389572144	0.25	0.1
6	22	1042	0.7435708045959473	0.5	0.1
6	23	1043	0.6531925201416016	0.75	0.1
6	24	1044	1.1136527061462402	0.75	0.1
6	25	1045	0.7246925830841064	0.75	0.1
6	26	1046	0.7159600257873535	0.75	0.1
6	27	1047	0.7750228643417358	0.5	0.1
6	28	1048	1.2719156742095947	0.25	0.1
6	29	1049	0.7175471186637878	0.75	0.1
6	30	1050	1.307356595993042	0.25	0.1
6	31	1051	1.2597297430038452	0.25	0.1
6	32	1052	0.7437521815299988	0.5	0.1
6	33	1053	0.7070675492286682	0.75	0.1
6	34	1054	1.2050750255584717	0.25	0.1
6	35	1055	1.5968396663665771	0.25	0.1
6	36	1056	0.7231037616729736	0.75	0.1
6	37	1057	0.597821056842804	0.75	0.1
6	38	1058	1.2580170631408691	0.25	0.1
6	39	1059	0.9589611887931824	0.25	0.1
6	40	1060	0.902538001537323	0.5	0.1
6	41	1061	1.1797995567321777	0.5	0.1
6	42	1062	1.4480339288711548	0.5	0.1
6	43	1063	1.1707744598388672	0.5	0.1
6	44	1064	1.165960669517517	0.5	0.1
6	45	1065	0.8214078545570374	0.5	0.1
6	46	1066	0.7449964284896851	0.75	0.1
6	47	1067	0.926561176776886	0.5	0.1
6	48	1068	1.035473108291626	0.5	0.1
6	49	1069	0.8221458196640015	0.5	0.1
6	50	1070	0.7814410924911499	0.5	0.1
6	51	1071	1.3118934631347656	0.5	0.1
6	52	1072	1.2150053977966309	0.0	0.1
6	53	1073	1.4171969890594482	0.25	0.1
6	54	1074	1.0192853212356567	0.5	0.1
6	55	1075	1.2178705930709839	0.25	0.1
6	56	1076	0.988553524017334	0.25	0.1
6	57	1077	0.9170243740081787	0.5	0.1
6	58	1078	0.967857301235199	0.75	0.1
6	59	1079	1.070840835571289	0.5	0.1
6	60	1080	1.3380720615386963	0.25	0.1
6	61	1081	1.2321410179138184	0.5	0.1
6	62	1082	0.7870107293128967	0.75	0.1
6	63	1083	1.0338062047958374	0.5	0.1
6	64	1084	0.9723525643348694	0.5	0.1
6	65	1085	1.0328174829483032	0.5	0.1
6	66	1086	1.2839871644973755	0.25	0.1
6	67	1087	0.9793314933776855	0.5	0.1
6	68	1088	0.8805789947509766	0.75	0.1
6	69	1089	0.8795806169509888	0.75	0.1
6	70	1090	0.683833658695221	1.0	0.1
6	71	1091	1.2833294868469238	0.25	0.1
6	72	1092	1.2652627229690552	0.25	0.1
6	73	1093	1.3546816110610962	0.25	0.1
6	74	1094	1.2662779092788696	0.25	0.1
6	75	1095	1.1210267543792725	0.25	0.1
6	76	1096	1.176844835281372	0.25	0.1
6	77	1097	1.03926682472229	0.5	0.1
6	78	1098	1.2748572826385498	0.25	0.1
6	79	1099	1.109251856803894	0.0	0.1
6	80	1100	1.0171383619308472	0.25	0.1
6	81	1101	0.9965018033981323	0.5	0.1
6	82	1102	0.9207214713096619	0.25	0.1
6	83	1103	0.9563611149787903	0.5	0.1
6	84	1104	0.857893705368042	1.0	0.1
6	85	1105	1.0565688610076904	0.75	0.1
6	86	1106	0.9175882339477539	0.5	0.1
6	87	1107	0.8668432831764221	0.5	0.1
6	88	1108	1.2098095417022705	0.25	0.1
6	89	1109	1.4259659051895142	0.25	0.1
6	90	1110	1.447466254234314	0.25	0.1
6	91	1111	0.7894705533981323	0.75	0.1
6	92	1112	1.3829309940338135	0.25	0.1
6	93	1113	0.8850113153457642	0.5	0.1
6	94	1114	0.7148925065994263	1.0	0.1
6	95	1115	1.0797263383865356	0.5	0.1
6	96	1116	0.777886152267456	0.75	0.1
6	97	1117	0.7617914080619812	0.75	0.1
6	98	1118	0.7646540999412537	0.75	0.1
6	99	1119	1.4507462978363037	0.25	0.1
6	100	1120	0.9455398321151733	0.5	0.1
6	101	1121	0.7246885299682617	0.75	0.1
6	102	1122	0.7149404883384705	0.75	0.1
6	103	1123	1.4638090133666992	0.25	0.1
6	104	1124	0.9302557706832886	0.5	0.1
6	105	1125	1.455971360206604	0.25	0.1
6	106	1126	0.909038782119751	0.5	0.1
6	107	1127	0.8993816375732422	0.5	0.1
6	108	1128	0.7554401755332947	0.75	0.1
6	109	1129	0.8692353367805481	0.5	0.1
6	110	1130	0.8780364990234375	0.5	0.1
6	111	1131	1.1703251600265503	0.25	0.1
6	112	1132	0.8929455280303955	0.25	0.1
6	113	1133	0.8173810243606567	0.75	0.1
6	114	1134	1.4274787902832031	0.5	0.1
6	115	1135	1.1866589784622192	0.5	0.1
6	116	1136	1.0985767841339111	0.75	0.1
6	117	1137	1.1662601232528687	0.25	0.1
6	118	1138	0.8483885526657104	0.5	0.1
6	119	1139	0.8798601031303406	0.25	0.1
6	120	1140	0.7658554911613464	1.0	0.1
6	121	1141	0.7996619939804077	0.75	0.1
6	122	1142	1.1101901531219482	0.5	0.1
6	123	1143	0.8703980445861816	0.5	0.1
6	124	1144	0.7402257323265076	0.75	0.1
6	125	1145	0.8804724216461182	0.5	0.1
6	126	1146	0.7083649635314941	0.75	0.1
6	127	1147	1.5799202919006348	0.25	0.1
6	128	1148	0.8656474947929382	0.5	0.1
6	129	1149	1.28227961063385	0.25	0.1
6	130	1150	0.5418206453323364	1.0	0.1
6	131	1151	1.0059417486190796	0.25	0.1
6	132	1152	0.9740560054779053	0.25	0.1
6	133	1153	0.6956750154495239	0.75	0.1
6	134	1154	0.8898451924324036	0.25	0.1
6	135	1155	0.835771918296814	0.5	0.1
6	136	1156	0.8038132190704346	0.5	0.1
6	137	1157	1.2106800079345703	0.25	0.1
6	138	1158	0.8480443954467773	0.25	0.1
6	139	1159	1.259869933128357	0.25	0.1
6	140	1160	1.2380201816558838	0.5	0.1
6	141	1161	0.771329402923584	0.25	0.1
6	142	1162	0.7523330450057983	0.75	0.1
6	143	1163	0.8368978500366211	0.5	0.1
6	144	1164	0.7581663131713867	0.75	0.1
6	145	1165	1.6247036457061768	0.25	0.1
6	146	1166	0.7745926380157471	0.5	0.1
6	147	1167	0.5884196758270264	1.0	0.1
6	148	1168	1.6109029054641724	0.25	0.1
6	149	1169	1.6433520317077637	0.25	0.1
6	150	1170	0.4960329532623291	1.0	0.1
6	151	1171	1.1279926300048828	0.5	0.1
6	152	1172	1.5403748750686646	0.25	0.1
6	153	1173	1.3351144790649414	0.25	0.1
6	154	1174	0.6792948246002197	0.75	0.1
6	155	1175	1.2792850732803345	0.25	0.1
6	156	1176	1.2406578063964844	0.25	0.1
6	157	1177	1.012331485748291	0.5	0.1
6	158	1178	0.9875187277793884	0.5	0.1
6	159	1179	0.9895256757736206	0.5	0.1
6	160	1180	0.7663238644599915	0.75	0.1
6	161	1181	1.000184178352356	0.5	0.1
6	162	1182	0.8829666376113892	0.75	0.1
6	163	1183	1.0279622077941895	0.5	0.1
6	164	1184	0.7291715145111084	1.0	0.1
6	165	1185	0.8686572909355164	0.75	0.1
6	166	1186	0.8825773000717163	0.75	0.1
6	167	1187	0.6641364097595215	1.0	0.1
6	168	1188	0.6372342109680176	1.0	0.1
6	169	1189	1.5415791273117065	0.0	0.1
6	170	1190	0.5985956192016602	1.0	0.1
6	171	1191	0.7728679180145264	0.75	0.1
6	172	1192	1.1415914297103882	0.5	0.1
6	173	1193	0.8515900373458862	0.5	0.1
6	174	1194	0.5329108238220215	1.0	0.1
6	175	1195	1.659382939338684	0.0	0.1
6	176	1196	1.254316806793213	0.5	0.1
6	177	1197	1.0389091968536377	0.25	0.1
6	178	1198	0.72172611951828	0.75	0.1
6	179	1199	0.6664714813232422	0.75	0.1
6	180	1200	0.9126184582710266	0.5	0.1
6	181	1201	0.9485630989074707	0.75	0.1
6	182	1202	0.935983419418335	0.75	0.1
6	183	1203	1.274654507637024	0.25	0.1
6	184	1204	1.2002935409545898	0.25	0.1
6	185	1205	0.7046974897384644	0.75	0.1
6	186	1206	1.2873735427856445	0.25	0.1
6	187	1207	1.213079571723938	0.0	0.1
6	188	1208	1.2146868705749512	0.25	0.1
6	189	1209	0.5807139277458191	1.0	0.1
6	190	1210	1.128526210784912	0.5	0.1
6	191	1211	0.760429322719574	0.75	0.1
6	192	1212	0.9768182635307312	0.25	0.1
6	193	1213	1.2076352834701538	0.25	0.1
6	194	1214	1.003025770187378	0.25	0.1
6	195	1215	0.8110127449035645	0.5	0.1
6	196	1216	1.2367699146270752	0.25	0.1
6	197	1217	0.7677441835403442	0.75	0.1
6	198	1218	1.01363205909729	0.75	0.1
6	199	1219	1.0475752353668213	0.5	0.1
6	200	1220	1.0349868535995483	0.25	0.1
6	201	1221	0.9249590635299683	0.5	0.1
6	202	1222	1.0438423156738281	0.5	0.1
6	203	1223	0.9202466011047363	0.5	0.1
6	204	1224	1.161317229270935	0.25	0.1
7	1	1225	1.1484081745147705	0.5	0.1
7	2	1226	0.7981120347976685	0.5	0.1
7	3	1227	0.8965046405792236	0.5	0.1
7	4	1228	0.7741737365722656	0.5	0.1
7	5	1229	1.1919101476669312	0.25	0.1
7	6	1230	1.136197805404663	0.5	0.1
7	7	1231	0.7843828201293945	0.75	0.1
7	8	1232	0.7172210216522217	0.75	0.1
7	9	1233	0.7912681102752686	0.5	0.1
7	10	1234	0.8563186526298523	0.5	0.1
7	11	1235	1.3241912126541138	0.25	0.1
7	12	1236	0.7366198897361755	0.75	0.1
7	13	1237	0.6968578696250916	0.75	0.1
7	14	1238	1.1648674011230469	0.5	0.1
7	15	1239	0.7068411707878113	0.75	0.1
7	16	1240	0.6974261999130249	0.75	0.1
7	17	1241	1.0163978338241577	0.25	0.1
7	18	1242	0.6837290525436401	0.75	0.1
7	19	1243	0.8369284868240356	0.5	0.1
7	20	1244	1.2102336883544922	0.5	0.1
7	21	1245	1.6842176914215088	0.25	0.1
7	22	1246	0.6940357685089111	0.75	0.1
7	23	1247	0.6966089010238647	0.75	0.1
7	24	1248	1.1629483699798584	0.5	0.1
7	25	1249	0.6869056224822998	0.75	0.1
7	26	1250	1.2761070728302002	0.25	0.1
7	27	1251	0.8345036506652832	0.5	0.1
7	28	1252	0.6943917274475098	0.75	0.1
7	29	1253	0.849442720413208	0.5	0.1
7	30	1254	0.9274404048919678	0.25	0.1
7	31	1255	1.15220046043396	0.5	0.1
7	32	1256	0.7514785528182983	0.75	0.1
7	33	1257	1.5686256885528564	0.25	0.1
7	34	1258	0.7556208968162537	0.75	0.1
7	35	1259	1.1507339477539062	0.5	0.1
7	36	1260	0.7501635551452637	0.75	0.1
7	37	1261	1.131459355354309	0.5	0.1
7	38	1262	0.7157696485519409	0.75	0.1
7	39	1263	0.7239429354667664	0.75	0.1
7	40	1264	0.7084769010543823	0.75	0.1
7	41	1265	1.116241216659546	0.5	0.1
7	42	1266	0.6857032775878906	0.75	0.1
7	43	1267	1.140742301940918	0.5	0.1
7	44	1268	0.6704814434051514	0.75	0.1
7	45	1269	1.1588643789291382	0.25	0.1
7	46	1270	1.1283875703811646	0.25	0.1
7	47	1271	1.3249425888061523	0.25	0.1
7	48	1272	1.2800276279449463	0.25	0.1
7	49	1273	0.8339380621910095	0.5	0.1
7	50	1274	0.8821195363998413	0.25	0.1
7	51	1275	0.8098205327987671	0.5	0.1
7	52	1276	0.8027167916297913	0.5	0.1
7	53	1277	1.208532452583313	0.25	0.1
7	54	1278	0.8851625323295593	0.25	0.1
7	55	1279	0.9340773820877075	0.0	0.1
7	56	1280	0.831325888633728	0.25	0.1
7	57	1281	1.590149164199829	0.25	0.1
7	58	1282	0.7561073899269104	0.75	0.1
7	59	1283	1.5677722692489624	0.25	0.1
7	60	1284	0.822267472743988	0.5	0.1
7	61	1285	1.5476641654968262	0.25	0.1
7	62	1286	0.7201595306396484	0.75	0.1
7	63	1287	1.1081154346466064	0.5	0.1
7	64	1288	1.255753755569458	0.25	0.1
7	65	1289	0.7354535460472107	0.75	0.1
7	66	1290	0.8846530914306641	0.5	0.1
7	67	1291	1.0578831434249878	0.5	0.1
7	68	1292	1.40043306350708	0.25	0.1
7	69	1293	0.7577367424964905	0.75	0.1
7	70	1294	0.7839705348014832	0.75	0.1
7	71	1295	1.0443487167358398	0.25	0.1
7	72	1296	0.7670347690582275	0.75	0.1
7	73	1297	0.771914005279541	0.75	0.1
7	74	1298	1.226733922958374	0.25	0.1
7	75	1299	1.0942254066467285	0.5	0.1
7	76	1300	1.0967098474502563	0.5	0.1
7	77	1301	1.4171630144119263	0.25	0.1
7	78	1302	1.4111593961715698	0.25	0.1
7	79	1303	0.7886126041412354	0.75	0.1
7	80	1304	1.1574264764785767	0.25	0.1
7	81	1305	1.0678846836090088	0.5	0.1
7	82	1306	1.0831098556518555	0.5	0.1
7	83	1307	1.0280050039291382	0.5	0.1
7	84	1308	1.0493714809417725	0.5	0.1
7	85	1309	1.1329805850982666	0.25	0.1
7	86	1310	0.8402021527290344	0.75	0.1
7	87	1311	0.8755737543106079	0.75	0.1
7	88	1312	1.1218066215515137	0.25	0.1
7	89	1313	1.2859340906143188	0.25	0.1
7	90	1314	0.9253408312797546	0.5	0.1
7	91	1315	1.1353803873062134	0.25	0.1
7	92	1316	1.1335484981536865	0.25	0.1
7	93	1317	0.8776991367340088	0.75	0.1
7	94	1318	1.0757273435592651	0.25	0.1
7	95	1319	1.1167699098587036	0.25	0.1
7	96	1320	0.8895974159240723	0.75	0.1
7	97	1321	1.2462708950042725	0.25	0.1
7	98	1322	0.9084612131118774	0.5	0.1
7	99	1323	1.0682529211044312	0.25	0.1
7	100	1324	0.9052975177764893	0.5	0.1
7	101	1325	1.1279594898223877	0.25	0.1
7	102	1326	1.1101874113082886	0.5	0.1
7	103	1327	0.9103720188140869	0.5	0.1
7	104	1328	0.8768274188041687	0.5	0.1
7	105	1329	0.9175580143928528	0.5	0.1
7	106	1330	1.1553171873092651	0.25	0.1
7	107	1331	0.8987125754356384	0.5	0.1
7	108	1332	0.8770347833633423	0.5	0.1
7	109	1333	0.8752868175506592	0.5	0.1
7	110	1334	0.8085712194442749	0.75	0.1
7	111	1335	1.1447784900665283	0.5	0.1
7	112	1336	0.7809450030326843	0.75	0.1
7	113	1337	1.1892892122268677	0.25	0.1
7	114	1338	1.1469627618789673	0.5	0.1
7	115	1339	1.1945325136184692	0.25	0.1
7	116	1340	0.7466845512390137	0.75	0.1
7	117	1341	1.217900037765503	0.25	0.1
7	118	1342	0.7492210268974304	0.75	0.1
7	119	1343	0.6610245704650879	1.0	0.1
7	120	1344	0.7287658452987671	0.75	0.1
7	121	1345	1.266334056854248	0.25	0.1
7	122	1346	0.9908033609390259	0.25	0.1
7	123	1347	0.5681902170181274	1.0	0.1
7	124	1348	0.6928451061248779	0.75	0.1
7	125	1349	0.5240310430526733	1.0	0.1
7	126	1350	1.659519910812378	0.25	0.1
7	127	1351	1.0918458700180054	0.25	0.1
7	128	1352	1.3569672107696533	0.25	0.1
7	129	1353	0.8668502569198608	0.5	0.1
7	130	1354	1.5964336395263672	0.25	0.1
7	131	1355	1.1010700464248657	0.5	0.1
7	132	1356	1.0937548875808716	0.5	0.1
7	133	1357	1.1125953197479248	0.5	0.1
7	134	1358	1.1834603548049927	0.25	0.1
7	135	1359	0.9099278450012207	0.25	0.1
7	136	1360	0.8306425213813782	0.75	0.1
7	137	1361	1.1158266067504883	0.5	0.1
7	138	1362	0.848690927028656	0.75	0.1
7	139	1363	0.9438232183456421	0.5	0.1
7	140	1364	1.1387492418289185	0.25	0.1
7	141	1365	1.394683599472046	0.25	0.1
7	142	1366	0.8388829827308655	0.75	0.1
7	143	1367	0.8299391269683838	0.75	0.1
7	144	1368	1.3566582202911377	0.25	0.1
7	145	1369	1.3545517921447754	0.25	0.1
7	146	1370	1.0805915594100952	0.5	0.1
7	147	1371	0.9117770791053772	0.5	0.1
7	148	1372	0.995613157749176	0.25	0.1
7	149	1373	0.913522481918335	0.5	0.1
7	150	1374	0.8473085165023804	0.75	0.1
7	151	1375	1.07560396194458	0.5	0.1
7	152	1376	0.9543249011039734	0.25	0.1
7	153	1377	0.8236185312271118	0.75	0.1
7	154	1378	0.8186589479446411	0.75	0.1
7	155	1379	0.8617290258407593	0.5	0.1
7	156	1380	0.8581572771072388	0.5	0.1
7	157	1381	0.7616243362426758	0.75	0.1
7	158	1382	1.1193525791168213	0.5	0.1
7	159	1383	0.8277931213378906	0.5	0.1
7	160	1384	0.8279568552970886	0.5	0.1
7	161	1385	0.9083799123764038	0.25	0.1
7	162	1386	0.7315351963043213	0.75	0.1
7	163	1387	0.6497554183006287	1.0	0.1
7	164	1388	1.26686429977417	0.25	0.1
7	165	1389	1.1876806020736694	0.5	0.1
7	166	1390	0.6860530376434326	0.75	0.1
7	167	1391	0.8093414306640625	0.5	0.1
7	168	1392	1.3020271062850952	0.25	0.1
7	169	1393	0.9085289239883423	0.25	0.1
7	170	1394	0.8747955560684204	0.25	0.1
7	171	1395	1.1836092472076416	0.5	0.1
7	172	1396	0.7411565780639648	1.0	0.1
7	173	1397	1.224605679512024	0.25	0.1
7	174	1398	0.762951672077179	0.75	0.1
7	175	1399	1.218409538269043	0.25	0.1
7	176	1400	0.8137576580047607	0.25	0.1
7	177	1401	0.7983844876289368	0.25	0.1
7	178	1402	0.8010916709899902	0.25	0.1
7	179	1403	0.7699637413024902	0.5	0.1
7	180	1404	1.2227612733840942	0.5	0.1
7	181	1405	1.2340306043624878	0.25	0.1
7	182	1406	0.7996284365653992	0.5	0.1
7	183	1407	1.2096877098083496	0.25	0.1
7	184	1408	0.8000820875167847	0.5	0.1
7	185	1409	0.7767309546470642	0.75	0.1
7	186	1410	1.1915720701217651	0.5	0.1
7	187	1411	1.1910969018936157	0.25	0.1
7	188	1412	1.169982671737671	0.5	0.1
7	189	1413	1.1594141721725464	0.5	0.1
7	190	1414	0.803267240524292	0.5	0.1
7	191	1415	1.1708911657333374	0.25	0.1
7	192	1416	0.7771501541137695	0.75	0.1
7	193	1417	0.8657096028327942	0.25	0.1
7	194	1418	0.8537649512290955	0.25	0.1
7	195	1419	0.8508067727088928	0.25	0.1
7	196	1420	0.7984153032302856	0.75	0.1
7	197	1421	1.179329752922058	0.25	0.1
7	198	1422	1.521308183670044	0.25	0.1
7	199	1423	1.101369857788086	0.5	0.1
7	200	1424	0.7178313732147217	0.75	0.1
7	201	1425	1.1204365491867065	0.5	0.1
7	202	1426	1.457618236541748	0.25	0.1
7	203	1427	0.6961894631385803	0.75	0.1
7	204	1428	0.9220850467681885	0.5	0.1
8	1	1429	0.7051440477371216	0.75	0.1
8	2	1430	1.3011295795440674	0.25	0.1
8	3	1431	1.1080036163330078	0.5	0.1
8	4	1432	0.5736996531486511	1.0	0.1
8	5	1433	0.7419778108596802	0.75	0.1
8	6	1434	0.6981099247932434	0.75	0.1
8	7	1435	0.9446403980255127	0.5	0.1
8	8	1436	0.7202181816101074	0.75	0.1
8	9	1437	0.9352607131004333	0.5	0.1
8	10	1438	0.923210620880127	0.5	0.1
8	11	1439	0.9059938192367554	0.5	0.1
8	12	1440	0.8846234083175659	0.5	0.1
8	13	1441	0.8380394577980042	0.5	0.1
8	14	1442	1.2871406078338623	0.25	0.1
8	15	1443	1.1298941373825073	0.5	0.1
8	16	1444	1.584909439086914	0.25	0.1
8	17	1445	1.1347192525863647	0.5	0.1
8	18	1446	0.8192172050476074	0.5	0.1
8	19	1447	0.75993412733078	0.75	0.1
8	20	1448	0.8242599368095398	0.5	0.1
8	21	1449	0.8285191059112549	0.5	0.1
8	22	1450	0.7964218854904175	0.5	0.1
8	23	1451	0.7642222046852112	0.75	0.1
8	24	1452	0.7775826454162598	0.75	0.1
8	25	1453	1.1767667531967163	0.5	0.1
8	26	1454	1.5494403839111328	0.25	0.1
8	27	1455	0.7172847986221313	0.75	0.1
8	28	1456	0.8358703851699829	0.5	0.1
8	29	1457	0.8382217288017273	0.5	0.1
8	30	1458	1.2560142278671265	0.25	0.1
8	31	1459	0.811888575553894	0.5	0.1
8	32	1460	0.7340588569641113	0.75	0.1
8	33	1461	0.8163374662399292	0.5	0.1
8	34	1462	0.7284875512123108	0.75	0.1
8	35	1463	0.7127741575241089	0.75	0.1
8	36	1464	0.7024043798446655	0.75	0.1
8	37	1465	0.6934142112731934	0.75	0.1
8	38	1466	0.6780270934104919	0.75	0.1
8	39	1467	0.6613869071006775	0.75	0.1
8	40	1468	0.6489757895469666	0.75	0.1
8	41	1469	0.8419297933578491	0.5	0.1
8	42	1470	1.198652744293213	0.5	0.1
8	43	1471	0.8629655838012695	0.5	0.1
8	44	1472	1.2430263757705688	0.5	0.1
8	45	1473	1.0488606691360474	0.25	0.1
8	46	1474	0.826714038848877	0.5	0.1
8	47	1475	1.3808422088623047	0.25	0.1
8	48	1476	1.2249832153320312	0.5	0.1
8	49	1477	0.7806522250175476	0.5	0.1
8	50	1478	0.7708171606063843	0.5	0.1
8	51	1479	1.2318861484527588	0.5	0.1
8	52	1480	0.7544063925743103	0.75	0.1
8	53	1481	1.222893238067627	0.5	0.1
8	54	1482	0.7994144558906555	0.25	0.1
8	55	1483	0.7932953238487244	0.25	0.1
8	56	1484	1.6069344282150269	0.5	0.1
8	57	1485	0.8031934499740601	0.25	0.1
8	58	1486	0.8052031993865967	0.25	0.1
8	59	1487	0.7850552201271057	0.5	0.1
8	60	1488	1.5726478099822998	0.25	0.1
8	61	1489	0.8134406208992004	0.0	0.1
8	62	1490	1.5814855098724365	0.25	0.1
8	63	1491	1.182459831237793	0.25	0.1
8	64	1492	1.154508113861084	0.5	0.1
8	65	1493	1.4342007637023926	0.25	0.1
8	66	1494	0.8742741942405701	0.25	0.1
8	67	1495	0.8545059561729431	0.5	0.1
8	68	1496	0.8592448234558105	0.75	0.1
8	69	1497	1.3672775030136108	0.25	0.1
8	70	1498	0.8847076296806335	0.25	0.1
8	71	1499	0.8943726420402527	0.5	0.1
8	72	1500	0.8827004432678223	0.5	0.1
8	73	1501	0.8800050020217896	0.5	0.1
8	74	1502	0.9154106378555298	0.25	0.1
8	75	1503	0.8278390169143677	0.75	0.1
8	76	1504	0.9378296136856079	0.0	0.1
8	77	1505	0.8860015869140625	0.0	0.1
8	78	1506	1.1428430080413818	0.5	0.1
8	79	1507	0.7688437700271606	0.75	0.1
8	80	1508	0.8254727125167847	0.5	0.1
8	81	1509	0.5800079703330994	1.0	0.1
8	82	1510	0.6773067116737366	0.75	0.1
8	83	1511	1.071411371231079	0.25	0.1
8	84	1512	1.183748722076416	0.5	0.1
8	85	1513	0.6441670060157776	0.75	0.1
8	86	1514	0.8902919292449951	0.5	0.1
8	87	1515	1.7349040508270264	0.25	0.1
8	88	1516	0.43710756301879883	1.0	0.1
8	89	1517	1.1803535223007202	0.5	0.1
8	90	1518	0.6465206742286682	0.75	0.1
8	91	1519	0.8855165839195251	0.5	0.1
8	92	1520	0.868617594242096	0.5	0.1
8	93	1521	1.1522865295410156	0.5	0.1
8	94	1522	0.854563295841217	0.5	0.1
8	95	1523	0.6714048981666565	0.75	0.1
8	96	1524	1.3170969486236572	0.25	0.1
8	97	1525	0.8224526643753052	0.5	0.1
8	98	1526	0.5953170657157898	1.0	0.1
8	99	1527	0.5922520160675049	1.0	0.1
8	100	1528	1.649637222290039	0.25	0.1
8	101	1529	1.1585787534713745	0.5	0.1
8	102	1530	1.2957878112792969	0.25	0.1
8	103	1531	1.5704776048660278	0.25	0.1
8	104	1532	0.835976243019104	0.5	0.1
8	105	1533	0.9595574140548706	0.25	0.1
8	106	1534	0.8317545652389526	0.5	0.1
8	107	1535	0.7608091235160828	0.75	0.1
8	108	1536	0.8703312277793884	0.25	0.1
8	109	1537	1.4449682235717773	0.25	0.1
8	110	1538	0.8341624736785889	0.75	0.1
8	111	1539	0.8211960196495056	0.5	0.1
8	112	1540	0.7785735130310059	0.75	0.1
8	113	1541	1.1286897659301758	0.5	0.1
8	114	1542	0.7703931927680969	0.75	0.1
8	115	1543	1.2099939584732056	0.25	0.1
8	116	1544	0.963819146156311	0.25	0.1
8	117	1545	0.7406172156333923	0.75	0.1
8	118	1546	0.7355801463127136	0.75	0.1
8	119	1547	0.8166881203651428	0.5	0.1
8	120	1548	1.243199110031128	0.25	0.1
8	121	1549	1.1119050979614258	0.5	0.1
8	122	1550	0.853628933429718	0.5	0.1
8	123	1551	1.5470993518829346	0.25	0.1
8	124	1552	0.7980986833572388	0.5	0.1
8	125	1553	1.1880323886871338	0.25	0.1
8	126	1554	0.7976638674736023	0.5	0.1
8	127	1555	0.7621904015541077	0.75	0.1
8	128	1556	1.1517471075057983	0.5	0.1
8	129	1557	1.4607114791870117	0.25	0.1
8	130	1558	0.7992739677429199	0.75	0.1
8	131	1559	0.7883589863777161	0.75	0.1
8	132	1560	0.9531115293502808	0.25	0.1
8	133	1561	0.766166090965271	0.75	0.1
8	134	1562	0.953656792640686	0.25	0.1
8	135	1563	1.2399178743362427	0.25	0.1
8	136	1564	0.765500545501709	0.75	0.1
8	137	1565	1.0999071598052979	0.5	0.1
8	138	1566	0.8057485818862915	0.5	0.1
8	139	1567	1.1041114330291748	0.5	0.1
8	140	1568	0.809360146522522	0.5	0.1
8	141	1569	0.8411474227905273	0.5	0.1
8	142	1570	1.1791236400604248	0.25	0.1
8	143	1571	1.1660305261611938	0.5	0.1
8	144	1572	1.156764030456543	0.25	0.1
8	145	1573	1.157199740409851	0.5	0.1
8	146	1574	1.1538300514221191	0.25	0.1
8	147	1575	0.8288500905036926	0.75	0.1
8	148	1576	0.8891451954841614	0.0	0.1
8	149	1577	0.8263757228851318	0.5	0.1
8	150	1578	0.8068757057189941	0.75	0.1
8	151	1579	1.0893406867980957	0.5	0.1
8	152	1580	1.1689250469207764	0.25	0.1
8	153	1581	0.8538565635681152	0.5	0.1
8	154	1582	1.4292919635772705	0.25	0.1
8	155	1583	1.120718002319336	0.5	0.1
8	156	1584	0.8457462191581726	0.5	0.1
8	157	1585	0.8491870164871216	0.5	0.1
8	158	1586	0.8496919870376587	0.5	0.1
8	159	1587	0.7881907820701599	0.75	0.1
8	160	1588	0.8339494466781616	0.5	0.1
8	161	1589	0.7791777849197388	0.75	0.1
8	162	1590	0.6761019229888916	1.0	0.1
8	163	1591	1.0831685066223145	0.5	0.1
8	164	1592	1.4733436107635498	0.25	0.1
8	165	1593	1.131308674812317	0.5	0.1
8	166	1594	0.6895326375961304	0.75	0.1
8	167	1595	1.3093591928482056	0.25	0.1
8	168	1596	0.7170039415359497	0.75	0.1
8	169	1597	0.8714594841003418	0.5	0.1
8	170	1598	0.6933736205101013	0.75	0.1
8	171	1599	0.6966385245323181	0.75	0.1
8	172	1600	0.8886981010437012	0.5	0.1
8	173	1601	1.035557508468628	0.25	0.1
8	174	1602	1.090742826461792	0.5	0.1
8	175	1603	0.716647744178772	0.75	0.1
8	176	1604	1.5434881448745728	0.25	0.1
8	177	1605	1.5629823207855225	0.25	0.1
8	178	1606	0.8269397020339966	0.5	0.1
8	179	1607	0.7574845552444458	0.75	0.1
8	180	1608	0.774107813835144	0.75	0.1
8	181	1609	0.8537240028381348	0.5	0.1
8	182	1610	0.9153958559036255	0.25	0.1
8	183	1611	0.8374328017234802	0.5	0.1
8	184	1612	0.8607451915740967	0.5	0.1
8	185	1613	1.1686959266662598	0.5	0.1
8	186	1614	0.8174729347229004	0.5	0.1
8	187	1615	1.2172701358795166	0.25	0.1
8	188	1616	0.7900641560554504	0.75	0.1
8	189	1617	0.7797501087188721	0.75	0.1
8	190	1618	1.1710305213928223	0.25	0.1
8	191	1619	0.767791748046875	0.75	0.1
8	192	1620	1.182298183441162	0.5	0.1
8	193	1621	0.679480791091919	1.0	0.1
8	194	1622	0.8069568276405334	0.5	0.1
8	195	1623	1.5871331691741943	0.25	0.1
8	196	1624	0.9785690307617188	0.25	0.1
8	197	1625	1.2301421165466309	0.25	0.1
8	198	1626	0.7183839082717896	0.75	0.1
8	199	1627	0.8234006762504578	0.5	0.1
8	200	1628	0.7297337055206299	0.75	0.1
8	201	1629	0.7256247997283936	0.75	0.1
8	202	1630	1.1068753004074097	0.5	0.1
8	203	1631	0.8171365261077881	0.5	0.1
8	204	1632	0.719241738319397	0.75	0.1
9	1	1633	1.1531627178192139	0.5	0.1
9	2	1634	1.5720956325531006	0.25	0.1
9	3	1635	1.544346570968628	0.25	0.1
9	4	1636	0.8354703783988953	0.5	0.1
9	5	1637	0.617630124092102	1.0	0.1
9	6	1638	1.1265076398849487	0.5	0.1
9	7	1639	1.2442779541015625	0.25	0.1
9	8	1640	1.0964630842208862	0.5	0.1
9	9	1641	0.7426316738128662	0.75	0.1
9	10	1642	0.9050934314727783	0.5	0.1
9	11	1643	0.8784447908401489	0.5	0.1
9	12	1644	0.7719125747680664	0.75	0.1
9	13	1645	1.1183730363845825	0.5	0.1
9	14	1646	0.8926557302474976	0.5	0.1
9	15	1647	1.273439645767212	0.25	0.1
9	16	1648	0.9724451899528503	0.25	0.1
9	17	1649	0.8669940829277039	0.5	0.1
9	18	1650	0.7843585014343262	0.75	0.1
9	19	1651	0.8259849548339844	0.5	0.1
9	20	1652	0.7657923698425293	1.0	0.1
9	21	1653	0.7737520337104797	0.75	0.1
9	22	1654	0.8053831458091736	0.5	0.1
9	23	1655	1.2243142127990723	0.25	0.1
9	24	1656	0.8047497868537903	0.5	0.1
9	25	1657	0.6385257244110107	1.0	0.1
9	26	1658	0.7011569738388062	0.75	0.1
9	27	1659	0.8020420074462891	0.5	0.1
9	28	1660	0.6723863482475281	0.75	0.1
9	29	1661	1.7493691444396973	0.25	0.1
9	30	1662	0.660634458065033	0.75	0.1
9	31	1663	1.7407922744750977	0.25	0.1
9	32	1664	1.3573473691940308	0.25	0.1
9	33	1665	0.9920674562454224	0.25	0.1
9	34	1666	0.6911884546279907	0.75	0.1
9	35	1667	0.7050496935844421	0.75	0.1
9	36	1668	1.1393766403198242	0.5	0.1
9	37	1669	0.8122385740280151	0.5	0.1
9	38	1670	1.1291987895965576	0.5	0.1
9	39	1671	1.550908088684082	0.25	0.1
9	40	1672	1.1413466930389404	0.5	0.1
9	41	1673	0.7580512762069702	0.75	0.1
9	42	1674	0.7537140846252441	0.75	0.1
9	43	1675	1.115400791168213	0.5	0.1
9	44	1676	0.8621006608009338	0.5	0.1
9	45	1677	1.110787034034729	0.5	0.1
9	46	1678	1.0989457368850708	0.5	0.1
9	47	1679	0.8742297887802124	0.5	0.1
9	48	1680	1.014512538909912	0.25	0.1
9	49	1681	0.9759742021560669	0.25	0.1
9	50	1682	0.8517023324966431	0.5	0.1
9	51	1683	0.8444396257400513	0.5	0.1
9	52	1684	1.141789197921753	0.5	0.1
9	53	1685	1.1258361339569092	0.5	0.1
9	54	1686	1.4363768100738525	0.25	0.1
9	55	1687	0.8289574384689331	0.25	0.1
9	56	1688	0.8238331079483032	1.0	0.1
9	57	1689	0.8552901744842529	0.25	0.1
9	58	1690	0.8626449108123779	0.25	0.1
9	59	1691	0.8218620419502258	0.5	0.1
9	60	1692	0.8220641016960144	0.5	0.1
9	61	1693	0.8096044659614563	0.5	0.1
9	62	1694	1.1627769470214844	0.5	0.1
9	63	1695	1.5158743858337402	0.25	0.1
9	64	1696	0.7662627696990967	0.75	0.1
9	65	1697	0.8305265307426453	0.5	0.1
9	66	1698	0.8339882493019104	0.5	0.1
9	67	1699	0.8315216302871704	0.5	0.1
9	68	1700	1.122468113899231	0.5	0.1
9	69	1701	0.7325327396392822	0.75	0.1
9	70	1702	0.9211989045143127	0.25	0.1
9	71	1703	0.7133396863937378	0.75	0.1
9	72	1704	1.5717005729675293	0.25	0.1
9	73	1705	0.8094803094863892	0.5	0.1
9	74	1706	1.2318732738494873	0.25	0.1
9	75	1707	1.2161630392074585	0.25	0.1
9	76	1708	0.7675694823265076	0.75	0.1
9	77	1709	1.1588859558105469	0.5	0.1
9	78	1710	0.8053795099258423	0.5	0.1
9	79	1711	0.8477076888084412	0.25	0.1
9	80	1712	0.8528845310211182	0.0	0.1
9	81	1713	0.8010920882225037	0.25	0.1
9	82	1714	0.808067798614502	0.25	0.1
9	83	1715	0.8264912366867065	0.0	0.1
9	84	1716	1.162155270576477	0.25	0.1
9	85	1717	0.7869718074798584	0.5	0.1
9	86	1718	0.7830582857131958	0.5	0.1
9	87	1719	1.6109950542449951	0.25	0.1
9	88	1720	0.814141035079956	0.5	0.1
9	89	1721	0.7192261219024658	0.75	0.1
9	90	1722	0.7375075817108154	0.75	0.1
9	91	1723	0.7312577962875366	0.75	0.1
9	92	1724	0.824772834777832	0.5	0.1
9	93	1725	0.8268095254898071	0.5	0.1
9	94	1726	1.1669058799743652	0.5	0.1
9	95	1727	0.6880343556404114	0.75	0.1
9	96	1728	0.9551190137863159	0.25	0.1
9	97	1729	1.6830263137817383	0.25	0.1
9	98	1730	0.6979299783706665	0.75	0.1
9	99	1731	0.7944590449333191	0.5	0.1
9	100	1732	1.6594583988189697	0.25	0.1
9	101	1733	0.7175089120864868	0.75	0.1
9	102	1734	1.2670741081237793	0.25	0.1
9	103	1735	1.1643726825714111	0.5	0.1
9	104	1736	1.1313703060150146	0.5	0.1
9	105	1737	0.7604057192802429	0.75	0.1
9	106	1738	0.9054083824157715	0.25	0.1
9	107	1739	1.177091360092163	0.25	0.1
9	108	1740	0.8292975425720215	0.5	0.1
9	109	1741	1.139640212059021	0.5	0.1
9	110	1742	0.7712385654449463	1.0	0.1
9	111	1743	0.8328083157539368	0.5	0.1
9	112	1744	0.8238653540611267	0.5	0.1
9	113	1745	1.492295742034912	0.25	0.1
9	114	1746	0.8953821659088135	0.25	0.1
9	115	1747	1.1711927652359009	0.25	0.1
9	116	1748	0.8223038911819458	0.5	0.1
9	117	1749	0.817207932472229	0.75	0.1
9	118	1750	0.8361518383026123	0.5	0.1
9	119	1751	0.833571195602417	0.25	0.1
9	120	1752	1.1463792324066162	0.25	0.1
9	121	1753	1.1470454931259155	0.25	0.1
9	122	1754	1.5046907663345337	0.25	0.1
9	123	1755	1.141291618347168	0.5	0.1
9	124	1756	1.122204065322876	0.75	0.1
9	125	1757	0.8516787886619568	0.5	0.1
9	126	1758	0.8612854480743408	0.5	0.1
9	127	1759	1.0955909490585327	0.5	0.1
9	128	1760	1.1115461587905884	0.5	0.1
9	129	1761	0.8096616268157959	0.75	0.1
9	130	1762	0.8604072332382202	0.5	0.1
9	131	1763	1.1717157363891602	0.25	0.1
9	132	1764	0.6834160089492798	1.0	0.1
9	133	1765	1.095760464668274	0.5	0.1
9	134	1766	0.892264187335968	0.5	0.1
9	135	1767	0.8795086145401001	0.5	0.1
9	136	1768	1.2180640697479248	0.25	0.1
9	137	1769	0.8605945110321045	0.5	0.1
9	138	1770	0.9735398292541504	0.25	0.1
9	139	1771	0.744318962097168	0.75	0.1
9	140	1772	0.7681739926338196	0.75	0.1
9	141	1773	1.1905009746551514	0.25	0.1
9	142	1774	0.7667747139930725	0.75	0.1
9	143	1775	0.8069354891777039	0.5	0.1
9	144	1776	0.7004442811012268	1.0	0.1
9	145	1777	1.135774850845337	0.5	0.1
9	146	1778	1.1452600955963135	0.5	0.1
9	147	1779	0.6934380531311035	0.75	0.1
9	148	1780	1.5955901145935059	0.25	0.1
9	149	1781	0.541973352432251	1.0	0.1
9	150	1782	0.6642641425132751	0.75	0.1
9	151	1783	0.8879009485244751	0.5	0.1
9	152	1784	1.0883456468582153	0.25	0.1
9	153	1785	1.1285691261291504	0.5	0.1
9	154	1786	0.6806184649467468	0.75	0.1
9	155	1787	1.3184924125671387	0.25	0.1
9	156	1788	0.6880764961242676	0.75	0.1
9	157	1789	0.6942880749702454	0.75	0.1
9	158	1790	1.2926857471466064	0.25	0.1
9	159	1791	0.8458260297775269	0.5	0.1
9	160	1792	0.7148367762565613	0.75	0.1
9	161	1793	0.84303879737854	0.5	0.1
9	162	1794	0.7184896469116211	0.75	0.1
9	163	1795	0.5955396294593811	1.0	0.1
9	164	1796	1.2742146253585815	0.25	0.1
9	165	1797	0.8304908275604248	0.5	0.1
9	166	1798	0.5582652688026428	1.0	0.1
9	167	1799	1.6511434316635132	0.25	0.1
9	168	1800	1.3125452995300293	0.25	0.1
9	169	1801	1.1441962718963623	0.5	0.1
9	170	1802	1.27351975440979	0.25	0.1
9	171	1803	1.1419050693511963	0.5	0.1
9	172	1804	0.8291025161743164	0.5	0.1
9	173	1805	0.843528151512146	0.5	0.1
9	174	1806	0.741071879863739	0.75	0.1
9	175	1807	0.8468508124351501	0.5	0.1
9	176	1808	0.7673709988594055	0.75	0.1
9	177	1809	0.759515106678009	0.75	0.1
9	178	1810	0.739294171333313	0.75	0.1
9	179	1811	1.5341590642929077	0.25	0.1
9	180	1812	1.256250262260437	0.25	0.1
9	181	1813	1.1236419677734375	0.5	0.1
9	182	1814	0.8420753479003906	0.5	0.1
9	183	1815	0.8475779891014099	0.5	0.1
9	184	1816	0.8308145403862	0.5	0.1
9	185	1817	0.754474401473999	0.75	0.1
9	186	1818	0.912551999092102	0.25	0.1
9	187	1819	0.743958592414856	0.75	0.1
9	188	1820	0.7480341196060181	0.75	0.1
9	189	1821	1.1413756608963013	0.5	0.1
9	190	1822	1.5711088180541992	0.25	0.1
9	191	1823	1.2193199396133423	0.25	0.1
9	192	1824	0.7442628741264343	0.75	0.1
9	193	1825	0.7461411952972412	0.75	0.1
9	194	1826	1.217592477798462	0.25	0.1
9	195	1827	0.8255433440208435	0.5	0.1
9	196	1828	0.7419324517250061	0.75	0.1
9	197	1829	0.730606198310852	0.75	0.1
9	198	1830	1.120370626449585	0.5	0.1
9	199	1831	1.2305545806884766	0.25	0.1
9	200	1832	1.115012288093567	0.5	0.1
9	201	1833	0.7290685176849365	0.75	0.1
9	202	1834	0.8576861619949341	0.5	0.1
9	203	1835	1.110114336013794	0.5	0.1
9	204	1836	1.4935798645019531	0.25	0.1
10	1	1837	1.2331631183624268	0.25	0.1
10	2	1838	0.6463519334793091	1.0	0.1
10	3	1839	0.6407759785652161	1.0	0.1
10	4	1840	1.2273038625717163	0.25	0.1
10	5	1841	1.0760537385940552	0.5	0.1
10	6	1842	1.0695457458496094	0.5	0.1
10	7	1843	0.7195857763290405	0.75	0.1
10	8	1844	1.0701063871383667	0.5	0.1
10	9	1845	0.8964455723762512	0.5	0.1
10	10	1846	0.9487652778625488	0.5	0.1
10	11	1847	1.2380454540252686	0.25	0.1
10	12	1848	0.591812789440155	1.0	0.1
10	13	1849	1.0606766939163208	0.5	0.1
10	14	1850	0.7351840734481812	0.75	0.1
10	15	1851	0.5528572797775269	1.0	0.1
10	16	1852	1.0444259643554688	0.5	0.1
10	17	1853	0.7681734561920166	0.75	0.1
10	18	1854	1.2482820749282837	0.5	0.1
10	19	1855	0.9113956093788147	0.5	0.1
10	20	1856	0.4531148672103882	1.0	0.1
10	21	1857	0.4422013759613037	1.0	0.1
10	22	1858	1.0857213735580444	0.5	0.1
10	23	1859	1.5570321083068848	0.25	0.1
10	24	1860	1.3699967861175537	0.25	0.1
10	25	1861	1.345139741897583	0.25	0.1
10	26	1862	1.381701946258545	0.25	0.1
10	27	1863	0.9454714059829712	0.5	0.1
10	28	1864	1.4431681632995605	0.25	0.1
10	29	1865	0.9300782680511475	0.5	0.1
10	30	1866	0.7342569828033447	1.0	0.1
10	31	1867	0.8090274930000305	0.75	0.1
10	32	1868	0.8628559708595276	0.5	0.1
10	33	1869	0.971785306930542	0.25	0.1
10	34	1870	0.8148832321166992	0.75	0.1
10	35	1871	1.1104955673217773	0.25	0.1
10	36	1872	1.0889712572097778	0.5	0.1
10	37	1873	1.1607389450073242	0.25	0.1
10	38	1874	0.8855400085449219	0.25	0.1
10	39	1875	0.8364040851593018	0.5	0.1
10	40	1876	0.8185330629348755	0.75	0.1
10	41	1877	1.1623038053512573	0.0	0.1
10	42	1878	0.8109349012374878	0.5	0.1
10	43	1879	1.173546552658081	0.25	0.1
10	44	1880	0.8522070050239563	0.0	0.1
10	45	1881	0.8633793592453003	0.25	0.1
10	46	1882	1.177571177482605	0.25	0.1
10	47	1883	0.7925344705581665	0.75	0.1
10	48	1884	1.2187469005584717	0.25	0.1
10	49	1885	0.7998473644256592	0.75	0.1
10	50	1886	0.8310483694076538	0.25	0.1
10	51	1887	0.7964766025543213	0.5	0.1
10	52	1888	0.7892398238182068	0.75	0.1
10	53	1889	0.8195502758026123	0.25	0.1
10	54	1890	0.8363141417503357	0.25	0.1
10	55	1891	1.2332594394683838	0.5	0.1
10	56	1892	0.7103365659713745	1.0	0.1
10	57	1893	1.2103288173675537	0.25	0.1
10	58	1894	0.7849730849266052	0.5	0.1
10	59	1895	1.151888132095337	0.5	0.1
10	60	1896	0.6228914856910706	1.0	0.1
10	61	1897	0.6564416289329529	0.75	0.1
10	62	1898	0.7926476001739502	0.5	0.1
10	63	1899	0.9787957668304443	0.25	0.1
10	64	1900	1.2109181880950928	0.5	0.1
10	65	1901	0.5499840974807739	1.0	0.1
10	66	1902	0.6869748830795288	0.75	0.1
10	67	1903	1.3117084503173828	0.25	0.1
10	68	1904	1.7256765365600586	0.25	0.1
10	69	1905	0.6930140256881714	0.75	0.1
10	70	1906	0.769848108291626	0.5	0.1
10	71	1907	0.8847670555114746	0.5	0.1
10	72	1908	0.9427523612976074	0.25	0.1
10	73	1909	0.795214056968689	0.5	0.1
10	74	1910	0.8174166679382324	0.5	0.1
10	75	1911	0.7314183115959167	0.75	0.1
10	76	1912	0.7856193780899048	0.5	0.1
10	77	1913	1.2183339595794678	0.5	0.1
10	78	1914	1.2257916927337646	0.25	0.1
10	79	1915	0.7212510108947754	0.75	0.1
10	80	1916	1.2361561059951782	0.25	0.1
10	81	1917	0.7392090559005737	0.75	0.1
10	82	1918	0.8198745250701904	0.5	0.1
10	83	1919	0.7920876741409302	0.5	0.1
10	84	1920	0.7321950197219849	0.75	0.1
10	85	1921	1.1250284910202026	0.75	0.1
10	86	1922	0.7727687358856201	0.5	0.1
10	87	1923	0.85272216796875	0.5	0.1
10	88	1924	0.8347591757774353	0.25	0.1
10	89	1925	0.7706894874572754	0.5	0.1
10	90	1926	0.6694753170013428	0.75	0.1
10	91	1927	1.726280927658081	0.25	0.1
10	92	1928	1.7117979526519775	0.25	0.1
10	93	1929	0.889119029045105	0.25	0.1
10	94	1930	0.7668066024780273	0.5	0.1
10	95	1931	1.2593456506729126	0.25	0.1
10	96	1932	1.2382771968841553	0.25	0.1
10	97	1933	1.1829262971878052	0.25	0.1
10	98	1934	0.8855938911437988	0.25	0.1
10	99	1935	0.8634212017059326	0.25	0.1
10	100	1936	1.1868765354156494	0.25	0.1
10	101	1937	0.883434534072876	0.0	0.1
10	102	1938	0.8442409634590149	0.5	0.1
10	103	1939	0.8007417917251587	0.75	0.1
10	104	1940	0.786538302898407	0.75	0.1
10	105	1941	0.9358147382736206	0.25	0.1
10	106	1942	0.7464173436164856	0.75	0.1
10	107	1943	1.5501412153244019	0.25	0.1
10	108	1944	0.9282006025314331	0.25	0.1
10	109	1945	0.7283817529678345	0.75	0.1
10	110	1946	0.7210739850997925	0.75	0.1
10	111	1947	0.8112256526947021	0.5	0.1
10	112	1948	0.8091139197349548	0.5	0.1
10	113	1949	0.7170573472976685	0.75	0.1
10	114	1950	1.6165064573287964	0.25	0.1
10	115	1951	1.1699155569076538	0.5	0.1
10	116	1952	0.6078665852546692	1.0	0.1
10	117	1953	0.8327805995941162	0.5	0.1
10	118	1954	0.6978744268417358	0.75	0.1
10	119	1955	1.1500756740570068	0.5	0.1
10	120	1956	1.0138604640960693	0.25	0.1
10	121	1957	0.8336395025253296	0.5	0.1
10	122	1958	0.5473108291625977	1.0	0.1
10	123	1959	0.6809154748916626	0.75	0.1
10	124	1960	0.6747329235076904	0.75	0.1
10	125	1961	0.6666945815086365	0.75	0.1
10	126	1962	0.6586942076683044	0.75	0.1
10	127	1963	0.8522481322288513	0.5	0.1
10	128	1964	0.8576376438140869	0.5	0.1
10	129	1965	0.8431082963943481	0.5	0.1
10	130	1966	0.8292588591575623	0.5	0.1
10	131	1967	0.998741865158081	0.25	0.1
10	132	1968	0.6632837653160095	0.75	0.1
10	133	1969	1.3400933742523193	0.25	0.1
10	134	1970	1.232325553894043	0.5	0.1
10	135	1971	1.2305068969726562	0.5	0.1
10	136	1972	1.2516309022903442	0.5	0.1
10	137	1973	1.2736132144927979	0.25	0.1
10	138	1974	0.7609763741493225	0.75	0.1
10	139	1975	1.2254153490066528	0.25	0.1
10	140	1976	0.7652093768119812	0.75	0.1
10	141	1977	0.764230489730835	0.75	0.1
10	142	1978	0.7568070888519287	0.75	0.1
10	143	1979	0.7315125465393066	0.75	0.1
10	144	1980	1.2604824304580688	0.25	0.1
10	145	1981	1.620221734046936	0.25	0.1
10	146	1982	0.822899341583252	0.5	0.1
10	147	1983	1.1196907758712769	0.5	0.1
10	148	1984	0.9404919743537903	0.25	0.1
10	149	1985	0.8314178586006165	0.5	0.1
10	150	1986	0.736038863658905	0.75	0.1
10	151	1987	0.8898451924324036	0.25	0.1
10	152	1988	1.1656062602996826	0.25	0.1
10	153	1989	0.8019098043441772	0.5	0.1
10	154	1990	1.5529934167861938	0.0	0.1
10	155	1991	1.181167483329773	0.25	0.1
10	156	1992	1.1485576629638672	0.5	0.1
10	157	1993	1.1731466054916382	0.25	0.1
10	158	1994	0.8798773288726807	0.25	0.1
10	159	1995	1.1524150371551514	0.25	0.1
10	160	1996	0.8578283786773682	0.0	0.1
10	161	1997	0.8380206823348999	0.75	0.1
10	162	1998	1.3941439390182495	0.25	0.1
10	163	1999	0.8103435039520264	0.75	0.1
10	164	2000	0.867660403251648	0.5	0.1
10	165	2001	0.8707507252693176	0.5	0.1
10	166	2002	1.0724215507507324	0.5	0.1
10	167	2003	1.214914321899414	0.25	0.1
10	168	2004	1.0947335958480835	0.5	0.1
10	169	2005	1.3860498666763306	0.25	0.1
10	170	2006	0.6852553486824036	1.0	0.1
10	171	2007	0.777451753616333	0.75	0.1
10	172	2008	1.1770038604736328	0.25	0.1
10	173	2009	1.0784096717834473	0.5	0.1
10	174	2010	0.914951741695404	0.5	0.1
10	175	2011	0.9126236438751221	0.5	0.1
10	176	2012	1.0786547660827637	0.5	0.1
10	177	2013	0.7779904007911682	0.75	0.1
10	178	2014	0.7618943452835083	0.75	0.1
10	179	2015	0.754854679107666	0.75	0.1
10	180	2016	0.8989255428314209	0.5	0.1
10	181	2017	0.8825739026069641	0.5	0.1
10	182	2018	1.1119831800460815	0.5	0.1
10	183	2019	0.5581446886062622	1.0	0.1
10	184	2020	1.295967698097229	0.25	0.1
10	185	2021	0.8688158392906189	0.5	0.1
10	186	2022	1.1321921348571777	0.5	0.1
10	187	2023	0.8538153171539307	0.5	0.1
10	188	2024	0.8428503274917603	0.5	0.1
10	189	2025	0.7098791003227234	0.75	0.1
10	190	2026	1.5781657695770264	0.25	0.1
10	191	2027	0.9320783615112305	0.25	0.1
10	192	2028	1.1423022747039795	0.5	0.1
10	193	2029	0.8138891458511353	0.5	0.1
10	194	2030	0.8110902309417725	0.5	0.1
10	195	2031	0.8389221429824829	0.25	0.1
10	196	2032	1.1622612476348877	0.5	0.1
10	197	2033	0.8165820837020874	0.25	0.1
10	198	2034	0.7998373508453369	0.75	0.1
10	199	2035	0.8225727081298828	0.25	0.1
10	200	2036	0.7948431968688965	0.5	0.1
10	201	2037	0.8050225377082825	0.25	0.1
10	202	2038	0.7846153378486633	0.5	0.1
10	203	2039	0.7842268347740173	0.5	0.1
10	204	2040	0.7322791814804077	0.75	0.1
11	1	2041	1.1894419193267822	0.5	0.1
11	2	2042	1.29249107837677	0.25	0.1
11	3	2043	0.6862492561340332	0.75	0.1
11	4	2044	1.6965177059173584	0.25	0.1
11	5	2045	0.551294207572937	1.0	0.1
11	6	2046	0.666320264339447	0.75	0.1
11	7	2047	1.3532860279083252	0.25	0.1
11	8	2048	1.1647961139678955	0.5	0.1
